#
# There is insufficient memory for the Java Runtime Environment to continue.
# Native memory allocation (malloc) failed to allocate 32744 bytes for ChunkPool::allocate
# Possible reasons:
#   The system is out of physical RAM or swap space
#   The process is running with CompressedOops enabled, and the Java Heap may be blocking the growth of the native heap
# Possible solutions:
#   Reduce memory load on the system
#   Increase physical memory or swap space
#   Check if swap backing store is full
#   Decrease Java heap size (-Xmx/-Xms)
#   Decrease number of Java threads
#   Decrease Java thread stack sizes (-Xss)
#   Set larger code cache with -XX:ReservedCodeCacheSize=
#   JVM is running with Unscaled Compressed Oops mode in which the Java heap is
#     placed in the first 4GB address space. The Java Heap base address is the
#     maximum limit for the native heap growth. Please use -XX:HeapBaseMinAddress
#     to set the Java Heap base and to place the Java Heap above 4GB virtual address.
# This output file may be truncated or incomplete.
#
#  Out of Memory Error (allocation.cpp:272), pid=11872, tid=0x0000000000003258
#
# JRE version: Java(TM) SE Runtime Environment (8.0_241-b07) (build 1.8.0_241-b07)
# Java VM: Java HotSpot(TM) 64-Bit Server VM (25.241-b07 mixed mode windows-amd64 compressed oops)
# Failed to write core dump. Minidumps are not enabled by default on client versions of Windows
#

---------------  T H R E A D  ---------------

Current thread (0x0000000013af5800):  JavaThread "C2 CompilerThread1" daemon [_thread_in_native, id=12888, stack(0x00000000151f0000,0x00000000152f0000)]

Stack: [0x00000000151f0000,0x00000000152f0000]
[error occurred during error reporting (printing stack bounds), id 0xc0000005]

Native frames: (J=compiled Java code, j=interpreted, Vv=VM code, C=native code)


Current CompileTask:
C2:  19483 4067       4       com.sun.beans.TypeResolver::resolve (37 bytes)


---------------  P R O C E S S  ---------------

Java Threads: ( => current thread )
  0x0000000016303000 JavaThread "Cache worker for execution history cache (D:\codeGYM\C1221G1-tr-n-lu-t\C1221G1_[TranNgocLuat]_Module4\ss10_session_cookie_spring\practice\product\.gradle\7.4.1\executionHistory)" [_thread_blocked, id=8980, stack(0x0000000020d40000,0x0000000020e40000)]
  0x00000000162fb800 JavaThread "Execution worker for ':' Thread 3" [_thread_blocked, id=13224, stack(0x0000000020c40000,0x0000000020d40000)]
  0x0000000016302800 JavaThread "Execution worker for ':' Thread 2" [_thread_blocked, id=12120, stack(0x0000000020b40000,0x0000000020c40000)]
  0x00000000162fb000 JavaThread "Execution worker for ':'" [_thread_blocked, id=8016, stack(0x0000000020a40000,0x0000000020b40000)]
  0x00000000162fe000 JavaThread "included builds" [_thread_in_vm, id=9744, stack(0x0000000020940000,0x0000000020a40000)]
  0x00000000162fd000 JavaThread "Memory manager" [_thread_blocked, id=9344, stack(0x0000000020440000,0x0000000020540000)]
  0x0000000016301800 JavaThread "Unconstrained build operations Thread 19" [_thread_blocked, id=7192, stack(0x0000000020140000,0x0000000020240000)]
  0x00000000162fa000 JavaThread "Unconstrained build operations Thread 18" [_thread_blocked, id=9156, stack(0x0000000020040000,0x0000000020140000)]
  0x00000000162ff800 JavaThread "Unconstrained build operations Thread 17" [_thread_blocked, id=12544, stack(0x000000001ff40000,0x0000000020040000)]
  0x0000000016301000 JavaThread "Unconstrained build operations Thread 16" [_thread_blocked, id=7024, stack(0x000000001fe40000,0x000000001ff40000)]
  0x00000000162fc800 JavaThread "Unconstrained build operations Thread 15" [_thread_blocked, id=5808, stack(0x000000001fd40000,0x000000001fe40000)]
  0x0000000016300000 JavaThread "Unconstrained build operations Thread 14" [_thread_blocked, id=1816, stack(0x000000001fc40000,0x000000001fd40000)]
  0x00000000162f9800 JavaThread "Unconstrained build operations Thread 13" [_thread_blocked, id=6184, stack(0x000000001fb40000,0x000000001fc40000)]
  0x0000000019eba800 JavaThread "Unconstrained build operations Thread 12" [_thread_blocked, id=8248, stack(0x000000001f940000,0x000000001fa40000)]
  0x0000000019eb3000 JavaThread "Unconstrained build operations Thread 11" [_thread_blocked, id=9068, stack(0x000000001f840000,0x000000001f940000)]
  0x0000000019eb9800 JavaThread "Unconstrained build operations Thread 10" [_thread_blocked, id=5332, stack(0x000000001f740000,0x000000001f840000)]
  0x0000000019eb2000 JavaThread "Unconstrained build operations Thread 9" [_thread_blocked, id=8464, stack(0x000000001f640000,0x000000001f740000)]
  0x0000000019eb7800 JavaThread "Unconstrained build operations Thread 8" [_thread_blocked, id=10636, stack(0x000000001f540000,0x000000001f640000)]
  0x0000000019eb9000 JavaThread "Unconstrained build operations Thread 7" [_thread_blocked, id=9588, stack(0x000000001f440000,0x000000001f540000)]
  0x0000000019eb8000 JavaThread "Unconstrained build operations Thread 6" [_thread_blocked, id=11728, stack(0x000000001f340000,0x000000001f440000)]
  0x0000000019eb6800 JavaThread "Unconstrained build operations Thread 5" [_thread_blocked, id=4964, stack(0x000000001f240000,0x000000001f340000)]
  0x0000000019eb0000 JavaThread "Unconstrained build operations Thread 4" [_thread_blocked, id=6684, stack(0x000000001f140000,0x000000001f240000)]
  0x0000000019eaf000 JavaThread "Unconstrained build operations Thread 3" [_thread_blocked, id=11376, stack(0x000000001f040000,0x000000001f140000)]
  0x0000000019eb6000 JavaThread "Unconstrained build operations Thread 2" [_thread_blocked, id=2916, stack(0x000000001ef40000,0x000000001f040000)]
  0x0000000019eb5000 JavaThread "Unconstrained build operations" [_thread_blocked, id=3612, stack(0x000000001ee40000,0x000000001ef40000)]
  0x0000000019eb3800 JavaThread "Cache worker for Build Output Cleanup Cache (D:\codeGYM\C1221G1-tr-n-lu-t\C1221G1_[TranNgocLuat]_Module4\ss10_session_cookie_spring\practice\product\.gradle\buildOutputCleanup)" [_thread_blocked, id=4000, stack(0x000000001ed40000,0x000000001ee40000)]
  0x0000000019eb4800 JavaThread "Cache worker for dependencies-accessors (D:\codeGYM\C1221G1-tr-n-lu-t\C1221G1_[TranNgocLuat]_Module4\ss10_session_cookie_spring\practice\product\.gradle\7.4.1\dependencies-accessors)" [_thread_blocked, id=6524, stack(0x000000001e640000,0x000000001e740000)]
  0x0000000019ead000 JavaThread "jar transforms Thread 4" [_thread_blocked, id=5916, stack(0x000000001e540000,0x000000001e640000)]
  0x0000000019eae800 JavaThread "jar transforms Thread 3" [_thread_blocked, id=10048, stack(0x000000001e440000,0x000000001e540000)]
  0x0000000019eb1800 JavaThread "Cache worker for file content cache (C:\Users\Administrator\.gradle\caches\7.4.1\fileContent)" [_thread_blocked, id=1472, stack(0x000000001e140000,0x000000001e240000)]
  0x0000000019eb0800 JavaThread "jar transforms Thread 2" [_thread_blocked, id=2444, stack(0x000000001dc40000,0x000000001dd40000)]
  0x0000000019ead800 JavaThread "jar transforms" [_thread_blocked, id=1244, stack(0x000000001db40000,0x000000001dc40000)]
  0x0000000019eac000 JavaThread "Cache worker for execution history cache (C:\Users\Administrator\.gradle\caches\7.4.1\executionHistory)" [_thread_blocked, id=7940, stack(0x000000001d840000,0x000000001d940000)]
  0x0000000015bd6800 JavaThread "Cache worker for cache directory md-supplier (C:\Users\Administrator\.gradle\caches\7.4.1\md-supplier)" [_thread_blocked, id=6792, stack(0x000000001d740000,0x000000001d840000)]
  0x0000000015bd6000 JavaThread "Cache worker for file hash cache (D:\codeGYM\C1221G1-tr-n-lu-t\C1221G1_[TranNgocLuat]_Module4\ss10_session_cookie_spring\practice\product\.gradle\7.4.1\fileHashes)" [_thread_blocked, id=12280, stack(0x000000001d440000,0x000000001d540000)]
  0x0000000015bd5000 JavaThread "Cache worker for cache directory md-rule (C:\Users\Administrator\.gradle\caches\7.4.1\md-rule)" [_thread_blocked, id=10392, stack(0x000000001d340000,0x000000001d440000)]
  0x0000000015bd3000 JavaThread "Cache worker for checksums cache (D:\codeGYM\C1221G1-tr-n-lu-t\C1221G1_[TranNgocLuat]_Module4\ss10_session_cookie_spring\practice\product\.gradle\7.4.1\checksums)" [_thread_blocked, id=6444, stack(0x000000001d240000,0x000000001d340000)]
  0x0000000015bd8000 JavaThread "File watcher consumer" daemon [_thread_blocked, id=1112, stack(0x000000001cf40000,0x000000001d040000)]
  0x0000000015bd4800 JavaThread "File watcher server" daemon [_thread_in_native, id=9312, stack(0x000000001bc10000,0x000000001bd10000)]
  0x0000000015bd3800 JavaThread "File lock release action executor" [_thread_blocked, id=2204, stack(0x000000001bb10000,0x000000001bc10000)]
  0x0000000015bd7800 JavaThread "Cache worker for file hash cache (C:\Users\Administrator\.gradle\caches\7.4.1\fileHashes)" [_thread_blocked, id=11432, stack(0x0000000019870000,0x0000000019970000)]
  0x0000000015bd1800 JavaThread "File lock request listener" [_thread_in_native, id=10196, stack(0x0000000019610000,0x0000000019710000)]
  0x0000000015bd2000 JavaThread "Cache worker for journal cache (C:\Users\Administrator\.gradle\caches\journal-1)" [_thread_blocked, id=3376, stack(0x0000000019770000,0x0000000019870000)]
  0x0000000017584000 JavaThread "Daemon client event forwarder" [_thread_blocked, id=10836, stack(0x0000000019310000,0x0000000019410000)]
  0x0000000017581800 JavaThread "Stdin handler" [_thread_blocked, id=6520, stack(0x0000000019210000,0x0000000019310000)]
  0x00000000175ef000 JavaThread "Asynchronous log dispatcher for DefaultDaemonConnection: socket connection from /127.0.0.1:65199 to /127.0.0.1:65200" [_thread_blocked, id=6632, stack(0x0000000019110000,0x0000000019210000)]
  0x00000000175d9000 JavaThread "Daemon worker" [_thread_blocked, id=4676, stack(0x0000000019010000,0x0000000019110000)]
  0x0000000017609000 JavaThread "Cancel handler" [_thread_blocked, id=2964, stack(0x0000000018f10000,0x0000000019010000)]
  0x000000001749d000 JavaThread "Handler for socket connection from /127.0.0.1:65199 to /127.0.0.1:65200" [_thread_in_native, id=12352, stack(0x0000000018e10000,0x0000000018f10000)]
  0x00000000175f8800 JavaThread "Daemon" [_thread_blocked, id=11948, stack(0x0000000018d10000,0x0000000018e10000)]
  0x0000000017475800 JavaThread "Daemon periodic checks" [_thread_blocked, id=2072, stack(0x0000000018c10000,0x0000000018d10000)]
  0x0000000017475000 JavaThread "Incoming local TCP Connector on port 65199" [_thread_in_native, id=420, stack(0x00000000187d0000,0x00000000188d0000)]
  0x000000001731d800 JavaThread "Daemon health stats" [_thread_blocked, id=716, stack(0x0000000018390000,0x0000000018490000)]
  0x00000000152fc000 JavaThread "Service Thread" daemon [_thread_blocked, id=11660, stack(0x00000000157f0000,0x00000000158f0000)]
  0x00000000152f8800 JavaThread "C1 CompilerThread2" daemon [_thread_blocked, id=1820, stack(0x00000000156f0000,0x00000000157f0000)]
=>0x0000000013af5800 JavaThread "C2 CompilerThread1" daemon [_thread_in_native, id=12888, stack(0x00000000151f0000,0x00000000152f0000)]
  0x0000000013aa5000 JavaThread "C2 CompilerThread0" daemon [_thread_in_native, id=8640, stack(0x00000000150f0000,0x00000000151f0000)]
  0x0000000013aa3000 JavaThread "Attach Listener" daemon [_thread_blocked, id=11608, stack(0x0000000014ff0000,0x00000000150f0000)]
  0x0000000013aa1800 JavaThread "Signal Dispatcher" daemon [_thread_blocked, id=2412, stack(0x0000000014ef0000,0x0000000014ff0000)]
  0x000000000272a800 JavaThread "Finalizer" daemon [_thread_blocked, id=4672, stack(0x0000000014cf0000,0x0000000014df0000)]
  0x0000000013a8a000 JavaThread "Reference Handler" daemon [_thread_blocked, id=5428, stack(0x0000000014bf0000,0x0000000014cf0000)]
  0x000000000252d800 JavaThread "main" [_thread_blocked, id=2692, stack(0x0000000002340000,0x0000000002440000)]

Other Threads:
  0x0000000013a68000 VMThread [stack: 0x0000000014af0000,0x0000000014bf0000] [id=6224]
  0x00000000152fd800 WatcherThread [stack: 0x00000000158f0000,0x00000000159f0000] [id=13072]

VM state:not at safepoint (normal execution)

VM Mutex/Monitor currently owned by a thread:  ([mutex/lock_event])
[0x000000000252d360] SystemDictionary_lock - owner thread: 0x0000000000000000

heap address: 0x00000000e0000000, size: 512 MB, Compressed Oops mode: 32-bit
Narrow klass base: 0x0000000000000000, Narrow klass shift: 3
Compressed class space size: 1073741824 Address: 0x0000000100000000

Heap:
 PSYoungGen      total 141824K, used 42476K [0x00000000f5580000, 0x0000000100000000, 0x0000000100000000)
  eden space 129024K, 24% used [0x00000000f5580000,0x00000000f7429840,0x00000000fd380000)
  from space 12800K, 86% used [0x00000000fd380000,0x00000000fde519a0,0x00000000fe000000)
  to   space 13824K, 0% used [0x00000000ff280000,0x00000000ff280000,0x0000000100000000)
 ParOldGen       total 175104K, used 15210K [0x00000000e0000000, 0x00000000eab00000, 0x00000000f5580000)
  object space 175104K, 8% used [0x00000000e0000000,0x00000000e0edaa30,0x00000000eab00000)
 Metaspace       used 46672K, capacity 49648K, committed 49920K, reserved 1091584K
  class space    used 6855K, capacity 7402K, committed 7424K, reserved 1048576K

Card table byte_map: [0x0000000011af0000,0x0000000011c00000] byte_map_base: 0x00000000113f0000

Marking Bits: (ParMarkBitMap*) 0x0000000059d2be30
 Begin Bits: [0x0000000012000000, 0x0000000012800000)
 End Bits:   [0x0000000012800000, 0x0000000013000000)

Polling page: 0x0000000002260000

CodeCache: size=245760Kb used=12798Kb max_used=12975Kb free=232961Kb
 bounds [0x0000000002730000, 0x00000000033f0000, 0x0000000011730000]
 total_blobs=4372 nmethods=3621 adapters=663
 compilation: enabled

Compilation events (10 events):
Event: 19.452 Thread 0x00000000152f8800 4136       3       com.google.common.collect.Interners$InternerImpl::intern (50 bytes)
Event: 19.453 Thread 0x00000000152f8800 nmethod 4136 0x000000000287e790 code [0x000000000287ea00, 0x000000000287f938]
Event: 19.454 Thread 0x00000000152f8800 4137       3       org.gradle.api.internal.cache.StringInterner::intern (9 bytes)
Event: 19.455 Thread 0x00000000152f8800 nmethod 4137 0x00000000028acf10 code [0x00000000028ad0a0, 0x00000000028ad548]
Event: 19.458 Thread 0x00000000152f8800 4139       3       java.lang.invoke.LambdaFormEditor$Transform::of (49 bytes)
Event: 19.458 Thread 0x00000000152f8800 nmethod 4139 0x00000000029fefd0 code [0x00000000029ff1e0, 0x00000000029ffb98]
Event: 19.462 Thread 0x00000000152f8800 4140       1       java.util.stream.Collectors$CollectorImpl::characteristics (5 bytes)
Event: 19.462 Thread 0x00000000152f8800 nmethod 4140 0x0000000002e7f790 code [0x0000000002e7f8e0, 0x0000000002e7f9f0]
Event: 19.478 Thread 0x00000000152f8800 4142       3       sun.invoke.util.Wrapper::isDoubleWord (15 bytes)
Event: 19.478 Thread 0x00000000152f8800 nmethod 4142 0x0000000002c58b90 code [0x0000000002c58ce0, 0x0000000002c58e90]

GC Heap History (10 events):
Event: 11.951 GC heap before
{Heap before GC invocations=7 (full 1):
 PSYoungGen      total 76288K, used 70358K [0x00000000f5580000, 0x00000000fc880000, 0x0000000100000000)
  eden space 65536K, 100% used [0x00000000f5580000,0x00000000f9580000,0x00000000f9580000)
  from space 10752K, 44% used [0x00000000f9580000,0x00000000f9a35a40,0x00000000fa000000)
  to   space 13312K, 0% used [0x00000000fbb80000,0x00000000fbb80000,0x00000000fc880000)
 ParOldGen       total 175104K, used 10134K [0x00000000e0000000, 0x00000000eab00000, 0x00000000f5580000)
  object space 175104K, 5% used [0x00000000e0000000,0x00000000e09e5a38,0x00000000eab00000)
 Metaspace       used 32671K, capacity 34014K, committed 34176K, reserved 1079296K
  class space    used 4630K, capacity 4941K, committed 4992K, reserved 1048576K
Event: 11.982 GC heap after
Heap after GC invocations=7 (full 1):
 PSYoungGen      total 103936K, used 9995K [0x00000000f5580000, 0x00000000fc980000, 0x0000000100000000)
  eden space 90624K, 0% used [0x00000000f5580000,0x00000000f5580000,0x00000000fae00000)
  from space 13312K, 75% used [0x00000000fbb80000,0x00000000fc542ea8,0x00000000fc880000)
  to   space 13824K, 0% used [0x00000000fae00000,0x00000000fae00000,0x00000000fbb80000)
 ParOldGen       total 175104K, used 10142K [0x00000000e0000000, 0x00000000eab00000, 0x00000000f5580000)
  object space 175104K, 5% used [0x00000000e0000000,0x00000000e09e7a38,0x00000000eab00000)
 Metaspace       used 32671K, capacity 34014K, committed 34176K, reserved 1079296K
  class space    used 4630K, capacity 4941K, committed 4992K, reserved 1048576K
}
Event: 12.638 GC heap before
{Heap before GC invocations=8 (full 1):
 PSYoungGen      total 103936K, used 39128K [0x00000000f5580000, 0x00000000fc980000, 0x0000000100000000)
  eden space 90624K, 32% used [0x00000000f5580000,0x00000000f71f3240,0x00000000fae00000)
  from space 13312K, 75% used [0x00000000fbb80000,0x00000000fc542ea8,0x00000000fc880000)
  to   space 13824K, 0% used [0x00000000fae00000,0x00000000fae00000,0x00000000fbb80000)
 ParOldGen       total 175104K, used 10142K [0x00000000e0000000, 0x00000000eab00000, 0x00000000f5580000)
  object space 175104K, 5% used [0x00000000e0000000,0x00000000e09e7a38,0x00000000eab00000)
 Metaspace       used 33950K, capacity 35326K, committed 35456K, reserved 1079296K
  class space    used 4855K, capacity 5149K, committed 5248K, reserved 1048576K
Event: 12.653 GC heap after
Heap after GC invocations=8 (full 1):
 PSYoungGen      total 104448K, used 7911K [0x00000000f5580000, 0x00000000fee80000, 0x0000000100000000)
  eden space 90624K, 0% used [0x00000000f5580000,0x00000000f5580000,0x00000000fae00000)
  from space 13824K, 57% used [0x00000000fae00000,0x00000000fb5b9c30,0x00000000fbb80000)
  to   space 12800K, 0% used [0x00000000fe200000,0x00000000fe200000,0x00000000fee80000)
 ParOldGen       total 175104K, used 10142K [0x00000000e0000000, 0x00000000eab00000, 0x00000000f5580000)
  object space 175104K, 5% used [0x00000000e0000000,0x00000000e09e7a38,0x00000000eab00000)
 Metaspace       used 33950K, capacity 35326K, committed 35456K, reserved 1079296K
  class space    used 4855K, capacity 5149K, committed 5248K, reserved 1048576K
}
Event: 12.653 GC heap before
{Heap before GC invocations=9 (full 2):
 PSYoungGen      total 104448K, used 7911K [0x00000000f5580000, 0x00000000fee80000, 0x0000000100000000)
  eden space 90624K, 0% used [0x00000000f5580000,0x00000000f5580000,0x00000000fae00000)
  from space 13824K, 57% used [0x00000000fae00000,0x00000000fb5b9c30,0x00000000fbb80000)
  to   space 12800K, 0% used [0x00000000fe200000,0x00000000fe200000,0x00000000fee80000)
 ParOldGen       total 175104K, used 10142K [0x00000000e0000000, 0x00000000eab00000, 0x00000000f5580000)
  object space 175104K, 5% used [0x00000000e0000000,0x00000000e09e7a38,0x00000000eab00000)
 Metaspace       used 33950K, capacity 35326K, committed 35456K, reserved 1079296K
  class space    used 4855K, capacity 5149K, committed 5248K, reserved 1048576K
Event: 12.725 GC heap after
Heap after GC invocations=9 (full 2):
 PSYoungGen      total 104448K, used 0K [0x00000000f5580000, 0x00000000fee80000, 0x0000000100000000)
  eden space 90624K, 0% used [0x00000000f5580000,0x00000000f5580000,0x00000000fae00000)
  from space 13824K, 0% used [0x00000000fae00000,0x00000000fae00000,0x00000000fbb80000)
  to   space 12800K, 0% used [0x00000000fe200000,0x00000000fe200000,0x00000000fee80000)
 ParOldGen       total 175104K, used 15202K [0x00000000e0000000, 0x00000000eab00000, 0x00000000f5580000)
  object space 175104K, 8% used [0x00000000e0000000,0x00000000e0ed8a30,0x00000000eab00000)
 Metaspace       used 33950K, capacity 35326K, committed 35456K, reserved 1079296K
  class space    used 4855K, capacity 5149K, committed 5248K, reserved 1048576K
}
Event: 14.296 GC heap before
{Heap before GC invocations=10 (full 2):
 PSYoungGen      total 104448K, used 90624K [0x00000000f5580000, 0x00000000fee80000, 0x0000000100000000)
  eden space 90624K, 100% used [0x00000000f5580000,0x00000000fae00000,0x00000000fae00000)
  from space 13824K, 0% used [0x00000000fae00000,0x00000000fae00000,0x00000000fbb80000)
  to   space 12800K, 0% used [0x00000000fe200000,0x00000000fe200000,0x00000000fee80000)
 ParOldGen       total 175104K, used 15202K [0x00000000e0000000, 0x00000000eab00000, 0x00000000f5580000)
  object space 175104K, 8% used [0x00000000e0000000,0x00000000e0ed8a30,0x00000000eab00000)
 Metaspace       used 38813K, capacity 40450K, committed 40704K, reserved 1083392K
  class space    used 5524K, capacity 5841K, committed 5888K, reserved 1048576K
Event: 14.304 GC heap after
Heap after GC invocations=10 (full 2):
 PSYoungGen      total 139776K, used 5965K [0x00000000f5580000, 0x00000000fec80000, 0x0000000100000000)
  eden space 129024K, 0% used [0x00000000f5580000,0x00000000f5580000,0x00000000fd380000)
  from space 10752K, 55% used [0x00000000fe200000,0x00000000fe7d3638,0x00000000fec80000)
  to   space 12800K, 0% used [0x00000000fd380000,0x00000000fd380000,0x00000000fe000000)
 ParOldGen       total 175104K, used 15202K [0x00000000e0000000, 0x00000000eab00000, 0x00000000f5580000)
  object space 175104K, 8% used [0x00000000e0000000,0x00000000e0ed8a30,0x00000000eab00000)
 Metaspace       used 38813K, capacity 40450K, committed 40704K, reserved 1083392K
  class space    used 5524K, capacity 5841K, committed 5888K, reserved 1048576K
}
Event: 18.700 GC heap before
{Heap before GC invocations=11 (full 2):
 PSYoungGen      total 139776K, used 134989K [0x00000000f5580000, 0x00000000fec80000, 0x0000000100000000)
  eden space 129024K, 100% used [0x00000000f5580000,0x00000000fd380000,0x00000000fd380000)
  from space 10752K, 55% used [0x00000000fe200000,0x00000000fe7d3638,0x00000000fec80000)
  to   space 12800K, 0% used [0x00000000fd380000,0x00000000fd380000,0x00000000fe000000)
 ParOldGen       total 175104K, used 15202K [0x00000000e0000000, 0x00000000eab00000, 0x00000000f5580000)
  object space 175104K, 8% used [0x00000000e0000000,0x00000000e0ed8a30,0x00000000eab00000)
 Metaspace       used 45243K, capacity 48012K, committed 48128K, reserved 1089536K
  class space    used 6596K, capacity 7120K, committed 7168K, reserved 1048576K
Event: 18.728 GC heap after
Heap after GC invocations=11 (full 2):
 PSYoungGen      total 141824K, used 11078K [0x00000000f5580000, 0x0000000100000000, 0x0000000100000000)
  eden space 129024K, 0% used [0x00000000f5580000,0x00000000f5580000,0x00000000fd380000)
  from space 12800K, 86% used [0x00000000fd380000,0x00000000fde519a0,0x00000000fe000000)
  to   space 13824K, 0% used [0x00000000ff280000,0x00000000ff280000,0x0000000100000000)
 ParOldGen       total 175104K, used 15210K [0x00000000e0000000, 0x00000000eab00000, 0x00000000f5580000)
  object space 175104K, 8% used [0x00000000e0000000,0x00000000e0edaa30,0x00000000eab00000)
 Metaspace       used 45243K, capacity 48012K, committed 48128K, reserved 1089536K
  class space    used 6596K, capacity 7120K, committed 7168K, reserved 1048576K
}

Deoptimization events (10 events):
Event: 18.638 Thread 0x00000000175d9000 Uncommon trap: reason=bimorphic action=maybe_recompile pc=0x000000000331af54 method=java.util.stream.ReferencePipeline$2$1.accept(Ljava/lang/Object;)V @ 21
Event: 18.657 Thread 0x00000000175d9000 Uncommon trap: reason=bimorphic action=maybe_recompile pc=0x000000000331af54 method=java.util.stream.ReferencePipeline$2$1.accept(Ljava/lang/Object;)V @ 21
Event: 18.738 Thread 0x00000000175d9000 Uncommon trap: reason=unstable_if action=reinterpret pc=0x00000000032ad250 method=org.objectweb.asm.Type.getArgumentsAndReturnSizes(Ljava/lang/String;)I @ 117
Event: 18.738 Thread 0x00000000175d9000 Uncommon trap: reason=unstable_if action=reinterpret pc=0x0000000003134be8 method=org.objectweb.asm.Type.getArgumentsAndReturnSizes(Ljava/lang/String;)I @ 117
Event: 19.016 Thread 0x00000000175d9000 Uncommon trap: reason=bimorphic action=maybe_recompile pc=0x00000000032968b8 method=com.google.common.collect.AbstractIndexedListIterator.next()Ljava/lang/Object; @ 27
Event: 19.018 Thread 0x00000000175d9000 Uncommon trap: reason=bimorphic action=maybe_recompile pc=0x00000000032968b8 method=com.google.common.collect.AbstractIndexedListIterator.next()Ljava/lang/Object; @ 27
Event: 19.018 Thread 0x00000000175d9000 Uncommon trap: reason=bimorphic action=maybe_recompile pc=0x00000000032968b8 method=com.google.common.collect.AbstractIndexedListIterator.next()Ljava/lang/Object; @ 27
Event: 19.018 Thread 0x00000000175d9000 Uncommon trap: reason=bimorphic action=maybe_recompile pc=0x00000000032968b8 method=com.google.common.collect.AbstractIndexedListIterator.next()Ljava/lang/Object; @ 27
Event: 19.031 Thread 0x00000000175d9000 Uncommon trap: reason=unstable_if action=reinterpret pc=0x000000000319d7d8 method=java.lang.invoke.MethodType.checkPtypes([Ljava/lang/Class;)I @ 40
Event: 19.220 Thread 0x0000000017584000 Uncommon trap: reason=unstable_if action=reinterpret pc=0x0000000002ee33d0 method=java.lang.Class.arrayContentsEq([Ljava/lang/Object;[Ljava/lang/Object;)Z @ 1

Classes redefined (0 events):
No events

Internal exceptions (10 events):
Event: 19.239 Thread 0x00000000162fe000 Exception <a 'java/lang/ClassNotFoundException': org/gradle/api/tasks/SourceTaskBeanInfo> (0x00000000f6b55c70) thrown at [C:\ade\jenkins\workspace\8-2-build-windows-amd64-cygwin\jdk8u241\331\hotspot\src\share\vm\classfile\systemDictionary.cpp, line 210]
Event: 19.239 Thread 0x00000000162fe000 Exception <a 'java/lang/ClassNotFoundException': org/gradle/api/tasks/SourceTaskCustomizer> (0x00000000f6c56af8) thrown at [C:\ade\jenkins\workspace\8-2-build-windows-amd64-cygwin\jdk8u241\331\hotspot\src\share\vm\classfile\systemDictionary.cpp, line 210]
Event: 19.247 Thread 0x00000000162fe000 Exception <a 'java/lang/ClassNotFoundException': org/gradle/api/tasks/compile/AbstractCompileCustomizer> (0x00000000f6cbaaa8) thrown at [C:\ade\jenkins\workspace\8-2-build-windows-amd64-cygwin\jdk8u241\331\hotspot\src\share\vm\classfile\systemDictionary.c
Event: 19.249 Thread 0x00000000162fe000 Exception <a 'java/lang/ClassNotFoundException': org/gradle/api/tasks/compile/JavaCompileCustomizer> (0x00000000f6d0dd98) thrown at [C:\ade\jenkins\workspace\8-2-build-windows-amd64-cygwin\jdk8u241\331\hotspot\src\share\vm\classfile\systemDictionary.cpp, 
Event: 19.252 Thread 0x00000000162fe000 Exception <a 'java/lang/ClassNotFoundException': org/gradle/api/tasks/compile/JavaCompile_DecoratedCustomizer> (0x00000000f6d66778) thrown at [C:\ade\jenkins\workspace\8-2-build-windows-amd64-cygwin\jdk8u241\331\hotspot\src\share\vm\classfile\systemDictio
Event: 19.265 Thread 0x00000000162fe000 Exception <a 'java/lang/ClassNotFoundException': java/lang/ClassBeanInfo> (0x00000000f6e2f0a0) thrown at [C:\ade\jenkins\workspace\8-2-build-windows-amd64-cygwin\jdk8u241\331\hotspot\src\share\vm\classfile\systemDictionary.cpp, line 210]
Event: 19.265 Thread 0x00000000162fe000 Exception <a 'java/lang/ClassNotFoundException': java/lang/ClassCustomizer> (0x00000000f6e39cf0) thrown at [C:\ade\jenkins\workspace\8-2-build-windows-amd64-cygwin\jdk8u241\331\hotspot\src\share\vm\classfile\systemDictionary.cpp, line 210]
Event: 19.281 Thread 0x00000000162fe000 Exception <a 'java/lang/ClassNotFoundException': java/lang/StringBeanInfo> (0x00000000f6f90db0) thrown at [C:\ade\jenkins\workspace\8-2-build-windows-amd64-cygwin\jdk8u241\331\hotspot\src\share\vm\classfile\systemDictionary.cpp, line 210]
Event: 19.281 Thread 0x00000000162fe000 Exception <a 'java/lang/ClassNotFoundException': java/lang/StringCustomizer> (0x00000000f6f9b9d8) thrown at [C:\ade\jenkins\workspace\8-2-build-windows-amd64-cygwin\jdk8u241\331\hotspot\src\share\vm\classfile\systemDictionary.cpp, line 210]
Event: 19.378 Thread 0x00000000162fe000 Exception <a 'java/lang/IncompatibleClassChangeError': Found class java.lang.Object, but interface was expected> (0x00000000f71394a8) thrown at [C:\ade\jenkins\workspace\8-2-build-windows-amd64-cygwin\jdk8u241\331\hotspot\src\share\vm\interpreter\linkReso

Events (10 events):
Event: 19.477 Executing VM operation: RevokeBias
Event: 19.477 Executing VM operation: RevokeBias done
Event: 19.477 Executing VM operation: RevokeBias
Event: 19.477 Executing VM operation: RevokeBias done
Event: 19.478 loading class org/gradle/api/specs/Spec
Event: 19.478 loading class org/gradle/api/specs/Spec done
Event: 19.478 loading class org/gradle/internal/fingerprint/impl/PatternSetSnapshottingFilter
Event: 19.478 loading class org/gradle/internal/fingerprint/impl/PatternSetSnapshottingFilter done
Event: 19.478 loading class org/gradle/internal/snapshot/SnapshottingFilter$DirectoryWalkerPredicate
Event: 19.478 loading class org/gradle/internal/snapshot/SnapshottingFilter$DirectoryWalkerPredicate done


Dynamic libraries:
0x00007ff72ba00000 - 0x00007ff72ba37000 	C:\Program Files\Java\jdk1.8.0_241\bin\java.exe
0x00007ffb23ad0000 - 0x00007ffb23cc5000 	C:\Windows\SYSTEM32\ntdll.dll
0x00007ffb21b20000 - 0x00007ffb21bdd000 	C:\Windows\System32\KERNEL32.DLL
0x00007ffb211e0000 - 0x00007ffb214ad000 	C:\Windows\System32\KERNELBASE.dll
0x00007ffb23830000 - 0x00007ffb238de000 	C:\Windows\System32\ADVAPI32.dll
0x00007ffb23540000 - 0x00007ffb235de000 	C:\Windows\System32\msvcrt.dll
0x00007ffb23640000 - 0x00007ffb236dc000 	C:\Windows\System32\sechost.dll
0x00007ffb23410000 - 0x00007ffb23535000 	C:\Windows\System32\RPCRT4.dll
0x00007ffb230b0000 - 0x00007ffb23250000 	C:\Windows\System32\USER32.dll
0x00007ffb215e0000 - 0x00007ffb21602000 	C:\Windows\System32\win32u.dll
0x00007ffb235e0000 - 0x00007ffb2360a000 	C:\Windows\System32\GDI32.dll
0x00007ffb21710000 - 0x00007ffb2181b000 	C:\Windows\System32\gdi32full.dll
0x00007ffb21540000 - 0x00007ffb215dd000 	C:\Windows\System32\msvcp_win.dll
0x00007ffb21820000 - 0x00007ffb21920000 	C:\Windows\System32\ucrtbase.dll
0x00007ffb11280000 - 0x00007ffb1151a000 	C:\Windows\WinSxS\amd64_microsoft.windows.common-controls_6595b64144ccf1df_6.0.19041.1110_none_60b5254171f9507e\COMCTL32.dll
0x00007ffb23610000 - 0x00007ffb23640000 	C:\Windows\System32\IMM32.DLL
0x0000000059db0000 - 0x0000000059e82000 	C:\Program Files\Java\jdk1.8.0_241\jre\bin\msvcr100.dll
0x0000000059500000 - 0x0000000059dac000 	C:\Program Files\Java\jdk1.8.0_241\jre\bin\server\jvm.dll
0x00007ffb22870000 - 0x00007ffb22878000 	C:\Windows\System32\PSAPI.DLL
0x00007ffb0ec80000 - 0x00007ffb0ec89000 	C:\Windows\SYSTEM32\WSOCK32.dll
0x00007ffb22f70000 - 0x00007ffb22fdb000 	C:\Windows\System32\WS2_32.dll
0x00007ffb16050000 - 0x00007ffb16077000 	C:\Windows\SYSTEM32\WINMM.dll
0x00007ffb16080000 - 0x00007ffb1608a000 	C:\Windows\SYSTEM32\VERSION.dll
0x00007ffb1c450000 - 0x00007ffb1c45f000 	C:\Program Files\Java\jdk1.8.0_241\jre\bin\verify.dll
0x00007ffb1b730000 - 0x00007ffb1b759000 	C:\Program Files\Java\jdk1.8.0_241\jre\bin\java.dll
0x00007ffb1ba80000 - 0x00007ffb1ba96000 	C:\Program Files\Java\jdk1.8.0_241\jre\bin\zip.dll
0x00007ffb21dc0000 - 0x00007ffb22504000 	C:\Windows\System32\SHELL32.dll
0x00007ffb1ef10000 - 0x00007ffb1f6a4000 	C:\Windows\SYSTEM32\windows.storage.dll
0x00007ffb22510000 - 0x00007ffb22864000 	C:\Windows\System32\combase.dll
0x00007ffb20c40000 - 0x00007ffb20c6c000 	C:\Windows\SYSTEM32\Wldp.dll
0x00007ffb21be0000 - 0x00007ffb21c8d000 	C:\Windows\System32\SHCORE.dll
0x00007ffb23040000 - 0x00007ffb23095000 	C:\Windows\System32\shlwapi.dll
0x00007ffb21120000 - 0x00007ffb2113f000 	C:\Windows\SYSTEM32\profapi.dll
0x00007ffb17220000 - 0x00007ffb1723a000 	C:\Program Files\Java\jdk1.8.0_241\jre\bin\net.dll
0x00007ffb209a0000 - 0x00007ffb20a0a000 	C:\Windows\system32\mswsock.dll
0x00007ffb11100000 - 0x00007ffb11112000 	C:\Program Files\Java\jdk1.8.0_241\jre\bin\nio.dll
0x00007ffb1b760000 - 0x00007ffb1b787000 	C:\Users\Administrator\.gradle\native\e1d6ef7f7dcc3fd88c89a11ec53ec762bb8ba0a96d01ffa2cd45eb1d1d8dd5c5\windows-amd64\native-platform.dll
0x00007ffb09ec0000 - 0x00007ffb0a004000 	C:\Users\Administrator\.gradle\native\0d407fdbe67a94daf76414ababcb853783967236a71b16ec16e742cd7a986fd3\windows-amd64\native-platform-file-events.dll
0x00007ffb1afd0000 - 0x00007ffb1afdd000 	C:\Program Files\Java\jdk1.8.0_241\jre\bin\management.dll
0x00007ffb20b90000 - 0x00007ffb20ba8000 	C:\Windows\SYSTEM32\CRYPTSP.dll
0x00007ffb202b0000 - 0x00007ffb202e4000 	C:\Windows\system32\rsaenh.dll
0x00007ffb21920000 - 0x00007ffb21947000 	C:\Windows\System32\bcrypt.dll
0x00007ffb210e0000 - 0x00007ffb2110e000 	C:\Windows\SYSTEM32\USERENV.dll
0x00007ffb214b0000 - 0x00007ffb21532000 	C:\Windows\System32\bcryptprimitives.dll
0x00007ffb20bb0000 - 0x00007ffb20bbc000 	C:\Windows\SYSTEM32\CRYPTBASE.dll
0x00007ffb20640000 - 0x00007ffb2067b000 	C:\Windows\SYSTEM32\IPHLPAPI.DLL
0x00007ffb230a0000 - 0x00007ffb230a8000 	C:\Windows\System32\NSI.dll
0x00007ffb15e50000 - 0x00007ffb15e67000 	C:\Windows\SYSTEM32\dhcpcsvc6.DLL
0x00007ffb17400000 - 0x00007ffb1741d000 	C:\Windows\SYSTEM32\dhcpcsvc.DLL
0x00007ffb20680000 - 0x00007ffb2074b000 	C:\Windows\SYSTEM32\DNSAPI.dll

VM Arguments:
jvm_args: -XX:MaxMetaspaceSize=256m -XX:+HeapDumpOnOutOfMemoryError -Xms256m -Xmx512m -Dfile.encoding=windows-1252 -Duser.country=US -Duser.language=en -Duser.variant 
java_command: org.gradle.launcher.daemon.bootstrap.GradleDaemon 7.4.1
java_class_path (initial): C:\Users\Administrator\.gradle\wrapper\dists\gradle-7.4.1-bin\58kw26xllvsiedyf3nujyarhn\gradle-7.4.1\lib\gradle-launcher-7.4.1.jar
Launcher Type: SUN_STANDARD

Environment Variables:
PATH=C:\Program Files (x86)\Common Files\Oracle\Java\javapath;C:\ProgramData\Oracle\Java\javapath;C:\Windows\system32;C:\Windows;C:\Windows\System32\Wbem;C:\Windows\System32\WindowsPowerShell\v1.0\;C:\Windows\System32\OpenSSH\;C:\Program Files (x86)\Microsoft SQL Server\100\Tools\Binn\;C:\Program Files (x86)\Microsoft SQL Server\100\DTS\Binn\;C:\Program Files\Git\cmd;C:\Users\Administrator\AppData\Local\Microsoft\WindowsApps;
USERNAME=Administrator
OS=Windows_NT
PROCESSOR_IDENTIFIER=Intel64 Family 6 Model 61 Stepping 4, GenuineIntel



---------------  S Y S T E M  ---------------

OS: Windows 10.0 , 64 bit Build 19041 (10.0.19041.1706)

CPU:total 4 (initial active 4) (2 cores per cpu, 2 threads per core) family 6 model 61 stepping 4, cmov, cx8, fxsr, mmx, sse, sse2, sse3, ssse3, sse4.1, sse4.2, popcnt, avx, avx2, aes, clmul, erms, 3dnowpref, lzcnt, ht, tsc, tscinvbit, bmi1, bmi2, adx

Memory: 4k page, physical 8277140k(346828k free), swap 16015888k(3176k free)

vm_info: Java HotSpot(TM) 64-Bit Server VM (25.241-b07) for windows-amd64 JRE (1.8.0_241-b07), built on Dec 11 2019 10:21:40 by "rejava" with MS VC++ 10.0 (VS2010)

time: Wed May 18 17:06:59 2022
timezone: SE Asia Standard Time
elapsed time: 19 seconds (0d 0h 0m 19s)

