#
# A fatal error has been detected by the Java Runtime Environment:
#
#  EXCEPTION_STACK_OVERFLOW (0xc00000fd) at pc=0x00000000594b5077, pid=11256, tid=0x0000000000001348
#
# JRE version: Java(TM) SE Runtime Environment (8.0_241-b07) (build 1.8.0_241-b07)
# Java VM: Java HotSpot(TM) 64-Bit Server VM (25.241-b07 mixed mode windows-amd64 compressed oops)
# Problematic frame:
# V  [jvm.dll+0x215077]
#
# Failed to write core dump. Minidumps are not enabled by default on client versions of Windows
#
# If you would like to submit a bug report, please visit:
#   http://bugreport.java.com/bugreport/crash.jsp
#

---------------  T H R E A D  ---------------

Current thread (0x000000001a619800):  JavaThread "Unconstrained build operations Thread 9" [_thread_in_vm, id=4936, stack(0x0000000020c20000,0x0000000020d20000)]

siginfo: ExceptionCode=0xc00000fd, ExceptionInformation=0x0000000000000001 0x0000000020d1dff0 

Registers:
RAX=0x0000000020d1dff0, RBX=0x0000000000000002, RCX=0x0000000000001000, RDX=0x0000000000000006
RSP=0x0000000020d1eff0, RBP=0x0000000000000000, RSI=0x0000000020d1eff0, RDI=0x0000000000000002
R8 =0x0000000000000006, R9 =0x000000001b3300e0, R10=0x0000000012fbe2f0, R11=0x0000000020c2a148
R12=0x000000001b3300e0, R13=0x000000001a619800, R14=0x0000000020d1f0b8, R15=0x0000000012fbe2f0
RIP=0x00000000594b5077, EFLAGS=0x0000000000010206

Top of Stack: (sp=0x0000000020d1eff0)
0x0000000020d1eff0:   0000b7fb2cd902e4 0000000100006c48
0x0000000020d1f000:   000000001a619800 000000001b3300e0
0x0000000020d1f010:   00000000ffffffff 00000000594b5fa7
0x0000000020d1f020:   0000000020d1f120 0000000012fbe2f0
0x0000000020d1f030:   000000001a619800 00000000593610e3
0x0000000020d1f040:   0000000020d1f080 000000001a619800
0x0000000020d1f050:   0000000020d1f110 000000001a619800
0x0000000020d1f060:   0000000012fbe2f0 000000001a619800
0x0000000020d1f070:   0000000002606e60 000000001a619800
0x0000000020d1f080:   0000000012fbe2f0 000000001a619800
0x0000000020d1f090:   0000000012fbe2f0 000000001a619800
0x0000000020d1f0a0:   0000000000000001 0000000012fbe2f0
0x0000000020d1f0b0:   000000001a619800 00000000173b9da0
0x0000000020d1f0c0:   000000001a619800 000000005936284d
0x0000000020d1f0d0:   0000000020d1f3d8 0000000100006c48
0x0000000020d1f0e0:   0000000100006c48 000000000021e000 

Instructions: (pc=0x00000000594b5077)
0x00000000594b5057:   48 89 6c 24 30 33 ed 66 90 e8 3b 5c 08 00 ff c3
0x00000000594b5067:   48 63 c8 48 8b c6 48 0f af cf 48 ff c7 48 2b c1
0x00000000594b5077:   89 28 48 63 c3 48 3b 05 25 08 5a 00 7e db 48 8b
0x00000000594b5087:   6c 24 30 48 8b 5c 24 38 48 8b 74 24 40 48 83 c4 


Register to memory mapping:

RAX=0x0000000020d1dff0 is pointing into the stack for thread: 0x000000001a619800
RBX=0x0000000000000002 is an unknown value
RCX=0x0000000000001000 is an unknown value
RDX=0x0000000000000006 is an unknown value
RSP=0x0000000020d1eff0 is pointing into the stack for thread: 0x000000001a619800
RBP=0x0000000000000000 is an unknown value
RSI=0x0000000020d1eff0 is pointing into the stack for thread: 0x000000001a619800
RDI=0x0000000000000002 is an unknown value
R8 =0x0000000000000006 is an unknown value
R9 =0x000000001b3300e0 is an unknown value
R10={method} {0x0000000012fbe2f8} 'run' '()V' in 'java/lang/Thread'
R11=0x0000000020c2a148 is pointing into the stack for thread: 0x000000001a619800
R12=0x000000001b3300e0 is an unknown value
R13=0x000000001a619800 is a thread
R14=0x0000000020d1f0b8 is pointing into the stack for thread: 0x000000001a619800
R15={method} {0x0000000012fbe2f8} 'run' '()V' in 'java/lang/Thread'


Stack: [0x0000000020c20000,0x0000000020d20000],  sp=0x0000000020d1eff0,  free space=1019k
Native frames: (J=compiled Java code, j=interpreted, Vv=VM code, C=native code)


---------------  P R O C E S S  ---------------

Java Threads: ( => current thread )
  0x000000001b461000 JavaThread "Unconstrained build operations Thread 19" [_thread_blocked, id=9224, stack(0x00000000218d0000,0x00000000219d0000)]
  0x000000001b460800 JavaThread "Unconstrained build operations Thread 18" [_thread_blocked, id=7496, stack(0x00000000217d0000,0x00000000218d0000)]
  0x000000001b465800 JavaThread "Unconstrained build operations Thread 17" [_thread_blocked, id=3908, stack(0x00000000216d0000,0x00000000217d0000)]
  0x000000001b462800 JavaThread "Unconstrained build operations Thread 16" [_thread_blocked, id=6808, stack(0x00000000215d0000,0x00000000216d0000)]
  0x000000001b464000 JavaThread "Unconstrained build operations Thread 15" [_thread_blocked, id=3648, stack(0x00000000214d0000,0x00000000215d0000)]
  0x000000001b467000 JavaThread "Unconstrained build operations Thread 14" [_thread_blocked, id=13040, stack(0x00000000213d0000,0x00000000214d0000)]
  0x000000001b462000 JavaThread "Unconstrained build operations Thread 13" [_thread_blocked, id=3760, stack(0x0000000021020000,0x0000000021120000)]
  0x000000001b466800 JavaThread "Unconstrained build operations Thread 12" [_thread_blocked, id=424, stack(0x0000000020f20000,0x0000000021020000)]
  0x000000001b463800 JavaThread "Unconstrained build operations Thread 11" [_thread_blocked, id=3052, stack(0x0000000020e20000,0x0000000020f20000)]
  0x000000001a61a800 JavaThread "Unconstrained build operations Thread 10" [_thread_blocked, id=7516, stack(0x0000000020d20000,0x0000000020e20000)]
=>0x000000001a619800 JavaThread "Unconstrained build operations Thread 9" [_thread_in_vm, id=4936, stack(0x0000000020c20000,0x0000000020d20000)]
  0x000000001a616800 JavaThread "Unconstrained build operations Thread 8" [_thread_in_vm, id=3576, stack(0x0000000020b20000,0x0000000020c20000)]
  0x000000001a619000 JavaThread "Unconstrained build operations Thread 7" [_thread_blocked, id=6128, stack(0x0000000020a20000,0x0000000020b20000)]
  0x000000001a616000 JavaThread "Unconstrained build operations Thread 6" [_thread_blocked, id=2780, stack(0x0000000020210000,0x0000000020310000)]
  0x000000001a618000 JavaThread "Unconstrained build operations Thread 5" [_thread_new, id=6796, stack(0x0000000000000000,0x0000000000000000)]
  0x000000001a617800 JavaThread "Unconstrained build operations Thread 4" [_thread_blocked, id=9180, stack(0x0000000020010000,0x0000000020110000)]
  0x000000001a614800 JavaThread "Unconstrained build operations Thread 3" [_thread_blocked, id=7192, stack(0x000000001ff10000,0x0000000020010000)]
  0x000000001a615000 JavaThread "Unconstrained build operations Thread 2" [_thread_blocked, id=1388, stack(0x000000001ee40000,0x000000001ef40000)]
  0x00000000153f4800 JavaThread "Unconstrained build operations" [_thread_blocked, id=3172, stack(0x000000001ed40000,0x000000001ee40000)]
  0x00000000153f7000 JavaThread "Cache worker for Build Output Cleanup Cache (D:\codeGYM\C1221G1-tr-n-lu-t\C1221G1_[TranNgocLuat]_Module4\case\furama_resort\.gradle\buildOutputCleanup)" [_thread_blocked, id=11280, stack(0x000000001e4d0000,0x000000001e5d0000)]
  0x00000000153f2800 JavaThread "Cache worker for dependencies-accessors (D:\codeGYM\C1221G1-tr-n-lu-t\C1221G1_[TranNgocLuat]_Module4\case\furama_resort\.gradle\7.4.1\dependencies-accessors)" [_thread_blocked, id=2920, stack(0x000000001d5d0000,0x000000001d6d0000)]
  0x00000000153f6000 JavaThread "Cache worker for cache directory md-supplier (C:\Users\Administrator\.gradle\caches\7.4.1\md-supplier)" [_thread_blocked, id=932, stack(0x000000001d2d0000,0x000000001d3d0000)]
  0x00000000153f1800 JavaThread "Cache worker for file hash cache (D:\codeGYM\C1221G1-tr-n-lu-t\C1221G1_[TranNgocLuat]_Module4\case\furama_resort\.gradle\7.4.1\fileHashes)" [_thread_blocked, id=12560, stack(0x000000001bd10000,0x000000001be10000)]
  0x00000000153f3000 JavaThread "Cache worker for cache directory md-rule (C:\Users\Administrator\.gradle\caches\7.4.1\md-rule)" [_thread_blocked, id=7304, stack(0x000000001b940000,0x000000001ba40000)]
  0x00000000153f7800 JavaThread "Cache worker for checksums cache (D:\codeGYM\C1221G1-tr-n-lu-t\C1221G1_[TranNgocLuat]_Module4\case\furama_resort\.gradle\7.4.1\checksums)" [_thread_blocked, id=10288, stack(0x00000000191a0000,0x00000000192a0000)]
  0x00000000153f5800 JavaThread "Daemon client event forwarder" [_thread_blocked, id=9028, stack(0x0000000018ea0000,0x0000000018fa0000)]
  0x00000000153ea000 JavaThread "Stdin handler" [_thread_blocked, id=3712, stack(0x0000000018ca0000,0x0000000018da0000)]
  0x00000000153ee800 JavaThread "Asynchronous log dispatcher for DefaultDaemonConnection: socket connection from /127.0.0.1:50370 to /127.0.0.1:50926" [_thread_blocked, id=11488, stack(0x0000000018ba0000,0x0000000018ca0000)]
  0x00000000153f0000 JavaThread "Cancel handler" [_thread_blocked, id=10500, stack(0x0000000000930000,0x0000000000a30000)]
  0x00000000153ec800 JavaThread "Handler for socket connection from /127.0.0.1:50370 to /127.0.0.1:50926" [_thread_in_native, id=7588, stack(0x0000000000830000,0x0000000000930000)]
  0x0000000017d40000 JavaThread "included builds" [_thread_blocked, id=6240, stack(0x00000000219d0000,0x0000000021ad0000)]
  0x00000000153ef800 JavaThread "Daemon worker Thread 5" [_thread_in_Java, id=7292, stack(0x0000000018da0000,0x0000000018ea0000)]
  0x00000000153eb800 JavaThread "Daemon Thread 5" [_thread_blocked, id=7424, stack(0x0000000000730000,0x0000000000830000)]
  0x000000001b465000 JavaThread "Cache worker for Java compile cache (C:\Users\Administrator\.gradle\caches\7.4.1\javaCompile)" [_thread_blocked, id=8296, stack(0x0000000022b00000,0x0000000022c00000)]
  0x000000001a61b000 JavaThread "Memory manager" [_thread_blocked, id=10504, stack(0x000000001e9d0000,0x000000001ead0000)]
  0x00000000153eb000 JavaThread "jar transforms Thread 4" [_thread_blocked, id=4036, stack(0x000000001e3d0000,0x000000001e4d0000)]
  0x00000000153f1000 JavaThread "jar transforms Thread 3" [_thread_blocked, id=9740, stack(0x000000001e2d0000,0x000000001e3d0000)]
  0x00000000153e9800 JavaThread "Cache worker for file content cache (C:\Users\Administrator\.gradle\caches\7.4.1\fileContent)" [_thread_blocked, id=2964, stack(0x000000001dfd0000,0x000000001e0d0000)]
  0x00000000153e8800 JavaThread "jar transforms Thread 2" [_thread_blocked, id=10100, stack(0x000000001dad0000,0x000000001dbd0000)]
  0x00000000153ee000 JavaThread "jar transforms" [_thread_blocked, id=8796, stack(0x000000001d9d0000,0x000000001dad0000)]
  0x0000000015dcd800 JavaThread "Cache worker for execution history cache (C:\Users\Administrator\.gradle\caches\7.4.1\executionHistory)" [_thread_blocked, id=11496, stack(0x000000001d6d0000,0x000000001d7d0000)]
  0x0000000015dd2000 JavaThread "File watcher consumer" daemon [_thread_blocked, id=7680, stack(0x000000001b840000,0x000000001b940000)]
  0x0000000015dd1800 JavaThread "File watcher server" daemon [_thread_in_native, id=2204, stack(0x000000001b740000,0x000000001b840000)]
  0x0000000015dd0800 JavaThread "Cache worker for file hash cache (C:\Users\Administrator\.gradle\caches\7.4.1\fileHashes)" [_thread_blocked, id=2472, stack(0x00000000196a0000,0x00000000197a0000)]
  0x0000000015dd0000 JavaThread "File lock request listener" [_thread_in_native, id=2104, stack(0x00000000195a0000,0x00000000196a0000)]
  0x0000000015dcf000 JavaThread "Cache worker for journal cache (C:\Users\Administrator\.gradle\caches\journal-1)" [_thread_blocked, id=12696, stack(0x00000000194a0000,0x00000000195a0000)]
  0x00000000174eb800 JavaThread "Daemon periodic checks" [_thread_blocked, id=9384, stack(0x00000000188a0000,0x00000000189a0000)]
  0x00000000163b6000 JavaThread "Incoming local TCP Connector on port 50370" [_thread_in_native, id=1720, stack(0x0000000018660000,0x0000000018760000)]
  0x000000001704e800 JavaThread "Daemon health stats" [_thread_blocked, id=4740, stack(0x0000000018220000,0x0000000018320000)]
  0x00000000152ba800 JavaThread "Service Thread" daemon [_thread_blocked, id=10688, stack(0x0000000015680000,0x0000000015780000)]
  0x000000001395c800 JavaThread "C1 CompilerThread2" daemon [_thread_blocked, id=11820, stack(0x0000000015180000,0x0000000015280000)]
  0x0000000013941800 JavaThread "C2 CompilerThread1" daemon [_thread_blocked, id=12608, stack(0x0000000015080000,0x0000000015180000)]
  0x0000000013937000 JavaThread "C2 CompilerThread0" daemon [_thread_in_native, id=8816, stack(0x0000000014f80000,0x0000000015080000)]
  0x0000000013935000 JavaThread "Attach Listener" daemon [_thread_blocked, id=3676, stack(0x0000000014e80000,0x0000000014f80000)]
  0x0000000013934000 JavaThread "Signal Dispatcher" daemon [_thread_blocked, id=7632, stack(0x0000000014d80000,0x0000000014e80000)]
  0x00000000024dd000 JavaThread "Finalizer" daemon [_thread_blocked, id=11668, stack(0x0000000014b80000,0x0000000014c80000)]
  0x000000001391a000 JavaThread "Reference Handler" daemon [_thread_blocked, id=3972, stack(0x0000000014a80000,0x0000000014b80000)]
  0x00000000025bd800 JavaThread "main" [_thread_blocked, id=3428, stack(0x0000000002220000,0x0000000002320000)]

Other Threads:
  0x00000000138f7000 VMThread [stack: 0x0000000014980000,0x0000000014a80000] [id=11352]
  0x00000000152c3000 WatcherThread [stack: 0x0000000015780000,0x0000000015880000] [id=8908]

VM state:not at safepoint (normal execution)

VM Mutex/Monitor currently owned by a thread: None

heap address: 0x00000000e0000000, size: 512 MB, Compressed Oops mode: 32-bit
Narrow klass base: 0x0000000000000000, Narrow klass shift: 3
Compressed class space size: 1073741824 Address: 0x0000000100000000

Heap:
 PSYoungGen      total 105472K, used 96207K [0x00000000f5580000, 0x00000000fe080000, 0x0000000100000000)
  eden space 98304K, 90% used [0x00000000f5580000,0x00000000facda400,0x00000000fb580000)
  from space 7168K, 94% used [0x00000000fb700000,0x00000000fbd99b38,0x00000000fbe00000)
  to   space 22016K, 0% used [0x00000000fcb00000,0x00000000fcb00000,0x00000000fe080000)
 ParOldGen       total 205824K, used 73619K [0x00000000e0000000, 0x00000000ec900000, 0x00000000f5580000)
  object space 205824K, 35% used [0x00000000e0000000,0x00000000e47e4dc8,0x00000000ec900000)
 Metaspace       used 67271K, capacity 73410K, committed 73728K, reserved 1112064K
  class space    used 9114K, capacity 10135K, committed 10240K, reserved 1048576K

Card table byte_map: [0x0000000011980000,0x0000000011a90000] byte_map_base: 0x0000000011280000

Marking Bits: (ParMarkBitMap*) 0x0000000059acbe30
 Begin Bits: [0x0000000011e90000, 0x0000000012690000)
 End Bits:   [0x0000000012690000, 0x0000000012e90000)

Polling page: 0x0000000000bd0000

CodeCache: size=245760Kb used=44205Kb max_used=44205Kb free=201554Kb
 bounds [0x00000000025c0000, 0x0000000005150000, 0x00000000115c0000]
 total_blobs=13167 nmethods=12376 adapters=702
 compilation: enabled

Compilation events (10 events):
Event: 874.196 Thread 0x0000000013941800 15127       4       com.google.common.collect.ImmutableCollection::toArray (8 bytes)
Event: 874.197 Thread 0x000000001395c800 nmethod 15126 0x00000000032ef790 code [0x00000000032ef920, 0x00000000032effb8]
Event: 874.203 Thread 0x0000000013941800 nmethod 15127 0x00000000035ca7d0 code [0x00000000035ca940, 0x00000000035cad38]
Event: 874.205 Thread 0x0000000013937000 nmethod 15125 0x0000000003795050 code [0x0000000003795200, 0x00000000037956e8]
Event: 874.243 Thread 0x0000000013941800 15128       4       org.gradle.internal.component.external.model.AbstractLazyModuleComponentResolveMetadata::addVariantsByRule (347 bytes)
Event: 874.244 Thread 0x0000000013941800 nmethod 15128 0x0000000002a2a950 code [0x0000000002a2aaa0, 0x0000000002a2ab78]
Event: 874.252 Thread 0x000000001395c800 15129       3       org.gradle.internal.component.external.model.DefaultShadowedCapability::getName (30 bytes)
Event: 874.253 Thread 0x000000001395c800 nmethod 15129 0x00000000035c9b50 code [0x00000000035c9d20, 0x00000000035ca4f8]
Event: 874.260 Thread 0x0000000013937000 15130       4       org.gradle.cache.internal.AsyncCacheAccessDecoratedCache$$Lambda$227/468424519::run (20 bytes)
Event: 874.269 Thread 0x0000000013941800 15131   !   4       org.gradle.internal.operations.DefaultBuildOperationQueue$WorkerRunnable::getNextOperation (51 bytes)

GC Heap History (10 events):
Event: 743.236 GC heap before
{Heap before GC invocations=34 (full 3):
 PSYoungGen      total 131072K, used 114624K [0x00000000f5580000, 0x00000000ff180000, 0x0000000100000000)
  eden space 107520K, 100% used [0x00000000f5580000,0x00000000fbe80000,0x00000000fbe80000)
  from space 23552K, 30% used [0x00000000fda80000,0x00000000fe170000,0x00000000ff180000)
  to   space 26112K, 0% used [0x00000000fbe80000,0x00000000fbe80000,0x00000000fd800000)
 ParOldGen       total 205824K, used 73359K [0x00000000e0000000, 0x00000000ec900000, 0x00000000f5580000)
  object space 205824K, 35% used [0x00000000e0000000,0x00000000e47a3db8,0x00000000ec900000)
 Metaspace       used 65833K, capacity 70440K, committed 70656K, reserved 1110016K
  class space    used 8855K, capacity 9672K, committed 9728K, reserved 1048576K
Event: 743.246 GC heap after
Heap after GC invocations=34 (full 3):
 PSYoungGen      total 112128K, used 6182K [0x00000000f5580000, 0x00000000fee80000, 0x0000000100000000)
  eden space 105472K, 0% used [0x00000000f5580000,0x00000000f5580000,0x00000000fbc80000)
  from space 6656K, 92% used [0x00000000fbe80000,0x00000000fc489b38,0x00000000fc500000)
  to   space 25600K, 0% used [0x00000000fd580000,0x00000000fd580000,0x00000000fee80000)
 ParOldGen       total 205824K, used 73367K [0x00000000e0000000, 0x00000000ec900000, 0x00000000f5580000)
  object space 205824K, 35% used [0x00000000e0000000,0x00000000e47a5db8,0x00000000ec900000)
 Metaspace       used 65833K, capacity 70440K, committed 70656K, reserved 1110016K
  class space    used 8855K, capacity 9672K, committed 9728K, reserved 1048576K
}
Event: 771.712 GC heap before
{Heap before GC invocations=35 (full 3):
 PSYoungGen      total 112128K, used 111654K [0x00000000f5580000, 0x00000000fee80000, 0x0000000100000000)
  eden space 105472K, 100% used [0x00000000f5580000,0x00000000fbc80000,0x00000000fbc80000)
  from space 6656K, 92% used [0x00000000fbe80000,0x00000000fc489b38,0x00000000fc500000)
  to   space 25600K, 0% used [0x00000000fd580000,0x00000000fd580000,0x00000000fee80000)
 ParOldGen       total 205824K, used 73367K [0x00000000e0000000, 0x00000000ec900000, 0x00000000f5580000)
  object space 205824K, 35% used [0x00000000e0000000,0x00000000e47a5db8,0x00000000ec900000)
 Metaspace       used 65863K, capacity 70440K, committed 70656K, reserved 1110016K
  class space    used 8855K, capacity 9672K, committed 9728K, reserved 1048576K
Event: 771.720 GC heap after
Heap after GC invocations=35 (full 3):
 PSYoungGen      total 125952K, used 4470K [0x00000000f5580000, 0x00000000feb80000, 0x0000000100000000)
  eden space 103424K, 0% used [0x00000000f5580000,0x00000000f5580000,0x00000000fba80000)
  from space 22528K, 19% used [0x00000000fd580000,0x00000000fd9ddb48,0x00000000feb80000)
  to   space 25088K, 0% used [0x00000000fba80000,0x00000000fba80000,0x00000000fd300000)
 ParOldGen       total 205824K, used 73375K [0x00000000e0000000, 0x00000000ec900000, 0x00000000f5580000)
  object space 205824K, 35% used [0x00000000e0000000,0x00000000e47a7db8,0x00000000ec900000)
 Metaspace       used 65863K, capacity 70440K, committed 70656K, reserved 1110016K
  class space    used 8855K, capacity 9672K, committed 9728K, reserved 1048576K
}
Event: 772.557 GC heap before
{Heap before GC invocations=36 (full 3):
 PSYoungGen      total 125952K, used 107894K [0x00000000f5580000, 0x00000000feb80000, 0x0000000100000000)
  eden space 103424K, 100% used [0x00000000f5580000,0x00000000fba80000,0x00000000fba80000)
  from space 22528K, 19% used [0x00000000fd580000,0x00000000fd9ddb48,0x00000000feb80000)
  to   space 25088K, 0% used [0x00000000fba80000,0x00000000fba80000,0x00000000fd300000)
 ParOldGen       total 205824K, used 73375K [0x00000000e0000000, 0x00000000ec900000, 0x00000000f5580000)
  object space 205824K, 35% used [0x00000000e0000000,0x00000000e47a7db8,0x00000000ec900000)
 Metaspace       used 65873K, capacity 70444K, committed 70656K, reserved 1110016K
  class space    used 8856K, capacity 9672K, committed 9728K, reserved 1048576K
Event: 772.574 GC heap after
Heap after GC invocations=36 (full 3):
 PSYoungGen      total 110592K, used 8784K [0x00000000f5580000, 0x00000000fe780000, 0x0000000100000000)
  eden space 101376K, 0% used [0x00000000f5580000,0x00000000f5580000,0x00000000fb880000)
  from space 9216K, 95% used [0x00000000fba80000,0x00000000fc314010,0x00000000fc380000)
  to   space 24064K, 0% used [0x00000000fd000000,0x00000000fd000000,0x00000000fe780000)
 ParOldGen       total 205824K, used 73375K [0x00000000e0000000, 0x00000000ec900000, 0x00000000f5580000)
  object space 205824K, 35% used [0x00000000e0000000,0x00000000e47a7db8,0x00000000ec900000)
 Metaspace       used 65873K, capacity 70444K, committed 70656K, reserved 1110016K
  class space    used 8856K, capacity 9672K, committed 9728K, reserved 1048576K
}
Event: 797.478 GC heap before
{Heap before GC invocations=37 (full 3):
 PSYoungGen      total 110592K, used 110160K [0x00000000f5580000, 0x00000000fe780000, 0x0000000100000000)
  eden space 101376K, 100% used [0x00000000f5580000,0x00000000fb880000,0x00000000fb880000)
  from space 9216K, 95% used [0x00000000fba80000,0x00000000fc314010,0x00000000fc380000)
  to   space 24064K, 0% used [0x00000000fd000000,0x00000000fd000000,0x00000000fe780000)
 ParOldGen       total 205824K, used 73375K [0x00000000e0000000, 0x00000000ec900000, 0x00000000f5580000)
  object space 205824K, 35% used [0x00000000e0000000,0x00000000e47a7db8,0x00000000ec900000)
 Metaspace       used 67158K, capacity 73308K, committed 73472K, reserved 1112064K
  class space    used 9109K, capacity 10128K, committed 10240K, reserved 1048576K
Event: 797.496 GC heap after
Heap after GC invocations=37 (full 3):
 PSYoungGen      total 119296K, used 8678K [0x00000000f5580000, 0x00000000fe300000, 0x0000000100000000)
  eden space 99840K, 0% used [0x00000000f5580000,0x00000000f5580000,0x00000000fb700000)
  from space 19456K, 44% used [0x00000000fd000000,0x00000000fd879b38,0x00000000fe300000)
  to   space 22528K, 0% used [0x00000000fb700000,0x00000000fb700000,0x00000000fcd00000)
 ParOldGen       total 205824K, used 73383K [0x00000000e0000000, 0x00000000ec900000, 0x00000000f5580000)
  object space 205824K, 35% used [0x00000000e0000000,0x00000000e47a9db8,0x00000000ec900000)
 Metaspace       used 67158K, capacity 73308K, committed 73472K, reserved 1112064K
  class space    used 9109K, capacity 10128K, committed 10240K, reserved 1048576K
}
Event: 847.221 GC heap before
{Heap before GC invocations=38 (full 3):
 PSYoungGen      total 119296K, used 108514K [0x00000000f5580000, 0x00000000fe300000, 0x0000000100000000)
  eden space 99840K, 99% used [0x00000000f5580000,0x00000000fb6feec0,0x00000000fb700000)
  from space 19456K, 44% used [0x00000000fd000000,0x00000000fd879b38,0x00000000fe300000)
  to   space 22528K, 0% used [0x00000000fb700000,0x00000000fb700000,0x00000000fcd00000)
 ParOldGen       total 205824K, used 73383K [0x00000000e0000000, 0x00000000ec900000, 0x00000000f5580000)
  object space 205824K, 35% used [0x00000000e0000000,0x00000000e47a9db8,0x00000000ec900000)
 Metaspace       used 67225K, capacity 73338K, committed 73472K, reserved 1112064K
  class space    used 9112K, capacity 10133K, committed 10240K, reserved 1048576K
Event: 847.234 GC heap after
Heap after GC invocations=38 (full 3):
 PSYoungGen      total 105472K, used 6758K [0x00000000f5580000, 0x00000000fe080000, 0x0000000100000000)
  eden space 98304K, 0% used [0x00000000f5580000,0x00000000f5580000,0x00000000fb580000)
  from space 7168K, 94% used [0x00000000fb700000,0x00000000fbd99b38,0x00000000fbe00000)
  to   space 22016K, 0% used [0x00000000fcb00000,0x00000000fcb00000,0x00000000fe080000)
 ParOldGen       total 205824K, used 73619K [0x00000000e0000000, 0x00000000ec900000, 0x00000000f5580000)
  object space 205824K, 35% used [0x00000000e0000000,0x00000000e47e4dc8,0x00000000ec900000)
 Metaspace       used 67225K, capacity 73338K, committed 73472K, reserved 1112064K
  class space    used 9112K, capacity 10133K, committed 10240K, reserved 1048576K
}

Deoptimization events (10 events):
Event: 646.243 Thread 0x00000000153ee000 Uncommon trap: reason=unstable_if action=reinterpret pc=0x000000000333b660 method=java.util.concurrent.ConcurrentLinkedQueue.updateHead(Ljava/util/concurrent/ConcurrentLinkedQueue$Node;Ljava/util/concurrent/ConcurrentLinkedQueue$Node;)V @ 11
Event: 669.783 Thread 0x00000000153ef800 Uncommon trap: reason=unstable_if action=reinterpret pc=0x000000000464acc0 method=java.util.concurrent.locks.ReentrantLock$Sync.nonfairTryAcquire(I)Z @ 19
Event: 742.833 Thread 0x00000000153ef800 Uncommon trap: reason=null_check action=make_not_entrant pc=0x00000000035a410c method=java.lang.ThreadLocal$ThreadLocalMap.set(Ljava/lang/ThreadLocal;Ljava/lang/Object;)V @ 36
Event: 742.912 Thread 0x00000000153e8800 Uncommon trap: reason=unstable_if action=reinterpret pc=0x000000000499dd30 method=java.util.concurrent.locks.ReentrantLock$FairSync.tryAcquire(I)Z @ 26
Event: 743.441 Thread 0x0000000017d3c000 Uncommon trap: reason=null_check action=make_not_entrant pc=0x0000000004f41c9c method=io.spring.gradle.dependencymanagement.org.apache.maven.model.validation.DefaultModelValidator.validateRawDependencies(Lio/spring/gradle/dependencymanagement/org/apache/m
Event: 743.798 Thread 0x0000000017d3c000 Uncommon trap: reason=null_check action=make_not_entrant pc=0x0000000004f53784 method=io.spring.gradle.dependencymanagement.org.apache.maven.model.validation.DefaultModelValidator.validateRawDependencies(Lio/spring/gradle/dependencymanagement/org/apache/m
Event: 795.339 Thread 0x00000000153ef800 Uncommon trap: reason=null_check action=make_not_entrant pc=0x0000000003d12998 method=com.google.common.collect.MapMakerInternalMap$StrongKeyWeakValueEntry$Helper.newEntry(Lcom/google/common/collect/MapMakerInternalMap$Segment;Ljava/lang/Object;ILcom/goog
Event: 846.592 Thread 0x000000001a61a800 Uncommon trap: reason=unstable_if action=reinterpret pc=0x00000000049c984c method=java.util.concurrent.ConcurrentHashMap.get(Ljava/lang/Object;)Ljava/lang/Object; @ 86
Event: 847.431 Thread 0x0000000017d3e800 Uncommon trap: reason=null_check action=make_not_entrant pc=0x000000000379f5b4 method=io.spring.gradle.dependencymanagement.org.apache.maven.model.profile.activation.PropertyProfileActivator.isActive(Lio/spring/gradle/dependencymanagement/org/apache/maven
Event: 874.258 Thread 0x00000000153f4800 Uncommon trap: reason=unstable_if action=reinterpret pc=0x0000000004fcbee4 method=org.gradle.internal.time.MonotonicClock.advance(J)J @ 25

Classes redefined (0 events):
No events

Internal exceptions (10 events):
Event: 721.338 Thread 0x00000000153ef800 Exception <a 'java/lang/NoClassDefFoundError': org/jetbrains/kotlin/gradle/plugin/KotlinPluginWrapper> (0x00000000f86f1ed0) thrown at [C:\ade\jenkins\workspace\8-2-build-windows-amd64-cygwin\jdk8u241\331\hotspot\src\share\vm\oops\constantPool.cpp, line 24
Event: 742.833 Thread 0x00000000153ef800 Implicit null exception at 0x00000000035a3dfb to 0x00000000035a40e1
Event: 742.920 Thread 0x00000000153ef800 Exception <a 'java/lang/NoClassDefFoundError': org/jetbrains/kotlin/gradle/plugin/KotlinPluginWrapper> (0x00000000f9edb4f0) thrown at [C:\ade\jenkins\workspace\8-2-build-windows-amd64-cygwin\jdk8u241\331\hotspot\src\share\vm\oops\constantPool.cpp, line 24
Event: 743.441 Thread 0x0000000017d3c000 Implicit null exception at 0x0000000004f3fd62 to 0x0000000004f41c3d
Event: 743.798 Thread 0x0000000017d3c000 Implicit null exception at 0x0000000004f51965 to 0x0000000004f53725
Event: 771.561 Thread 0x00000000153ef800 Exception <a 'java/lang/NoClassDefFoundError': org/jetbrains/kotlin/gradle/plugin/KotlinPluginWrapper> (0x00000000fb04aa18) thrown at [C:\ade\jenkins\workspace\8-2-build-windows-amd64-cygwin\jdk8u241\331\hotspot\src\share\vm\oops\constantPool.cpp, line 24
Event: 795.543 Thread 0x00000000153ef800 Exception <a 'java/lang/NoClassDefFoundError': org/jetbrains/kotlin/gradle/plugin/KotlinPluginWrapper> (0x00000000f6b61b20) thrown at [C:\ade\jenkins\workspace\8-2-build-windows-amd64-cygwin\jdk8u241\331\hotspot\src\share\vm\oops\constantPool.cpp, line 24
Event: 846.598 Thread 0x00000000153ef800 Exception <a 'java/lang/NoClassDefFoundError': org/jetbrains/kotlin/gradle/plugin/KotlinPluginWrapper> (0x00000000f8bc2148) thrown at [C:\ade\jenkins\workspace\8-2-build-windows-amd64-cygwin\jdk8u241\331\hotspot\src\share\vm\oops\constantPool.cpp, line 24
Event: 874.027 Thread 0x000000001a61b000 Exception <a 'java/lang/NoSuchMethodError': java.lang.Object.lambda$comparingInt$7b0bb60$1(Ljava/util/function/ToIntFunction;Ljava/lang/Object;Ljava/lang/Object;)I> (0x00000000fa717398) thrown at [C:\ade\jenkins\workspace\8-2-build-windows-amd64-cygwin\jd
Event: 874.269 Thread 0x00000000153ef800 Exception <a 'java/lang/NoClassDefFoundError': org/jetbrains/kotlin/gradle/plugin/KotlinPluginWrapper> (0x00000000fab3b198) thrown at [C:\ade\jenkins\workspace\8-2-build-windows-amd64-cygwin\jdk8u241\331\hotspot\src\share\vm\oops\constantPool.cpp, line 24

Events (10 events):
Event: 874.258 Thread 0x000000001b462000 Thread added: 0x000000001b462000
Event: 874.258 Thread 0x000000001b467000 Thread added: 0x000000001b467000
Event: 874.258 Thread 0x000000001b464000 Thread added: 0x000000001b464000
Event: 874.258 Thread 0x000000001b462800 Thread added: 0x000000001b462800
Event: 874.258 Thread 0x000000001b465800 Thread added: 0x000000001b465800
Event: 874.258 Thread 0x000000001b460800 Thread added: 0x000000001b460800
Event: 874.258 Thread 0x000000001b461000 Thread added: 0x000000001b461000
Event: 874.258 Thread 0x00000000153f4800 Uncommon trap: trap_request=0xffffff65 fr.pc=0x0000000004fcbee4
Event: 874.258 Thread 0x00000000153f4800 DEOPT PACKING pc=0x0000000004fcbee4 sp=0x000000001ee3e8b0
Event: 874.258 Thread 0x00000000153f4800 DEOPT UNPACKING pc=0x000000000260583b sp=0x000000001ee3e6e0 mode 2


Dynamic libraries:
0x00007ff63e540000 - 0x00007ff63e577000 	C:\Program Files\Java\jdk1.8.0_241\bin\java.exe
0x00007ffc10e90000 - 0x00007ffc11085000 	C:\Windows\SYSTEM32\ntdll.dll
0x00007ffc0f6a0000 - 0x00007ffc0f75d000 	C:\Windows\System32\KERNEL32.DLL
0x00007ffc0e5a0000 - 0x00007ffc0e86d000 	C:\Windows\System32\KERNELBASE.dll
0x00007ffc106c0000 - 0x00007ffc1076e000 	C:\Windows\System32\ADVAPI32.dll
0x00007ffc0f330000 - 0x00007ffc0f3ce000 	C:\Windows\System32\msvcrt.dll
0x00007ffc10620000 - 0x00007ffc106bc000 	C:\Windows\System32\sechost.dll
0x00007ffc0f480000 - 0x00007ffc0f5a5000 	C:\Windows\System32\RPCRT4.dll
0x00007ffc0f760000 - 0x00007ffc0f900000 	C:\Windows\System32\USER32.dll
0x00007ffc0eb10000 - 0x00007ffc0eb32000 	C:\Windows\System32\win32u.dll
0x00007ffc0fa10000 - 0x00007ffc0fa3a000 	C:\Windows\System32\GDI32.dll
0x00007ffc0eb70000 - 0x00007ffc0ec7b000 	C:\Windows\System32\gdi32full.dll
0x00007ffc0e9e0000 - 0x00007ffc0ea7d000 	C:\Windows\System32\msvcp_win.dll
0x00007ffc0e8e0000 - 0x00007ffc0e9e0000 	C:\Windows\System32\ucrtbase.dll
0x00007ffbfe010000 - 0x00007ffbfe2aa000 	C:\Windows\WinSxS\amd64_microsoft.windows.common-controls_6595b64144ccf1df_6.0.19041.1110_none_60b5254171f9507e\COMCTL32.dll
0x00007ffc0f3d0000 - 0x00007ffc0f400000 	C:\Windows\System32\IMM32.DLL
0x0000000059b50000 - 0x0000000059c22000 	C:\Program Files\Java\jdk1.8.0_241\jre\bin\msvcr100.dll
0x00000000592a0000 - 0x0000000059b4c000 	C:\Program Files\Java\jdk1.8.0_241\jre\bin\server\jvm.dll
0x00007ffc0fa40000 - 0x00007ffc0fa48000 	C:\Windows\System32\PSAPI.DLL
0x00007ffbfbfa0000 - 0x00007ffbfbfa9000 	C:\Windows\SYSTEM32\WSOCK32.dll
0x00007ffc00650000 - 0x00007ffc00677000 	C:\Windows\SYSTEM32\WINMM.dll
0x00007ffc04c70000 - 0x00007ffc04c7a000 	C:\Windows\SYSTEM32\VERSION.dll
0x00007ffc10de0000 - 0x00007ffc10e4b000 	C:\Windows\System32\WS2_32.dll
0x00007ffc06ff0000 - 0x00007ffc06fff000 	C:\Program Files\Java\jdk1.8.0_241\jre\bin\verify.dll
0x00007ffc03f20000 - 0x00007ffc03f49000 	C:\Program Files\Java\jdk1.8.0_241\jre\bin\java.dll
0x00007ffc02520000 - 0x00007ffc02536000 	C:\Program Files\Java\jdk1.8.0_241\jre\bin\zip.dll
0x00007ffc0fa50000 - 0x00007ffc10194000 	C:\Windows\System32\SHELL32.dll
0x00007ffc0c2d0000 - 0x00007ffc0ca64000 	C:\Windows\SYSTEM32\windows.storage.dll
0x00007ffc10770000 - 0x00007ffc10ac4000 	C:\Windows\System32\combase.dll
0x00007ffc0e000000 - 0x00007ffc0e02c000 	C:\Windows\SYSTEM32\Wldp.dll
0x00007ffc0f210000 - 0x00007ffc0f2bd000 	C:\Windows\System32\SHCORE.dll
0x00007ffc0f5b0000 - 0x00007ffc0f605000 	C:\Windows\System32\shlwapi.dll
0x00007ffc0e4e0000 - 0x00007ffc0e4ff000 	C:\Windows\SYSTEM32\profapi.dll
0x00007ffc00690000 - 0x00007ffc006aa000 	C:\Program Files\Java\jdk1.8.0_241\jre\bin\net.dll
0x00007ffc0dd60000 - 0x00007ffc0ddca000 	C:\Windows\system32\mswsock.dll
0x00007ffbff980000 - 0x00007ffbff992000 	C:\Program Files\Java\jdk1.8.0_241\jre\bin\nio.dll
0x00007ffc03f50000 - 0x00007ffc03f77000 	C:\Users\Administrator\.gradle\native\e1d6ef7f7dcc3fd88c89a11ec53ec762bb8ba0a96d01ffa2cd45eb1d1d8dd5c5\windows-amd64\native-platform.dll
0x00007ffc01870000 - 0x00007ffc019b4000 	C:\Users\Administrator\.gradle\native\0d407fdbe67a94daf76414ababcb853783967236a71b16ec16e742cd7a986fd3\windows-amd64\native-platform-file-events.dll
0x00007ffc04ec0000 - 0x00007ffc04ecd000 	C:\Program Files\Java\jdk1.8.0_241\jre\bin\management.dll
0x00007ffc0df60000 - 0x00007ffc0df78000 	C:\Windows\SYSTEM32\CRYPTSP.dll
0x00007ffc0d670000 - 0x00007ffc0d6a4000 	C:\Windows\system32\rsaenh.dll
0x00007ffc0eb40000 - 0x00007ffc0eb67000 	C:\Windows\System32\bcrypt.dll
0x00007ffc0e4a0000 - 0x00007ffc0e4ce000 	C:\Windows\SYSTEM32\USERENV.dll
0x00007ffc0ea80000 - 0x00007ffc0eb02000 	C:\Windows\System32\bcryptprimitives.dll
0x00007ffc0df50000 - 0x00007ffc0df5c000 	C:\Windows\SYSTEM32\CRYPTBASE.dll
0x00007ffc0da00000 - 0x00007ffc0da3b000 	C:\Windows\SYSTEM32\IPHLPAPI.DLL
0x00007ffc0f320000 - 0x00007ffc0f328000 	C:\Windows\System32\NSI.dll
0x00007ffc04da0000 - 0x00007ffc04db7000 	C:\Windows\SYSTEM32\dhcpcsvc6.DLL
0x00007ffc06210000 - 0x00007ffc0622d000 	C:\Windows\SYSTEM32\dhcpcsvc.DLL
0x00007ffc0da40000 - 0x00007ffc0db0b000 	C:\Windows\SYSTEM32\DNSAPI.dll

VM Arguments:
jvm_args: -XX:MaxMetaspaceSize=256m -XX:+HeapDumpOnOutOfMemoryError -Xms256m -Xmx512m -Dfile.encoding=windows-1252 -Duser.country=US -Duser.language=en -Duser.variant 
java_command: org.gradle.launcher.daemon.bootstrap.GradleDaemon 7.4.1
java_class_path (initial): C:\Users\Administrator\.gradle\wrapper\dists\gradle-7.4.1-all\htb4l60oox3i12rnwfoqoo8d\gradle-7.4.1\lib\gradle-launcher-7.4.1.jar
Launcher Type: SUN_STANDARD

Environment Variables:
PATH=C:\Program Files (x86)\Common Files\Oracle\Java\javapath;C:\ProgramData\Oracle\Java\javapath;C:\Windows\system32;C:\Windows;C:\Windows\System32\Wbem;C:\Windows\System32\WindowsPowerShell\v1.0\;C:\Windows\System32\OpenSSH\;C:\Program Files (x86)\Microsoft SQL Server\100\Tools\Binn\;C:\Program Files (x86)\Microsoft SQL Server\100\DTS\Binn\;C:\Program Files\Git\cmd;C:\Users\Administrator\AppData\Local\Microsoft\WindowsApps;
USERNAME=Administrator
OS=Windows_NT
PROCESSOR_IDENTIFIER=Intel64 Family 6 Model 61 Stepping 4, GenuineIntel



---------------  S Y S T E M  ---------------

OS: Windows 10.0 , 64 bit Build 19041 (10.0.19041.1706)

CPU:total 4 (initial active 4) (2 cores per cpu, 2 threads per core) family 6 model 61 stepping 4, cmov, cx8, fxsr, mmx, sse, sse2, sse3, ssse3, sse4.1, sse4.2, popcnt, avx, avx2, aes, clmul, erms, 3dnowpref, lzcnt, ht, tsc, tscinvbit, bmi1, bmi2, adx

Memory: 4k page, physical 8277140k(795468k free), swap 10355256k(864k free)

vm_info: Java HotSpot(TM) 64-Bit Server VM (25.241-b07) for windows-amd64 JRE (1.8.0_241-b07), built on Dec 11 2019 10:21:40 by "rejava" with MS VC++ 10.0 (VS2010)

time: Sun May 29 10:38:15 2022
timezone: SE Asia Standard Time
elapsed time: 874 seconds (0d 0h 14m 34s)

