#
# There is insufficient memory for the Java Runtime Environment to continue.
# Native memory allocation (malloc) failed to allocate 32744 bytes for ChunkPool::allocate
# Possible reasons:
#   The system is out of physical RAM or swap space
#   The process is running with CompressedOops enabled, and the Java Heap may be blocking the growth of the native heap
# Possible solutions:
#   Reduce memory load on the system
#   Increase physical memory or swap space
#   Check if swap backing store is full
#   Decrease Java heap size (-Xmx/-Xms)
#   Decrease number of Java threads
#   Decrease Java thread stack sizes (-Xss)
#   Set larger code cache with -XX:ReservedCodeCacheSize=
#   JVM is running with Unscaled Compressed Oops mode in which the Java heap is
#     placed in the first 4GB address space. The Java Heap base address is the
#     maximum limit for the native heap growth. Please use -XX:HeapBaseMinAddress
#     to set the Java Heap base and to place the Java Heap above 4GB virtual address.
# This output file may be truncated or incomplete.
#
#  Out of Memory Error (allocation.cpp:272), pid=9048, tid=0x0000000000001a7c
#
# JRE version: Java(TM) SE Runtime Environment (8.0_241-b07) (build 1.8.0_241-b07)
# Java VM: Java HotSpot(TM) 64-Bit Server VM (25.241-b07 mixed mode windows-amd64 compressed oops)
# Failed to write core dump. Minidumps are not enabled by default on client versions of Windows
#

---------------  T H R E A D  ---------------

Current thread (0x0000000013fc6800):  JavaThread "C2 CompilerThread0" daemon [_thread_in_native, id=6780, stack(0x0000000015610000,0x0000000015710000)]

Stack: [0x0000000015610000,0x0000000015710000]
[error occurred during error reporting (printing stack bounds), id 0xc0000005]

Native frames: (J=compiled Java code, j=interpreted, Vv=VM code, C=native code)


Current CompileTask:
C2:  50975 8275   !   4       org.gradle.api.internal.attributes.DefaultImmutableAttributesFactory::doConcatIsolatable (128 bytes)


---------------  P R O C E S S  ---------------

Java Threads: ( => current thread )
  0x000000001bdad000 JavaThread "Unconstrained build operations Thread 17" [_thread_new, id=9416, stack(0x0000000000000000,0x0000000000000000)]
  0x000000001bdb3000 JavaThread "Unconstrained build operations Thread 16" [_thread_new, id=7620, stack(0x0000000000000000,0x0000000000000000)]
  0x000000001bda9000 JavaThread "Unconstrained build operations Thread 15" [_thread_new, id=6160, stack(0x0000000000000000,0x0000000000000000)]
  0x000000001bdaf000 JavaThread "Unconstrained build operations Thread 14" [_thread_new, id=7056, stack(0x0000000000000000,0x0000000000000000)]
  0x000000001bdaa000 JavaThread "Unconstrained build operations Thread 13" [_thread_new, id=3648, stack(0x0000000000000000,0x0000000000000000)]
  0x000000001bdb0000 JavaThread "Unconstrained build operations Thread 12" [_thread_new, id=10628, stack(0x0000000000000000,0x0000000000000000)]
  0x000000001bdae800 JavaThread "Unconstrained build operations Thread 11" [_thread_new, id=12008, stack(0x0000000000000000,0x0000000000000000)]
  0x000000001bdac000 JavaThread "Unconstrained build operations Thread 10" [_thread_new, id=2360, stack(0x0000000000000000,0x0000000000000000)]
  0x000000001bdab800 JavaThread "Unconstrained build operations Thread 9" [_thread_new, id=6608, stack(0x0000000000000000,0x0000000000000000)]
  0x000000001bcda800 JavaThread "Unconstrained build operations Thread 8" [_thread_new, id=11216, stack(0x0000000000000000,0x0000000000000000)]
  0x000000001bcd9800 JavaThread "Unconstrained build operations Thread 7" [_thread_new, id=6040, stack(0x0000000000000000,0x0000000000000000)]
  0x000000001bce0800 JavaThread "Unconstrained build operations Thread 6" [_thread_new, id=7832, stack(0x0000000000000000,0x0000000000000000)]
  0x000000001bcdd800 JavaThread "Unconstrained build operations Thread 5" [_thread_new, id=12180, stack(0x0000000000000000,0x0000000000000000)]
  0x000000001bcdc800 JavaThread "Unconstrained build operations Thread 4" [_thread_new, id=2628, stack(0x0000000000000000,0x0000000000000000)]
  0x000000001bcdf800 JavaThread "Unconstrained build operations Thread 3" [_thread_new, id=7744, stack(0x0000000000000000,0x0000000000000000)]
  0x000000001bcdc000 JavaThread "Unconstrained build operations Thread 2" [_thread_new, id=11344, stack(0x0000000000000000,0x0000000000000000)]
  0x000000001bcdf000 JavaThread "Unconstrained build operations" [_thread_new, id=4772, stack(0x0000000000000000,0x0000000000000000)]
  0x000000001bcdb000 JavaThread "Cache worker for Build Output Cleanup Cache (D:\codeGYM\C1221G1-tr-n-lu-t\C1221G1_[TranNgocLuat]_Module4\case\furama_resort\.gradle\buildOutputCleanup)" [_thread_blocked, id=7584, stack(0x0000000020360000,0x0000000020460000)]
  0x000000001bcde000 JavaThread "Cache worker for dependencies-accessors (D:\codeGYM\C1221G1-tr-n-lu-t\C1221G1_[TranNgocLuat]_Module4\case\furama_resort\.gradle\7.4.1\dependencies-accessors)" [_thread_blocked, id=3564, stack(0x0000000020260000,0x0000000020360000)]
  0x000000001bcd9000 JavaThread "Cache worker for cache directory md-supplier (C:\Users\Administrator\.gradle\caches\7.4.1\md-supplier)" [_thread_blocked, id=10580, stack(0x000000001eab0000,0x000000001ebb0000)]
  0x000000001bcd1800 JavaThread "Cache worker for file hash cache (D:\codeGYM\C1221G1-tr-n-lu-t\C1221G1_[TranNgocLuat]_Module4\case\furama_resort\.gradle\7.4.1\fileHashes)" [_thread_blocked, id=1184, stack(0x000000001dbb0000,0x000000001dcb0000)]
  0x000000001bcd2000 JavaThread "Cache worker for cache directory md-rule (C:\Users\Administrator\.gradle\caches\7.4.1\md-rule)" [_thread_blocked, id=1948, stack(0x000000001dab0000,0x000000001dbb0000)]
  0x000000001bcd6000 JavaThread "Cache worker for checksums cache (D:\codeGYM\C1221G1-tr-n-lu-t\C1221G1_[TranNgocLuat]_Module4\case\furama_resort\.gradle\7.4.1\checksums)" [_thread_blocked, id=552, stack(0x000000001d7b0000,0x000000001d8b0000)]
  0x000000001bcd5000 JavaThread "Daemon client event forwarder" [_thread_blocked, id=8620, stack(0x000000001d6b0000,0x000000001d7b0000)]
  0x000000001bcd3000 JavaThread "Stdin handler" [_thread_blocked, id=10020, stack(0x0000000019830000,0x0000000019930000)]
  0x000000001bcd8000 JavaThread "Asynchronous log dispatcher for DefaultDaemonConnection: socket connection from /127.0.0.1:60099 to /127.0.0.1:60157" [_thread_blocked, id=2944, stack(0x0000000019730000,0x0000000019830000)]
  0x000000001bcd6800 JavaThread "Cancel handler" [_thread_blocked, id=9092, stack(0x0000000019630000,0x0000000019730000)]
  0x000000001bcd4800 JavaThread "Handler for socket connection from /127.0.0.1:60099 to /127.0.0.1:60157" [_thread_in_native, id=8332, stack(0x0000000019430000,0x0000000019530000)]
  0x000000001b18f800 JavaThread "included builds" [_thread_blocked, id=3744, stack(0x0000000022120000,0x0000000022220000)]
  0x000000001bdaa800 JavaThread "File lock release action executor" [_thread_blocked, id=1992, stack(0x0000000019330000,0x0000000019430000)]
  0x000000001bdb2000 JavaThread "included builds" [_thread_blocked, id=9516, stack(0x0000000021f20000,0x0000000022020000)]
  0x000000001bdb1800 JavaThread "Memory manager" [_thread_blocked, id=1216, stack(0x0000000021a20000,0x0000000021b20000)]
  0x000000001b188000 JavaThread "jar transforms Thread 4" [_thread_blocked, id=12188, stack(0x000000001e9b0000,0x000000001eab0000)]
  0x000000001b180800 JavaThread "jar transforms Thread 3" [_thread_blocked, id=10252, stack(0x000000001e8b0000,0x000000001e9b0000)]
  0x000000001b182000 JavaThread "Cache worker for file content cache (C:\Users\Administrator\.gradle\caches\7.4.1\fileContent)" [_thread_blocked, id=7732, stack(0x000000001e5b0000,0x000000001e6b0000)]
  0x000000001b185800 JavaThread "jar transforms Thread 2" [_thread_blocked, id=6728, stack(0x000000001e0b0000,0x000000001e1b0000)]
  0x000000001b186800 JavaThread "jar transforms" [_thread_blocked, id=9616, stack(0x000000001dfb0000,0x000000001e0b0000)]
  0x000000001b182800 JavaThread "Cache worker for execution history cache (C:\Users\Administrator\.gradle\caches\7.4.1\executionHistory)" [_thread_blocked, id=9536, stack(0x000000001dcb0000,0x000000001ddb0000)]
  0x0000000016e7a000 JavaThread "File watcher consumer" daemon [_thread_blocked, id=1520, stack(0x000000001c120000,0x000000001c220000)]
  0x0000000016e7b000 JavaThread "File watcher server" daemon [_thread_in_native, id=11696, stack(0x000000001c020000,0x000000001c120000)]
  0x0000000016e7f800 JavaThread "Cache worker for file hash cache (C:\Users\Administrator\.gradle\caches\7.4.1\fileHashes)" [_thread_blocked, id=4692, stack(0x0000000019d80000,0x0000000019e80000)]
  0x0000000016e7e800 JavaThread "File lock request listener" [_thread_in_native, id=9388, stack(0x0000000019b30000,0x0000000019c30000)]
  0x0000000016e79800 JavaThread "Cache worker for journal cache (C:\Users\Administrator\.gradle\caches\journal-1)" [_thread_blocked, id=4784, stack(0x0000000019c80000,0x0000000019d80000)]
  0x0000000016e7b800 JavaThread "Daemon worker" [_thread_in_vm, id=8296, stack(0x0000000019530000,0x0000000019630000)]
  0x0000000017c3c800 JavaThread "Daemon" [_thread_blocked, id=2040, stack(0x0000000019230000,0x0000000019330000)]
  0x0000000017c24000 JavaThread "Daemon periodic checks" [_thread_blocked, id=8188, stack(0x0000000019130000,0x0000000019230000)]
  0x0000000017c09000 JavaThread "Incoming local TCP Connector on port 60099" [_thread_in_native, id=1032, stack(0x0000000018cf0000,0x0000000018df0000)]
  0x0000000017b23000 JavaThread "Daemon health stats" [_thread_blocked, id=1188, stack(0x00000000188b0000,0x00000000189b0000)]
  0x000000001401e800 JavaThread "Service Thread" daemon [_thread_blocked, id=7260, stack(0x0000000015d10000,0x0000000015e10000)]
  0x0000000015820800 JavaThread "C1 CompilerThread2" daemon [_thread_blocked, id=6696, stack(0x0000000015c10000,0x0000000015d10000)]
  0x0000000014017000 JavaThread "C2 CompilerThread1" daemon [_thread_in_native, id=224, stack(0x0000000015710000,0x0000000015810000)]
=>0x0000000013fc6800 JavaThread "C2 CompilerThread0" daemon [_thread_in_native, id=6780, stack(0x0000000015610000,0x0000000015710000)]
  0x0000000013fc5000 JavaThread "Attach Listener" daemon [_thread_blocked, id=11940, stack(0x0000000015510000,0x0000000015610000)]
  0x0000000013fc4000 JavaThread "Signal Dispatcher" daemon [_thread_blocked, id=424, stack(0x0000000015410000,0x0000000015510000)]
  0x0000000002b6c000 JavaThread "Finalizer" daemon [_thread_blocked, id=220, stack(0x0000000015210000,0x0000000015310000)]
  0x0000000002b63000 JavaThread "Reference Handler" daemon [_thread_blocked, id=11160, stack(0x0000000015110000,0x0000000015210000)]
  0x0000000002b9d800 JavaThread "main" [_thread_blocked, id=8904, stack(0x0000000002940000,0x0000000002a40000)]

Other Threads:
  0x0000000013f88000 VMThread [stack: 0x0000000015010000,0x0000000015110000] [id=8960]
  0x0000000015821800 WatcherThread [stack: 0x0000000015e10000,0x0000000015f10000] [id=2456]

VM state:not at safepoint (normal execution)

VM Mutex/Monitor currently owned by a thread: None

OutOfMemory and StackOverflow Exception counts:
OutOfMemoryError java_heap_errors=1

heap address: 0x00000000e0000000, size: 512 MB, Compressed Oops mode: 32-bit
Narrow klass base: 0x0000000000000000, Narrow klass shift: 3
Compressed class space size: 1073741824 Address: 0x0000000100000000

Heap:
 PSYoungGen      total 157184K, used 92568K [0x00000000f5580000, 0x0000000100000000, 0x0000000100000000)
  eden space 139776K, 53% used [0x00000000f5580000,0x00000000f9ee8078,0x00000000fde00000)
  from space 17408K, 99% used [0x00000000fde00000,0x00000000feefe060,0x00000000fef00000)
  to   space 17408K, 0% used [0x00000000fef00000,0x00000000fef00000,0x0000000100000000)
 ParOldGen       total 175104K, used 25173K [0x00000000e0000000, 0x00000000eab00000, 0x00000000f5580000)
  object space 175104K, 14% used [0x00000000e0000000,0x00000000e1895680,0x00000000eab00000)
 Metaspace       used 51928K, capacity 55796K, committed 55936K, reserved 1097728K
  class space    used 7368K, capacity 8046K, committed 8064K, reserved 1048576K

Card table byte_map: [0x0000000011f60000,0x0000000012070000] byte_map_base: 0x0000000011860000

Marking Bits: (ParMarkBitMap*) 0x000000007057be30
 Begin Bits: [0x0000000012520000, 0x0000000012d20000)
 End Bits:   [0x0000000012d20000, 0x0000000013520000)

Polling page: 0x0000000000e40000

CodeCache: size=245760Kb used=24379Kb max_used=24379Kb free=221380Kb
 bounds [0x0000000002ba0000, 0x0000000004390000, 0x0000000011ba0000]
 total_blobs=8113 nmethods=7359 adapters=665
 compilation: enabled

Compilation events (10 events):
Event: 50.964 Thread 0x0000000015820800 nmethod 8282 0x000000000437b910 code [0x000000000437bae0, 0x000000000437c2a8]
Event: 50.964 Thread 0x0000000015820800 8283       3       org.gradle.api.internal.artifacts.type.DefaultArtifactTypeRegistry::mapAttributesFor (202 bytes)
Event: 50.965 Thread 0x0000000015820800 nmethod 8283 0x000000000437c5d0 code [0x000000000437c880, 0x000000000437dab8]
Event: 50.965 Thread 0x0000000015820800 8284       3       org.gradle.api.internal.artifacts.ivyservice.resolveengine.artifact.DefaultArtifactSet::toResolvedVariant (258 bytes)
Event: 50.969 Thread 0x0000000015820800 nmethod 8284 0x000000000437e110 code [0x000000000437e580, 0x0000000004381188]
Event: 50.972 Thread 0x0000000015820800 8285       1       java.lang.StackTraceElement::getLineNumber (5 bytes)
Event: 50.972 Thread 0x0000000015820800 nmethod 8285 0x0000000004377410 code [0x0000000004377560, 0x0000000004377670]
Event: 50.972 Thread 0x0000000015820800 8286       1       java.lang.StackTraceElement::getFileName (5 bytes)
Event: 50.972 Thread 0x0000000015820800 nmethod 8286 0x0000000004377150 code [0x00000000043772a0, 0x00000000043773b0]
Event: 50.974 Thread 0x0000000015820800 8287       3       java.util.regex.Pattern$Loop::matchInit (123 bytes)

GC Heap History (10 events):
Event: 10.211 GC heap before
{Heap before GC invocations=9 (full 2):
 PSYoungGen      total 113664K, used 7991K [0x00000000f5580000, 0x00000000ffe80000, 0x0000000100000000)
  eden space 99840K, 0% used [0x00000000f5580000,0x00000000f5580000,0x00000000fb700000)
  from space 13824K, 57% used [0x00000000fb700000,0x00000000fbecddf8,0x00000000fc480000)
  to   space 12800K, 0% used [0x00000000ff200000,0x00000000ff200000,0x00000000ffe80000)
 ParOldGen       total 175104K, used 10084K [0x00000000e0000000, 0x00000000eab00000, 0x00000000f5580000)
  object space 175104K, 5% used [0x00000000e0000000,0x00000000e09d9398,0x00000000eab00000)
 Metaspace       used 33989K, capacity 35358K, committed 35456K, reserved 1079296K
  class space    used 4874K, capacity 5183K, committed 5248K, reserved 1048576K
Event: 10.293 GC heap after
Heap after GC invocations=9 (full 2):
 PSYoungGen      total 113664K, used 0K [0x00000000f5580000, 0x00000000ffe80000, 0x0000000100000000)
  eden space 99840K, 0% used [0x00000000f5580000,0x00000000f5580000,0x00000000fb700000)
  from space 13824K, 0% used [0x00000000fb700000,0x00000000fb700000,0x00000000fc480000)
  to   space 12800K, 0% used [0x00000000ff200000,0x00000000ff200000,0x00000000ffe80000)
 ParOldGen       total 175104K, used 15403K [0x00000000e0000000, 0x00000000eab00000, 0x00000000f5580000)
  object space 175104K, 8% used [0x00000000e0000000,0x00000000e0f0aef8,0x00000000eab00000)
 Metaspace       used 33989K, capacity 35358K, committed 35456K, reserved 1079296K
  class space    used 4874K, capacity 5183K, committed 5248K, reserved 1048576K
}
Event: 11.253 GC heap before
{Heap before GC invocations=10 (full 2):
 PSYoungGen      total 113664K, used 99840K [0x00000000f5580000, 0x00000000ffe80000, 0x0000000100000000)
  eden space 99840K, 100% used [0x00000000f5580000,0x00000000fb700000,0x00000000fb700000)
  from space 13824K, 0% used [0x00000000fb700000,0x00000000fb700000,0x00000000fc480000)
  to   space 12800K, 0% used [0x00000000ff200000,0x00000000ff200000,0x00000000ffe80000)
 ParOldGen       total 175104K, used 15403K [0x00000000e0000000, 0x00000000eab00000, 0x00000000f5580000)
  object space 175104K, 8% used [0x00000000e0000000,0x00000000e0f0aef8,0x00000000eab00000)
 Metaspace       used 39312K, capacity 41100K, committed 41344K, reserved 1085440K
  class space    used 5609K, capacity 5980K, committed 6016K, reserved 1048576K
Event: 11.264 GC heap after
Heap after GC invocations=10 (full 2):
 PSYoungGen      total 154112K, used 6498K [0x00000000f5580000, 0x00000000ffb80000, 0x0000000100000000)
  eden space 144384K, 0% used [0x00000000f5580000,0x00000000f5580000,0x00000000fe280000)
  from space 9728K, 66% used [0x00000000ff200000,0x00000000ff858b00,0x00000000ffb80000)
  to   space 12800K, 0% used [0x00000000fe280000,0x00000000fe280000,0x00000000fef00000)
 ParOldGen       total 175104K, used 15403K [0x00000000e0000000, 0x00000000eab00000, 0x00000000f5580000)
  object space 175104K, 8% used [0x00000000e0000000,0x00000000e0f0aef8,0x00000000eab00000)
 Metaspace       used 39312K, capacity 41100K, committed 41344K, reserved 1085440K
  class space    used 5609K, capacity 5980K, committed 6016K, reserved 1048576K
}
Event: 12.929 GC heap before
{Heap before GC invocations=11 (full 2):
 PSYoungGen      total 154112K, used 150882K [0x00000000f5580000, 0x00000000ffb80000, 0x0000000100000000)
  eden space 144384K, 100% used [0x00000000f5580000,0x00000000fe280000,0x00000000fe280000)
  from space 9728K, 66% used [0x00000000ff200000,0x00000000ff858b00,0x00000000ffb80000)
  to   space 12800K, 0% used [0x00000000fe280000,0x00000000fe280000,0x00000000fef00000)
 ParOldGen       total 175104K, used 15403K [0x00000000e0000000, 0x00000000eab00000, 0x00000000f5580000)
  object space 175104K, 8% used [0x00000000e0000000,0x00000000e0f0aef8,0x00000000eab00000)
 Metaspace       used 45535K, capacity 48386K, committed 48768K, reserved 1091584K
  class space    used 6644K, capacity 7185K, committed 7296K, reserved 1048576K
Event: 12.947 GC heap after
Heap after GC invocations=11 (full 2):
 PSYoungGen      total 157184K, used 12553K [0x00000000f5580000, 0x0000000100000000, 0x0000000100000000)
  eden space 144384K, 0% used [0x00000000f5580000,0x00000000f5580000,0x00000000fe280000)
  from space 12800K, 98% used [0x00000000fe280000,0x00000000feec27b0,0x00000000fef00000)
  to   space 14336K, 0% used [0x00000000ff200000,0x00000000ff200000,0x0000000100000000)
 ParOldGen       total 175104K, used 15411K [0x00000000e0000000, 0x00000000eab00000, 0x00000000f5580000)
  object space 175104K, 8% used [0x00000000e0000000,0x00000000e0f0cef8,0x00000000eab00000)
 Metaspace       used 45535K, capacity 48386K, committed 48768K, reserved 1091584K
  class space    used 6644K, capacity 7185K, committed 7296K, reserved 1048576K
}
Event: 16.572 GC heap before
{Heap before GC invocations=12 (full 2):
 PSYoungGen      total 157184K, used 156937K [0x00000000f5580000, 0x0000000100000000, 0x0000000100000000)
  eden space 144384K, 100% used [0x00000000f5580000,0x00000000fe280000,0x00000000fe280000)
  from space 12800K, 98% used [0x00000000fe280000,0x00000000feec27b0,0x00000000fef00000)
  to   space 14336K, 0% used [0x00000000ff200000,0x00000000ff200000,0x0000000100000000)
 ParOldGen       total 175104K, used 15411K [0x00000000e0000000, 0x00000000eab00000, 0x00000000f5580000)
  object space 175104K, 8% used [0x00000000e0000000,0x00000000e0f0cef8,0x00000000eab00000)
 Metaspace       used 49300K, capacity 52560K, committed 52736K, reserved 1093632K
  class space    used 7080K, capacity 7658K, committed 7680K, reserved 1048576K
Event: 16.602 GC heap after
Heap after GC invocations=12 (full 2):
 PSYoungGen      total 154112K, used 14312K [0x00000000f5580000, 0x0000000100000000, 0x0000000100000000)
  eden space 139776K, 0% used [0x00000000f5580000,0x00000000f5580000,0x00000000fde00000)
  from space 14336K, 99% used [0x00000000ff200000,0x00000000ffffa050,0x0000000100000000)
  to   space 17408K, 0% used [0x00000000fde00000,0x00000000fde00000,0x00000000fef00000)
 ParOldGen       total 175104K, used 20006K [0x00000000e0000000, 0x00000000eab00000, 0x00000000f5580000)
  object space 175104K, 11% used [0x00000000e0000000,0x00000000e1389970,0x00000000eab00000)
 Metaspace       used 49300K, capacity 52560K, committed 52736K, reserved 1093632K
  class space    used 7080K, capacity 7658K, committed 7680K, reserved 1048576K
}
Event: 35.021 GC heap before
{Heap before GC invocations=13 (full 2):
 PSYoungGen      total 154112K, used 154088K [0x00000000f5580000, 0x0000000100000000, 0x0000000100000000)
  eden space 139776K, 100% used [0x00000000f5580000,0x00000000fde00000,0x00000000fde00000)
  from space 14336K, 99% used [0x00000000ff200000,0x00000000ffffa050,0x0000000100000000)
  to   space 17408K, 0% used [0x00000000fde00000,0x00000000fde00000,0x00000000fef00000)
 ParOldGen       total 175104K, used 20006K [0x00000000e0000000, 0x00000000eab00000, 0x00000000f5580000)
  object space 175104K, 11% used [0x00000000e0000000,0x00000000e1389970,0x00000000eab00000)
 Metaspace       used 51082K, capacity 54688K, committed 54784K, reserved 1095680K
  class space    used 7248K, capacity 7880K, committed 7936K, reserved 1048576K
Event: 35.059 GC heap after
Heap after GC invocations=13 (full 2):
 PSYoungGen      total 157184K, used 17400K [0x00000000f5580000, 0x0000000100000000, 0x0000000100000000)
  eden space 139776K, 0% used [0x00000000f5580000,0x00000000f5580000,0x00000000fde00000)
  from space 17408K, 99% used [0x00000000fde00000,0x00000000feefe060,0x00000000fef00000)
  to   space 17408K, 0% used [0x00000000fef00000,0x00000000fef00000,0x0000000100000000)
 ParOldGen       total 175104K, used 25173K [0x00000000e0000000, 0x00000000eab00000, 0x00000000f5580000)
  object space 175104K, 14% used [0x00000000e0000000,0x00000000e1895680,0x00000000eab00000)
 Metaspace       used 51082K, capacity 54688K, committed 54784K, reserved 1095680K
  class space    used 7248K, capacity 7880K, committed 7936K, reserved 1048576K
}

Deoptimization events (10 events):
Event: 32.166 Thread 0x0000000016e7b800 Uncommon trap: reason=array_check action=maybe_recompile pc=0x00000000032957b0 method=java.util.AbstractCollection.toArray([Ljava/lang/Object;)[Ljava/lang/Object; @ 119
Event: 32.167 Thread 0x0000000016e7b800 Uncommon trap: reason=array_check action=maybe_recompile pc=0x00000000032957b0 method=java.util.AbstractCollection.toArray([Ljava/lang/Object;)[Ljava/lang/Object; @ 119
Event: 32.167 Thread 0x0000000016e7b800 Uncommon trap: reason=array_check action=maybe_recompile pc=0x00000000032957b0 method=java.util.AbstractCollection.toArray([Ljava/lang/Object;)[Ljava/lang/Object; @ 119
Event: 34.273 Thread 0x000000001b18f800 Uncommon trap: reason=class_check action=maybe_recompile pc=0x0000000003dd5204 method=io.spring.gradle.dependencymanagement.org.apache.maven.model.interpolation.StringSearchModelInterpolator$InterpolateObjectAction.interpolateMapField(Ljava/lang/Object;Lj
Event: 34.469 Thread 0x000000001b18f800 Uncommon trap: reason=class_check action=maybe_recompile pc=0x0000000003760820 method=io.spring.gradle.dependencymanagement.org.codehaus.plexus.interpolation.MapBasedValueSource.getValue(Ljava/lang/String;)Ljava/lang/Object; @ 16
Event: 34.469 Thread 0x000000001b18f800 Uncommon trap: reason=class_check action=maybe_recompile pc=0x0000000003760820 method=io.spring.gradle.dependencymanagement.org.codehaus.plexus.interpolation.MapBasedValueSource.getValue(Ljava/lang/String;)Ljava/lang/Object; @ 16
Event: 36.445 Thread 0x0000000016e7e000 Uncommon trap: reason=unstable_if action=reinterpret pc=0x00000000042c65bc method=com.esotericsoftware.kryo.io.Output.writeString(Ljava/lang/CharSequence;)V @ 50
Event: 36.447 Thread 0x0000000016e7e000 Uncommon trap: reason=unstable_if action=reinterpret pc=0x00000000042c9a44 method=com.esotericsoftware.kryo.io.Output.writeVarLong(JZ)I @ 55
Event: 36.523 Thread 0x0000000016e7b800 Uncommon trap: reason=null_check action=make_not_entrant pc=0x0000000003fac9a0 method=java.lang.ThreadLocal$ThreadLocalMap.getEntryAfterMiss(Ljava/lang/ThreadLocal;ILjava/lang/ThreadLocal$ThreadLocalMap$Entry;)Ljava/lang/ThreadLocal$ThreadLocalMap$Entry; 
Event: 36.656 Thread 0x000000001bdab800 Uncommon trap: reason=unstable_if action=reinterpret pc=0x0000000003df0048 method=com.esotericsoftware.kryo.io.Input.require(I)I @ 180

Classes redefined (0 events):
No events

Internal exceptions (10 events):
Event: 17.005 Thread 0x000000001bdb2000 Exception <a 'java/lang/ClassNotFoundException': org/gradle/api/tasks/CopyCustomizer> (0x00000000f7cc2ce8) thrown at [C:\ade\jenkins\workspace\8-2-build-windows-amd64-cygwin\jdk8u241\331\hotspot\src\share\vm\classfile\systemDictionary.cpp, line 210]
Event: 17.007 Thread 0x000000001bdb2000 Exception <a 'java/lang/ClassNotFoundException': org/gradle/language/jvm/tasks/ProcessResourcesCustomizer> (0x00000000f7d14390) thrown at [C:\ade\jenkins\workspace\8-2-build-windows-amd64-cygwin\jdk8u241\331\hotspot\src\share\vm\classfile\systemDictionary
Event: 17.008 Thread 0x000000001bdb2000 Exception <a 'java/lang/ClassNotFoundException': org/gradle/language/jvm/tasks/ProcessResources_DecoratedCustomizer> (0x00000000f7d65930) thrown at [C:\ade\jenkins\workspace\8-2-build-windows-amd64-cygwin\jdk8u241\331\hotspot\src\share\vm\classfile\system
Event: 17.065 Thread 0x000000001bdb2000 Exception <a 'java/lang/ClassNotFoundException': org/gradle/api/DefaultTask_DecoratedBeanInfo> (0x00000000f8036598) thrown at [C:\ade\jenkins\workspace\8-2-build-windows-amd64-cygwin\jdk8u241\331\hotspot\src\share\vm\classfile\systemDictionary.cpp, line 2
Event: 17.066 Thread 0x000000001bdb2000 Exception <a 'java/lang/ClassNotFoundException': org/gradle/api/DefaultTask_DecoratedCustomizer> (0x00000000f8053cd8) thrown at [C:\ade\jenkins\workspace\8-2-build-windows-amd64-cygwin\jdk8u241\331\hotspot\src\share\vm\classfile\systemDictionary.cpp, line
Event: 31.154 Thread 0x0000000016e7a000 Implicit null exception at 0x00000000037277a8 to 0x0000000003727cd5
Event: 32.057 Thread 0x0000000016e7b800 Exception <a 'java/lang/NoClassDefFoundError': org/jetbrains/kotlin/gradle/plugin/KotlinPluginWrapper> (0x00000000f958d640) thrown at [C:\ade\jenkins\workspace\8-2-build-windows-amd64-cygwin\jdk8u241\331\hotspot\src\share\vm\oops\constantPool.cpp, line 24
Event: 36.453 Thread 0x000000001bda9000 Exception <a 'java/lang/NoSuchMethodError': <clinit>> (0x00000000f95cf840) thrown at [C:\ade\jenkins\workspace\8-2-build-windows-amd64-cygwin\jdk8u241\331\hotspot\src\share\vm\prims\jni.cpp, line 1614]
Event: 36.523 Thread 0x0000000016e7b800 Implicit null exception at 0x0000000003fac4c7 to 0x0000000003fac981
Event: 50.968 Thread 0x0000000016e7b800 Exception <a 'java/lang/OutOfMemoryError': unable to create new native thread> (0x00000000f9df9e58) thrown at [C:\ade\jenkins\workspace\8-2-build-windows-amd64-cygwin\jdk8u241\331\hotspot\src\share\vm\prims\jvm.cpp, line 3141]

Events (10 events):
Event: 50.968 Thread 0x000000001bdad000 Thread added: 0x000000001bdad000
Event: 50.969 loading class org/gradle/internal/exceptions/DefaultMultiCauseException$1
Event: 50.969 loading class org/gradle/internal/exceptions/DefaultMultiCauseException$1 done
Event: 50.970 loading class org/gradle/internal/exceptions/Contextual
Event: 50.970 loading class org/gradle/internal/exceptions/Contextual done
Event: 50.972 loading class org/gradle/internal/exceptions/ContextAwareException$1
Event: 50.972 loading class org/gradle/internal/exceptions/ContextAwareException$1 done
Event: 50.972 loading class org/codehaus/groovy/runtime/StackTraceUtils
Event: 50.972 loading class org/codehaus/groovy/runtime/StackTraceUtils done
Event: 50.974 loading class java/util/logging/LogRecord


Dynamic libraries:
0x00007ff609620000 - 0x00007ff609657000 	C:\Program Files\Java\jdk1.8.0_241\bin\java.exe
0x00007ffeaee70000 - 0x00007ffeaf065000 	C:\Windows\SYSTEM32\ntdll.dll
0x00007ffeae7f0000 - 0x00007ffeae8ad000 	C:\Windows\System32\KERNEL32.DLL
0x00007ffeac950000 - 0x00007ffeacc1d000 	C:\Windows\System32\KERNELBASE.dll
0x00007ffeadff0000 - 0x00007ffeae09e000 	C:\Windows\System32\ADVAPI32.dll
0x00007ffeade30000 - 0x00007ffeadece000 	C:\Windows\System32\msvcrt.dll
0x00007ffead760000 - 0x00007ffead7fc000 	C:\Windows\System32\sechost.dll
0x00007ffead130000 - 0x00007ffead255000 	C:\Windows\System32\RPCRT4.dll
0x00007ffead260000 - 0x00007ffead400000 	C:\Windows\System32\USER32.dll
0x00007ffeac8b0000 - 0x00007ffeac8d2000 	C:\Windows\System32\win32u.dll
0x00007ffeaed50000 - 0x00007ffeaed7a000 	C:\Windows\System32\GDI32.dll
0x00007ffeacd20000 - 0x00007ffeace2b000 	C:\Windows\System32\gdi32full.dll
0x00007ffeac6b0000 - 0x00007ffeac74d000 	C:\Windows\System32\msvcp_win.dll
0x00007ffeacc20000 - 0x00007ffeacd20000 	C:\Windows\System32\ucrtbase.dll
0x00007ffe9c0b0000 - 0x00007ffe9c34a000 	C:\Windows\WinSxS\amd64_microsoft.windows.common-controls_6595b64144ccf1df_6.0.19041.1110_none_60b5254171f9507e\COMCTL32.dll
0x00007ffead020000 - 0x00007ffead050000 	C:\Windows\System32\IMM32.DLL
0x0000000070600000 - 0x00000000706d2000 	C:\Program Files\Java\jdk1.8.0_241\jre\bin\msvcr100.dll
0x000000006fd50000 - 0x00000000705fc000 	C:\Program Files\Java\jdk1.8.0_241\jre\bin\server\jvm.dll
0x00007ffeaecc0000 - 0x00007ffeaecc8000 	C:\Windows\System32\PSAPI.DLL
0x00007ffe9a890000 - 0x00007ffe9a899000 	C:\Windows\SYSTEM32\WSOCK32.dll
0x00007ffead6f0000 - 0x00007ffead75b000 	C:\Windows\System32\WS2_32.dll
0x00007ffea0670000 - 0x00007ffea0697000 	C:\Windows\SYSTEM32\WINMM.dll
0x00007ffea2db0000 - 0x00007ffea2dba000 	C:\Windows\SYSTEM32\VERSION.dll
0x00007ffea7850000 - 0x00007ffea785f000 	C:\Program Files\Java\jdk1.8.0_241\jre\bin\verify.dll
0x00007ffea52f0000 - 0x00007ffea5319000 	C:\Program Files\Java\jdk1.8.0_241\jre\bin\java.dll
0x00007ffe92320000 - 0x00007ffe92336000 	C:\Program Files\Java\jdk1.8.0_241\jre\bin\zip.dll
0x00007ffeae0a0000 - 0x00007ffeae7e4000 	C:\Windows\System32\SHELL32.dll
0x00007ffeaa2b0000 - 0x00007ffeaaa44000 	C:\Windows\SYSTEM32\windows.storage.dll
0x00007ffeae960000 - 0x00007ffeaecb4000 	C:\Windows\System32\combase.dll
0x00007ffeabfe0000 - 0x00007ffeac00c000 	C:\Windows\SYSTEM32\Wldp.dll
0x00007ffeae8b0000 - 0x00007ffeae95d000 	C:\Windows\System32\SHCORE.dll
0x00007ffeacf30000 - 0x00007ffeacf85000 	C:\Windows\System32\shlwapi.dll
0x00007ffeac4c0000 - 0x00007ffeac4df000 	C:\Windows\SYSTEM32\profapi.dll
0x00007ffe90e20000 - 0x00007ffe90e3a000 	C:\Program Files\Java\jdk1.8.0_241\jre\bin\net.dll
0x00007ffeabd40000 - 0x00007ffeabdaa000 	C:\Windows\system32\mswsock.dll
0x00007ffe90e00000 - 0x00007ffe90e12000 	C:\Program Files\Java\jdk1.8.0_241\jre\bin\nio.dll
0x00007ffe922f0000 - 0x00007ffe92317000 	C:\Users\Administrator\.gradle\native\e1d6ef7f7dcc3fd88c89a11ec53ec762bb8ba0a96d01ffa2cd45eb1d1d8dd5c5\windows-amd64\native-platform.dll
0x00007ffe88570000 - 0x00007ffe886b4000 	C:\Users\Administrator\.gradle\native\0d407fdbe67a94daf76414ababcb853783967236a71b16ec16e742cd7a986fd3\windows-amd64\native-platform-file-events.dll
0x00007ffea7840000 - 0x00007ffea784d000 	C:\Program Files\Java\jdk1.8.0_241\jre\bin\management.dll
0x00007ffeabf30000 - 0x00007ffeabf48000 	C:\Windows\SYSTEM32\CRYPTSP.dll
0x00007ffeab650000 - 0x00007ffeab684000 	C:\Windows\system32\rsaenh.dll
0x00007ffeac580000 - 0x00007ffeac5a7000 	C:\Windows\System32\bcrypt.dll
0x00007ffeac440000 - 0x00007ffeac46e000 	C:\Windows\SYSTEM32\USERENV.dll
0x00007ffeace30000 - 0x00007ffeaceb2000 	C:\Windows\System32\bcryptprimitives.dll
0x00007ffeabf50000 - 0x00007ffeabf5c000 	C:\Windows\SYSTEM32\CRYPTBASE.dll
0x00007ffeab9e0000 - 0x00007ffeaba1b000 	C:\Windows\SYSTEM32\IPHLPAPI.DLL
0x00007ffeacf20000 - 0x00007ffeacf28000 	C:\Windows\System32\NSI.dll
0x00007ffea38f0000 - 0x00007ffea3907000 	C:\Windows\SYSTEM32\dhcpcsvc6.DLL
0x00007ffea3a30000 - 0x00007ffea3a4d000 	C:\Windows\SYSTEM32\dhcpcsvc.DLL
0x00007ffeaba20000 - 0x00007ffeabaeb000 	C:\Windows\SYSTEM32\DNSAPI.dll

VM Arguments:
jvm_args: -XX:MaxMetaspaceSize=256m -XX:+HeapDumpOnOutOfMemoryError -Xms256m -Xmx512m -Dfile.encoding=windows-1252 -Duser.country=US -Duser.language=en -Duser.variant 
java_command: org.gradle.launcher.daemon.bootstrap.GradleDaemon 7.4.1
java_class_path (initial): C:\Users\Administrator\.gradle\wrapper\dists\gradle-7.4.1-all\htb4l60oox3i12rnwfoqoo8d\gradle-7.4.1\lib\gradle-launcher-7.4.1.jar
Launcher Type: SUN_STANDARD

Environment Variables:
PATH=C:\Program Files (x86)\Common Files\Oracle\Java\javapath;C:\ProgramData\Oracle\Java\javapath;C:\Windows\system32;C:\Windows;C:\Windows\System32\Wbem;C:\Windows\System32\WindowsPowerShell\v1.0\;C:\Windows\System32\OpenSSH\;C:\Program Files (x86)\Microsoft SQL Server\100\Tools\Binn\;C:\Program Files (x86)\Microsoft SQL Server\100\DTS\Binn\;C:\Program Files\Git\cmd;C:\Users\Administrator\AppData\Local\Microsoft\WindowsApps;
USERNAME=Administrator
OS=Windows_NT
PROCESSOR_IDENTIFIER=Intel64 Family 6 Model 61 Stepping 4, GenuineIntel



---------------  S Y S T E M  ---------------

OS: Windows 10.0 , 64 bit Build 19041 (10.0.19041.1706)

CPU:total 4 (initial active 4) (2 cores per cpu, 2 threads per core) family 6 model 61 stepping 4, cmov, cx8, fxsr, mmx, sse, sse2, sse3, ssse3, sse4.1, sse4.2, popcnt, avx, avx2, aes, clmul, erms, 3dnowpref, lzcnt, ht, tsc, tscinvbit, bmi1, bmi2, adx

Memory: 4k page, physical 8277140k(1027184k free), swap 10711996k(3060k free)

vm_info: Java HotSpot(TM) 64-Bit Server VM (25.241-b07) for windows-amd64 JRE (1.8.0_241-b07), built on Dec 11 2019 10:21:40 by "rejava" with MS VC++ 10.0 (VS2010)

time: Sun May 29 17:26:38 2022
timezone: SE Asia Standard Time
elapsed time: 50 seconds (0d 0h 0m 50s)

