#
# There is insufficient memory for the Java Runtime Environment to continue.
# Native memory allocation (malloc) failed to allocate 556016 bytes for Chunk::new
# Possible reasons:
#   The system is out of physical RAM or swap space
#   The process is running with CompressedOops enabled, and the Java Heap may be blocking the growth of the native heap
# Possible solutions:
#   Reduce memory load on the system
#   Increase physical memory or swap space
#   Check if swap backing store is full
#   Decrease Java heap size (-Xmx/-Xms)
#   Decrease number of Java threads
#   Decrease Java thread stack sizes (-Xss)
#   Set larger code cache with -XX:ReservedCodeCacheSize=
#   JVM is running with Unscaled Compressed Oops mode in which the Java heap is
#     placed in the first 4GB address space. The Java Heap base address is the
#     maximum limit for the native heap growth. Please use -XX:HeapBaseMinAddress
#     to set the Java Heap base and to place the Java Heap above 4GB virtual address.
# This output file may be truncated or incomplete.
#
#  Out of Memory Error (allocation.cpp:389), pid=6084, tid=0x0000000000000934
#
# JRE version: Java(TM) SE Runtime Environment (8.0_241-b07) (build 1.8.0_241-b07)
# Java VM: Java HotSpot(TM) 64-Bit Server VM (25.241-b07 mixed mode windows-amd64 compressed oops)
# Failed to write core dump. Minidumps are not enabled by default on client versions of Windows
#

---------------  T H R E A D  ---------------

Current thread (0x0000000013d6c800):  JavaThread "C2 CompilerThread1" daemon [_thread_in_native, id=2356, stack(0x00000000154d0000,0x00000000155d0000)]

Stack: [0x00000000154d0000,0x00000000155d0000]
[error occurred during error reporting (printing stack bounds), id 0xc0000005]

Native frames: (J=compiled Java code, j=interpreted, Vv=VM code, C=native code)


Current CompileTask:
C2:   9950 2284  s!   4       sun.misc.URLClassPath::getLoader (243 bytes)


---------------  P R O C E S S  ---------------

Java Threads: ( => current thread )
  0x00000000171a2000 JavaThread "jar transforms Thread 2" [_thread_blocked, id=10708, stack(0x000000001d010000,0x000000001d110000)]
  0x000000001719f000 JavaThread "jar transforms" [_thread_blocked, id=11772, stack(0x000000001cf10000,0x000000001d010000)]
  0x0000000017ee4800 JavaThread "Cache worker for execution history cache (C:\Users\Administrator\.gradle\caches\7.4.1\executionHistory)" [_thread_blocked, id=3548, stack(0x000000001cc10000,0x000000001cd10000)]
  0x0000000017eeb800 JavaThread "Cache worker for cache directory md-supplier (C:\Users\Administrator\.gradle\caches\7.4.1\md-supplier)" [_thread_blocked, id=4604, stack(0x000000001cb10000,0x000000001cc10000)]
  0x0000000017ee5800 JavaThread "Cache worker for file hash cache (D:\codeGYM\C1221G1-tr-n-lu-t\C1221G1_[TranNgocLuat]_Module4\case\furama_resort\.gradle\7.4.1\fileHashes)" [_thread_blocked, id=10612, stack(0x000000001c810000,0x000000001c910000)]
  0x0000000017eea800 JavaThread "Cache worker for cache directory md-rule (C:\Users\Administrator\.gradle\caches\7.4.1\md-rule)" [_thread_blocked, id=1096, stack(0x000000001c710000,0x000000001c810000)]
  0x0000000017ee6000 JavaThread "Cache worker for checksums cache (D:\codeGYM\C1221G1-tr-n-lu-t\C1221G1_[TranNgocLuat]_Module4\case\furama_resort\.gradle\7.4.1\checksums)" [_thread_blocked, id=572, stack(0x000000001c610000,0x000000001c710000)]
  0x0000000017eea000 JavaThread "File watcher consumer" daemon [_thread_blocked, id=6996, stack(0x000000001b050000,0x000000001b150000)]
  0x0000000017ee9000 JavaThread "File watcher server" daemon [_thread_in_native, id=7652, stack(0x000000001ad90000,0x000000001ae90000)]
  0x0000000017ee8800 JavaThread "Cache worker for file hash cache (C:\Users\Administrator\.gradle\caches\7.4.1\fileHashes)" [_thread_blocked, id=7944, stack(0x000000001af50000,0x000000001b050000)]
  0x0000000017ee7800 JavaThread "File lock request listener" [_thread_in_native, id=6424, stack(0x0000000019ac0000,0x0000000019bc0000)]
  0x0000000017ee7000 JavaThread "Cache worker for journal cache (C:\Users\Administrator\.gradle\caches\journal-1)" [_thread_blocked, id=8892, stack(0x00000000199c0000,0x0000000019ac0000)]
  0x000000001685d000 JavaThread "Daemon client event forwarder" [_thread_blocked, id=3188, stack(0x00000000196c0000,0x00000000197c0000)]
  0x000000001685c000 JavaThread "Stdin handler" [_thread_blocked, id=8144, stack(0x00000000195c0000,0x00000000196c0000)]
  0x000000001685b000 JavaThread "Asynchronous log dispatcher for DefaultDaemonConnection: socket connection from /127.0.0.1:59023 to /127.0.0.1:59024" [_thread_blocked, id=11868, stack(0x00000000194c0000,0x00000000195c0000)]
  0x0000000016809800 JavaThread "Daemon worker" [_thread_in_vm, id=10100, stack(0x00000000193c0000,0x00000000194c0000)]
  0x0000000016808800 JavaThread "Cancel handler" [_thread_blocked, id=10292, stack(0x00000000192c0000,0x00000000193c0000)]
  0x0000000017507000 JavaThread "Handler for socket connection from /127.0.0.1:59023 to /127.0.0.1:59024" [_thread_in_native, id=8344, stack(0x00000000191c0000,0x00000000192c0000)]
  0x0000000017503800 JavaThread "Daemon" [_thread_blocked, id=7228, stack(0x00000000190c0000,0x00000000191c0000)]
  0x00000000174d2800 JavaThread "Daemon periodic checks" [_thread_blocked, id=4860, stack(0x0000000018dc0000,0x0000000018ec0000)]
  0x0000000017bd2800 JavaThread "Incoming local TCP Connector on port 59023" [_thread_in_native, id=8848, stack(0x0000000018b80000,0x0000000018c80000)]
  0x0000000017ce6800 JavaThread "Daemon health stats" [_thread_blocked, id=6388, stack(0x0000000018740000,0x0000000018840000)]
  0x00000000156d8000 JavaThread "Service Thread" daemon [_thread_blocked, id=9248, stack(0x0000000015ad0000,0x0000000015bd0000)]
  0x0000000013dbd000 JavaThread "C1 CompilerThread2" daemon [_thread_blocked, id=11560, stack(0x00000000155d0000,0x00000000156d0000)]
=>0x0000000013d6c800 JavaThread "C2 CompilerThread1" daemon [_thread_in_native, id=2356, stack(0x00000000154d0000,0x00000000155d0000)]
  0x0000000013d66800 JavaThread "C2 CompilerThread0" daemon [_thread_in_native, id=9520, stack(0x00000000153d0000,0x00000000154d0000)]
  0x0000000013d64800 JavaThread "Attach Listener" daemon [_thread_blocked, id=10680, stack(0x00000000152d0000,0x00000000153d0000)]
  0x0000000013d63800 JavaThread "Signal Dispatcher" daemon [_thread_blocked, id=1220, stack(0x00000000151d0000,0x00000000152d0000)]
  0x00000000029e7800 JavaThread "Finalizer" daemon [_thread_blocked, id=4560, stack(0x0000000014fb0000,0x00000000150b0000)]
  0x0000000013d4a800 JavaThread "Reference Handler" daemon [_thread_blocked, id=5284, stack(0x0000000014eb0000,0x0000000014fb0000)]
  0x00000000027ed800 JavaThread "main" [_thread_blocked, id=7004, stack(0x00000000027f0000,0x00000000028f0000)]

Other Threads:
  0x00000000029dc000 VMThread [stack: 0x0000000014db0000,0x0000000014eb0000] [id=2760]
  0x00000000156d9800 WatcherThread [stack: 0x0000000015bd0000,0x0000000015cd0000] [id=8296]

VM state:not at safepoint (normal execution)

VM Mutex/Monitor currently owned by a thread: None

heap address: 0x00000000e0000000, size: 512 MB, Compressed Oops mode: 32-bit
Narrow klass base: 0x0000000000000000, Narrow klass shift: 3
Compressed class space size: 1073741824 Address: 0x0000000100000000

Heap:
 PSYoungGen      total 76288K, used 30478K [0x00000000f5580000, 0x00000000faa80000, 0x0000000100000000)
  eden space 65536K, 39% used [0x00000000f5580000,0x00000000f6e96200,0x00000000f9580000)
  from space 10752K, 44% used [0x00000000f9580000,0x00000000f9a2d8d8,0x00000000fa000000)
  to   space 10752K, 0% used [0x00000000fa000000,0x00000000fa000000,0x00000000faa80000)
 ParOldGen       total 175104K, used 10057K [0x00000000e0000000, 0x00000000eab00000, 0x00000000f5580000)
  object space 175104K, 5% used [0x00000000e0000000,0x00000000e09d2760,0x00000000eab00000)
 Metaspace       used 27062K, capacity 28252K, committed 28544K, reserved 1073152K
  class space    used 4094K, capacity 4383K, committed 4480K, reserved 1048576K

Card table byte_map: [0x0000000011db0000,0x0000000011ec0000] byte_map_base: 0x00000000116b0000

Marking Bits: (ParMarkBitMap*) 0x000000007057be30
 Begin Bits: [0x00000000122c0000, 0x0000000012ac0000)
 End Bits:   [0x0000000012ac0000, 0x00000000132c0000)

Polling page: 0x0000000000b60000

CodeCache: size=245760Kb used=7229Kb max_used=7625Kb free=238530Kb
 bounds [0x00000000029f0000, 0x0000000003170000, 0x00000000119f0000]
 total_blobs=2577 nmethods=2123 adapters=366
 compilation: enabled

Compilation events (10 events):
Event: 9.856 Thread 0x0000000013dbd000 2314   !   3       sun.misc.URLClassPath$JarLoader::getResource (85 bytes)
Event: 9.857 Thread 0x0000000013dbd000 nmethod 2314 0x0000000002b76c90 code [0x0000000002b76ec0, 0x0000000002b77978]
Event: 9.863 Thread 0x0000000013dbd000 2315       3       java.lang.invoke.Invokers::checkGenericType (16 bytes)
Event: 9.863 Thread 0x0000000013dbd000 nmethod 2315 0x0000000002bb6f10 code [0x0000000002bb70a0, 0x0000000002bb76a8]
Event: 9.864 Thread 0x0000000013dbd000 2316       3       jdk.internal.org.objectweb.asm.ClassWriter::visitEnd (1 bytes)
Event: 9.864 Thread 0x0000000013dbd000 nmethod 2316 0x0000000002b76990 code [0x0000000002b76ae0, 0x0000000002b76c30]
Event: 9.907 Thread 0x0000000013dbd000 2317       3       java.lang.invoke.LambdaForm$DMH/868693306::invokeStatic_L6_L (24 bytes)
Event: 9.907 Thread 0x0000000013dbd000 nmethod 2317 0x0000000002bc2450 code [0x0000000002bc25e0, 0x0000000002bc2b98]
Event: 9.915 Thread 0x0000000013dbd000 2319       3       java.util.Stack::empty (13 bytes)
Event: 9.915 Thread 0x0000000013dbd000 nmethod 2319 0x0000000002bb6910 code [0x0000000002bb6a80, 0x0000000002bb6e50]

GC Heap History (10 events):
Event: 5.775 GC heap before
{Heap before GC invocations=2 (full 0):
 PSYoungGen      total 76288K, used 71392K [0x00000000f5580000, 0x00000000faa80000, 0x0000000100000000)
  eden space 65536K, 100% used [0x00000000f5580000,0x00000000f9580000,0x00000000f9580000)
  from space 10752K, 54% used [0x00000000f9580000,0x00000000f9b38390,0x00000000fa000000)
  to   space 10752K, 0% used [0x00000000fa000000,0x00000000fa000000,0x00000000faa80000)
 ParOldGen       total 175104K, used 8K [0x00000000e0000000, 0x00000000eab00000, 0x00000000f5580000)
  object space 175104K, 0% used [0x00000000e0000000,0x00000000e0002000,0x00000000eab00000)
 Metaspace       used 13169K, capacity 13574K, committed 13824K, reserved 1060864K
  class space    used 1831K, capacity 1961K, committed 2048K, reserved 1048576K
Event: 5.789 GC heap after
Heap after GC invocations=2 (full 0):
 PSYoungGen      total 76288K, used 8770K [0x00000000f5580000, 0x00000000faa80000, 0x0000000100000000)
  eden space 65536K, 0% used [0x00000000f5580000,0x00000000f5580000,0x00000000f9580000)
  from space 10752K, 81% used [0x00000000fa000000,0x00000000fa890a30,0x00000000faa80000)
  to   space 10752K, 0% used [0x00000000f9580000,0x00000000f9580000,0x00000000fa000000)
 ParOldGen       total 175104K, used 16K [0x00000000e0000000, 0x00000000eab00000, 0x00000000f5580000)
  object space 175104K, 0% used [0x00000000e0000000,0x00000000e0004000,0x00000000eab00000)
 Metaspace       used 13169K, capacity 13574K, committed 13824K, reserved 1060864K
  class space    used 1831K, capacity 1961K, committed 2048K, reserved 1048576K
}
Event: 7.206 GC heap before
{Heap before GC invocations=3 (full 0):
 PSYoungGen      total 76288K, used 74306K [0x00000000f5580000, 0x00000000faa80000, 0x0000000100000000)
  eden space 65536K, 100% used [0x00000000f5580000,0x00000000f9580000,0x00000000f9580000)
  from space 10752K, 81% used [0x00000000fa000000,0x00000000fa890a30,0x00000000faa80000)
  to   space 10752K, 0% used [0x00000000f9580000,0x00000000f9580000,0x00000000fa000000)
 ParOldGen       total 175104K, used 16K [0x00000000e0000000, 0x00000000eab00000, 0x00000000f5580000)
  object space 175104K, 0% used [0x00000000e0000000,0x00000000e0004000,0x00000000eab00000)
 Metaspace       used 17615K, capacity 18244K, committed 18432K, reserved 1064960K
  class space    used 2569K, capacity 2758K, committed 2816K, reserved 1048576K
Event: 7.221 GC heap after
Heap after GC invocations=3 (full 0):
 PSYoungGen      total 76288K, used 10729K [0x00000000f5580000, 0x00000000faa80000, 0x0000000100000000)
  eden space 65536K, 0% used [0x00000000f5580000,0x00000000f5580000,0x00000000f9580000)
  from space 10752K, 99% used [0x00000000f9580000,0x00000000f9ffa5f8,0x00000000fa000000)
  to   space 10752K, 0% used [0x00000000fa000000,0x00000000fa000000,0x00000000faa80000)
 ParOldGen       total 175104K, used 24K [0x00000000e0000000, 0x00000000eab00000, 0x00000000f5580000)
  object space 175104K, 0% used [0x00000000e0000000,0x00000000e0006000,0x00000000eab00000)
 Metaspace       used 17615K, capacity 18244K, committed 18432K, reserved 1064960K
  class space    used 2569K, capacity 2758K, committed 2816K, reserved 1048576K
}
Event: 8.173 GC heap before
{Heap before GC invocations=4 (full 0):
 PSYoungGen      total 76288K, used 53146K [0x00000000f5580000, 0x00000000faa80000, 0x0000000100000000)
  eden space 65536K, 64% used [0x00000000f5580000,0x00000000f7eec228,0x00000000f9580000)
  from space 10752K, 99% used [0x00000000f9580000,0x00000000f9ffa5f8,0x00000000fa000000)
  to   space 10752K, 0% used [0x00000000fa000000,0x00000000fa000000,0x00000000faa80000)
 ParOldGen       total 175104K, used 24K [0x00000000e0000000, 0x00000000eab00000, 0x00000000f5580000)
  object space 175104K, 0% used [0x00000000e0000000,0x00000000e0006000,0x00000000eab00000)
 Metaspace       used 20495K, capacity 21200K, committed 21296K, reserved 1067008K
  class space    used 3019K, capacity 3176K, committed 3200K, reserved 1048576K
Event: 8.195 GC heap after
Heap after GC invocations=4 (full 0):
 PSYoungGen      total 76288K, used 10317K [0x00000000f5580000, 0x00000000faa80000, 0x0000000100000000)
  eden space 65536K, 0% used [0x00000000f5580000,0x00000000f5580000,0x00000000f9580000)
  from space 10752K, 95% used [0x00000000fa000000,0x00000000faa134f8,0x00000000faa80000)
  to   space 10752K, 0% used [0x00000000f9580000,0x00000000f9580000,0x00000000fa000000)
 ParOldGen       total 175104K, used 32K [0x00000000e0000000, 0x00000000eab00000, 0x00000000f5580000)
  object space 175104K, 0% used [0x00000000e0000000,0x00000000e0008000,0x00000000eab00000)
 Metaspace       used 20495K, capacity 21200K, committed 21296K, reserved 1067008K
  class space    used 3019K, capacity 3176K, committed 3200K, reserved 1048576K
}
Event: 8.195 GC heap before
{Heap before GC invocations=5 (full 1):
 PSYoungGen      total 76288K, used 10317K [0x00000000f5580000, 0x00000000faa80000, 0x0000000100000000)
  eden space 65536K, 0% used [0x00000000f5580000,0x00000000f5580000,0x00000000f9580000)
  from space 10752K, 95% used [0x00000000fa000000,0x00000000faa134f8,0x00000000faa80000)
  to   space 10752K, 0% used [0x00000000f9580000,0x00000000f9580000,0x00000000fa000000)
 ParOldGen       total 175104K, used 32K [0x00000000e0000000, 0x00000000eab00000, 0x00000000f5580000)
  object space 175104K, 0% used [0x00000000e0000000,0x00000000e0008000,0x00000000eab00000)
 Metaspace       used 20495K, capacity 21200K, committed 21296K, reserved 1067008K
  class space    used 3019K, capacity 3176K, committed 3200K, reserved 1048576K
Event: 8.272 GC heap after
Heap after GC invocations=5 (full 1):
 PSYoungGen      total 76288K, used 0K [0x00000000f5580000, 0x00000000faa80000, 0x0000000100000000)
  eden space 65536K, 0% used [0x00000000f5580000,0x00000000f5580000,0x00000000f9580000)
  from space 10752K, 0% used [0x00000000fa000000,0x00000000fa000000,0x00000000faa80000)
  to   space 10752K, 0% used [0x00000000f9580000,0x00000000f9580000,0x00000000fa000000)
 ParOldGen       total 175104K, used 10049K [0x00000000e0000000, 0x00000000eab00000, 0x00000000f5580000)
  object space 175104K, 5% used [0x00000000e0000000,0x00000000e09d0740,0x00000000eab00000)
 Metaspace       used 20495K, capacity 21200K, committed 21296K, reserved 1067008K
  class space    used 3019K, capacity 3176K, committed 3200K, reserved 1048576K
}
Event: 9.312 GC heap before
{Heap before GC invocations=6 (full 1):
 PSYoungGen      total 76288K, used 65536K [0x00000000f5580000, 0x00000000faa80000, 0x0000000100000000)
  eden space 65536K, 100% used [0x00000000f5580000,0x00000000f9580000,0x00000000f9580000)
  from space 10752K, 0% used [0x00000000fa000000,0x00000000fa000000,0x00000000faa80000)
  to   space 10752K, 0% used [0x00000000f9580000,0x00000000f9580000,0x00000000fa000000)
 ParOldGen       total 175104K, used 10049K [0x00000000e0000000, 0x00000000eab00000, 0x00000000f5580000)
  object space 175104K, 5% used [0x00000000e0000000,0x00000000e09d0760,0x00000000eab00000)
 Metaspace       used 24276K, capacity 25220K, committed 25472K, reserved 1071104K
  class space    used 3640K, capacity 3870K, committed 3968K, reserved 1048576K
Event: 9.318 GC heap after
Heap after GC invocations=6 (full 1):
 PSYoungGen      total 76288K, used 4790K [0x00000000f5580000, 0x00000000faa80000, 0x0000000100000000)
  eden space 65536K, 0% used [0x00000000f5580000,0x00000000f5580000,0x00000000f9580000)
  from space 10752K, 44% used [0x00000000f9580000,0x00000000f9a2d8d8,0x00000000fa000000)
  to   space 10752K, 0% used [0x00000000fa000000,0x00000000fa000000,0x00000000faa80000)
 ParOldGen       total 175104K, used 10057K [0x00000000e0000000, 0x00000000eab00000, 0x00000000f5580000)
  object space 175104K, 5% used [0x00000000e0000000,0x00000000e09d2760,0x00000000eab00000)
 Metaspace       used 24276K, capacity 25220K, committed 25472K, reserved 1071104K
  class space    used 3640K, capacity 3870K, committed 3968K, reserved 1048576K
}

Deoptimization events (10 events):
Event: 7.666 Thread 0x0000000016809800 Uncommon trap: reason=unstable_if action=reinterpret pc=0x0000000002cd3000 method=java.net.URI.match(CJJ)Z @ 19
Event: 7.666 Thread 0x0000000016809800 Uncommon trap: reason=unstable_if action=reinterpret pc=0x0000000002be2008 method=java.net.URI.match(CJJ)Z @ 19
Event: 8.157 Thread 0x0000000016809800 Uncommon trap: reason=predicate action=maybe_recompile pc=0x0000000003064be0 method=com.google.common.base.CharMatcher.indexIn(Ljava/lang/CharSequence;I)I @ 22
Event: 8.294 Thread 0x0000000016809800 Uncommon trap: reason=unstable_if action=reinterpret pc=0x0000000002e5a9ec method=java.util.concurrent.ConcurrentHashMap.putVal(Ljava/lang/Object;Ljava/lang/Object;Z)Ljava/lang/Object; @ 206
Event: 8.915 Thread 0x0000000016809800 Uncommon trap: reason=unstable_if action=reinterpret pc=0x0000000002edf220 method=java.util.HashMap.hash(Ljava/lang/Object;)I @ 1
Event: 8.915 Thread 0x0000000016809800 Uncommon trap: reason=unstable_if action=reinterpret pc=0x0000000002e55828 method=java.util.HashMap.hash(Ljava/lang/Object;)I @ 1
Event: 9.014 Thread 0x0000000016809800 Uncommon trap: reason=unstable_if action=reinterpret pc=0x00000000030f08e4 method=jdk.internal.org.objectweb.asm.Item.isEqualTo(Ljdk/internal/org/objectweb/asm/Item;)Z @ 331
Event: 9.692 Thread 0x0000000016809800 Uncommon trap: reason=unstable_if action=reinterpret pc=0x0000000002fab458 method=java.net.URLClassLoader.defineClass(Ljava/lang/String;Lsun/misc/Resource;)Ljava/lang/Class; @ 21
Event: 9.694 Thread 0x0000000016809800 Uncommon trap: reason=unstable_if action=reinterpret pc=0x0000000002f24598 method=java.lang.ClassLoader.getClassLoadingLock(Ljava/lang/String;)Ljava/lang/Object; @ 6
Event: 9.842 Thread 0x0000000016809800 Uncommon trap: reason=unstable_if action=reinterpret pc=0x0000000002d42b84 method=sun.misc.MetaIndex.mayContain(Ljava/lang/String;)Z @ 38

Classes redefined (0 events):
No events

Internal exceptions (10 events):
Event: 7.944 Thread 0x0000000016809800 Exception <a 'java/lang/NoSuchMethodError': java.lang.Object.lambda$static$0(Ljava/util/Collection;)V> (0x00000000f78defb8) thrown at [C:\ade\jenkins\workspace\8-2-build-windows-amd64-cygwin\jdk8u241\331\hotspot\src\share\vm\interpreter\linkResolver.cpp, 
Event: 8.323 Thread 0x0000000016809800 Exception <a 'java/lang/NoSuchMethodError': java.lang.Object.lambda$static$0(Ljava/io/File;)V> (0x00000000f57f31b8) thrown at [C:\ade\jenkins\workspace\8-2-build-windows-amd64-cygwin\jdk8u241\331\hotspot\src\share\vm\interpreter\linkResolver.cpp, line 620
Event: 8.567 Thread 0x0000000016809800 Exception <a 'java/lang/NoSuchMethodError': java.lang.Object.lambda$createFactory$0(Lorg/gradle/api/internal/DocumentationRegistry;Lorg/gradle/internal/resource/transport/http/HttpSettings;)Lorg/gradle/internal/resource/transport/http/HttpClientHelper;> (
Event: 8.692 Thread 0x0000000016809800 Exception <a 'java/lang/NoSuchMethodError': java.lang.Object.lambda$withReadOnlyCache$0(Ljava/util/function/BiFunction;Lorg/gradle/api/internal/artifacts/ivyservice/ArtifactCacheMetadata;)Ljava/lang/Object;> (0x00000000f7071998) thrown at [C:\ade\jenkins\
Event: 8.915 Thread 0x0000000016809800 Implicit null exception at 0x0000000002edf015 to 0x0000000002edf211
Event: 8.915 Thread 0x0000000016809800 Implicit null exception at 0x0000000002e557af to 0x0000000002e55819
Event: 9.054 Thread 0x0000000016809800 Exception <a 'java/lang/NoSuchMethodError': java.lang.Object.lambda$static$0(Lorg/gradle/api/internal/artifacts/ivyservice/ivyresolve/ModuleComponentRepository;Ljava/lang/String;Lorg/gradle/api/internal/artifacts/configurations/ResolutionStrategyInternal;
Event: 9.245 Thread 0x0000000016809800 Exception <a 'java/lang/IncompatibleClassChangeError': Found class java.lang.Object, but interface was expected> (0x00000000f8ff17c0) thrown at [C:\ade\jenkins\workspace\8-2-build-windows-amd64-cygwin\jdk8u241\331\hotspot\src\share\vm\interpreter\linkReso
Event: 9.564 Thread 0x0000000016809800 Exception <a 'java/lang/NoSuchMethodError': java.lang.Object.lambda$identity$2(Ljava/lang/Object;)Ljava/lang/Object;> (0x00000000f6360850) thrown at [C:\ade\jenkins\workspace\8-2-build-windows-amd64-cygwin\jdk8u241\331\hotspot\src\share\vm\interpreter\lin
Event: 9.585 Thread 0x0000000016809800 Exception <a 'java/lang/NoSuchMethodError': java.lang.Object.lambda$comparing$ea9a8b3a$1(Ljava/util/Comparator;Ljava/util/function/Function;Ljava/lang/Object;Ljava/lang/Object;)I> (0x00000000f646db90) thrown at [C:\ade\jenkins\workspace\8-2-build-windows-

Events (10 events):
Event: 9.917 loading class java/lang/reflect/MalformedParameterizedTypeException
Event: 9.917 loading class java/lang/reflect/MalformedParameterizedTypeException done
Event: 9.917 loading class org/codehaus/groovy/ast/FieldNode
Event: 9.917 loading class org/codehaus/groovy/ast/FieldNode done
Event: 9.921 loading class groovyjarjarasm/asm/Opcodes
Event: 9.921 loading class groovyjarjarasm/asm/Opcodes done
Event: 9.941 loading class org/codehaus/groovy/ast/Variable
Event: 9.942 loading class org/codehaus/groovy/ast/Variable done
Event: 9.944 loading class org/codehaus/groovy/ast/MethodNode
Event: 9.944 loading class org/codehaus/groovy/ast/MethodNode done


Dynamic libraries:
0x00007ff609620000 - 0x00007ff609657000 	C:\Program Files\Java\jdk1.8.0_241\bin\java.exe
0x00007ffeaee70000 - 0x00007ffeaf065000 	C:\Windows\SYSTEM32\ntdll.dll
0x00007ffeae7f0000 - 0x00007ffeae8ad000 	C:\Windows\System32\KERNEL32.DLL
0x00007ffeac950000 - 0x00007ffeacc1d000 	C:\Windows\System32\KERNELBASE.dll
0x00007ffeadff0000 - 0x00007ffeae09e000 	C:\Windows\System32\ADVAPI32.dll
0x00007ffeade30000 - 0x00007ffeadece000 	C:\Windows\System32\msvcrt.dll
0x00007ffead760000 - 0x00007ffead7fc000 	C:\Windows\System32\sechost.dll
0x00007ffead130000 - 0x00007ffead255000 	C:\Windows\System32\RPCRT4.dll
0x00007ffead260000 - 0x00007ffead400000 	C:\Windows\System32\USER32.dll
0x00007ffeac8b0000 - 0x00007ffeac8d2000 	C:\Windows\System32\win32u.dll
0x00007ffeaed50000 - 0x00007ffeaed7a000 	C:\Windows\System32\GDI32.dll
0x00007ffeacd20000 - 0x00007ffeace2b000 	C:\Windows\System32\gdi32full.dll
0x00007ffeac6b0000 - 0x00007ffeac74d000 	C:\Windows\System32\msvcp_win.dll
0x00007ffeacc20000 - 0x00007ffeacd20000 	C:\Windows\System32\ucrtbase.dll
0x00007ffe9c0b0000 - 0x00007ffe9c34a000 	C:\Windows\WinSxS\amd64_microsoft.windows.common-controls_6595b64144ccf1df_6.0.19041.1110_none_60b5254171f9507e\COMCTL32.dll
0x00007ffead020000 - 0x00007ffead050000 	C:\Windows\System32\IMM32.DLL
0x0000000070600000 - 0x00000000706d2000 	C:\Program Files\Java\jdk1.8.0_241\jre\bin\msvcr100.dll
0x000000006fd50000 - 0x00000000705fc000 	C:\Program Files\Java\jdk1.8.0_241\jre\bin\server\jvm.dll
0x00007ffeaecc0000 - 0x00007ffeaecc8000 	C:\Windows\System32\PSAPI.DLL
0x00007ffe9a890000 - 0x00007ffe9a899000 	C:\Windows\SYSTEM32\WSOCK32.dll
0x00007ffead6f0000 - 0x00007ffead75b000 	C:\Windows\System32\WS2_32.dll
0x00007ffea0670000 - 0x00007ffea0697000 	C:\Windows\SYSTEM32\WINMM.dll
0x00007ffea2db0000 - 0x00007ffea2dba000 	C:\Windows\SYSTEM32\VERSION.dll
0x00007ffea7850000 - 0x00007ffea785f000 	C:\Program Files\Java\jdk1.8.0_241\jre\bin\verify.dll
0x00007ffea52f0000 - 0x00007ffea5319000 	C:\Program Files\Java\jdk1.8.0_241\jre\bin\java.dll
0x00007ffe92320000 - 0x00007ffe92336000 	C:\Program Files\Java\jdk1.8.0_241\jre\bin\zip.dll
0x00007ffeae0a0000 - 0x00007ffeae7e4000 	C:\Windows\System32\SHELL32.dll
0x00007ffeaa2b0000 - 0x00007ffeaaa44000 	C:\Windows\SYSTEM32\windows.storage.dll
0x00007ffeae960000 - 0x00007ffeaecb4000 	C:\Windows\System32\combase.dll
0x00007ffeabfe0000 - 0x00007ffeac00c000 	C:\Windows\SYSTEM32\Wldp.dll
0x00007ffeae8b0000 - 0x00007ffeae95d000 	C:\Windows\System32\SHCORE.dll
0x00007ffeacf30000 - 0x00007ffeacf85000 	C:\Windows\System32\shlwapi.dll
0x00007ffeac4c0000 - 0x00007ffeac4df000 	C:\Windows\SYSTEM32\profapi.dll
0x00007ffe90e20000 - 0x00007ffe90e3a000 	C:\Program Files\Java\jdk1.8.0_241\jre\bin\net.dll
0x00007ffeabd40000 - 0x00007ffeabdaa000 	C:\Windows\system32\mswsock.dll
0x00007ffe90e00000 - 0x00007ffe90e12000 	C:\Program Files\Java\jdk1.8.0_241\jre\bin\nio.dll
0x00007ffe922f0000 - 0x00007ffe92317000 	C:\Users\Administrator\.gradle\native\e1d6ef7f7dcc3fd88c89a11ec53ec762bb8ba0a96d01ffa2cd45eb1d1d8dd5c5\windows-amd64\native-platform.dll
0x00007ffe88570000 - 0x00007ffe886b4000 	C:\Users\Administrator\.gradle\native\0d407fdbe67a94daf76414ababcb853783967236a71b16ec16e742cd7a986fd3\windows-amd64\native-platform-file-events.dll
0x00007ffea7840000 - 0x00007ffea784d000 	C:\Program Files\Java\jdk1.8.0_241\jre\bin\management.dll
0x00007ffeabf30000 - 0x00007ffeabf48000 	C:\Windows\SYSTEM32\CRYPTSP.dll
0x00007ffeab650000 - 0x00007ffeab684000 	C:\Windows\system32\rsaenh.dll
0x00007ffeac580000 - 0x00007ffeac5a7000 	C:\Windows\System32\bcrypt.dll
0x00007ffeac440000 - 0x00007ffeac46e000 	C:\Windows\SYSTEM32\USERENV.dll
0x00007ffeace30000 - 0x00007ffeaceb2000 	C:\Windows\System32\bcryptprimitives.dll
0x00007ffeabf50000 - 0x00007ffeabf5c000 	C:\Windows\SYSTEM32\CRYPTBASE.dll
0x00007ffeab9e0000 - 0x00007ffeaba1b000 	C:\Windows\SYSTEM32\IPHLPAPI.DLL
0x00007ffeacf20000 - 0x00007ffeacf28000 	C:\Windows\System32\NSI.dll
0x00007ffea38f0000 - 0x00007ffea3907000 	C:\Windows\SYSTEM32\dhcpcsvc6.DLL
0x00007ffea3a30000 - 0x00007ffea3a4d000 	C:\Windows\SYSTEM32\dhcpcsvc.DLL
0x00007ffeaba20000 - 0x00007ffeabaeb000 	C:\Windows\SYSTEM32\DNSAPI.dll

VM Arguments:
jvm_args: -XX:MaxMetaspaceSize=256m -XX:+HeapDumpOnOutOfMemoryError -Xms256m -Xmx512m -Dfile.encoding=windows-1252 -Duser.country=US -Duser.language=en -Duser.variant 
java_command: org.gradle.launcher.daemon.bootstrap.GradleDaemon 7.4.1
java_class_path (initial): C:\Users\Administrator\.gradle\wrapper\dists\gradle-7.4.1-all\htb4l60oox3i12rnwfoqoo8d\gradle-7.4.1\lib\gradle-launcher-7.4.1.jar
Launcher Type: SUN_STANDARD

Environment Variables:
PATH=C:\Program Files (x86)\Common Files\Oracle\Java\javapath;C:\ProgramData\Oracle\Java\javapath;C:\Windows\system32;C:\Windows;C:\Windows\System32\Wbem;C:\Windows\System32\WindowsPowerShell\v1.0\;C:\Windows\System32\OpenSSH\;C:\Program Files (x86)\Microsoft SQL Server\100\Tools\Binn\;C:\Program Files (x86)\Microsoft SQL Server\100\DTS\Binn\;C:\Program Files\Git\cmd;C:\Users\Administrator\AppData\Local\Microsoft\WindowsApps;
USERNAME=Administrator
OS=Windows_NT
PROCESSOR_IDENTIFIER=Intel64 Family 6 Model 61 Stepping 4, GenuineIntel



---------------  S Y S T E M  ---------------

OS: Windows 10.0 , 64 bit Build 19041 (10.0.19041.1706)

CPU:total 4 (initial active 4) (2 cores per cpu, 2 threads per core) family 6 model 61 stepping 4, cmov, cx8, fxsr, mmx, sse, sse2, sse3, ssse3, sse4.1, sse4.2, popcnt, avx, avx2, aes, clmul, erms, 3dnowpref, lzcnt, ht, tsc, tscinvbit, bmi1, bmi2, adx

Memory: 4k page, physical 8277140k(459028k free), swap 10522992k(3552k free)

vm_info: Java HotSpot(TM) 64-Bit Server VM (25.241-b07) for windows-amd64 JRE (1.8.0_241-b07), built on Dec 11 2019 10:21:40 by "rejava" with MS VC++ 10.0 (VS2010)

time: Sun May 29 17:08:13 2022
timezone: SE Asia Standard Time
elapsed time: 9 seconds (0d 0h 0m 9s)

