#
# There is insufficient memory for the Java Runtime Environment to continue.
# Native memory allocation (malloc) failed to allocate 73456 bytes for Chunk::new
# Possible reasons:
#   The system is out of physical RAM or swap space
#   The process is running with CompressedOops enabled, and the Java Heap may be blocking the growth of the native heap
# Possible solutions:
#   Reduce memory load on the system
#   Increase physical memory or swap space
#   Check if swap backing store is full
#   Decrease Java heap size (-Xmx/-Xms)
#   Decrease number of Java threads
#   Decrease Java thread stack sizes (-Xss)
#   Set larger code cache with -XX:ReservedCodeCacheSize=
#   JVM is running with Unscaled Compressed Oops mode in which the Java heap is
#     placed in the first 4GB address space. The Java Heap base address is the
#     maximum limit for the native heap growth. Please use -XX:HeapBaseMinAddress
#     to set the Java Heap base and to place the Java Heap above 4GB virtual address.
# This output file may be truncated or incomplete.
#
#  Out of Memory Error (allocation.cpp:389), pid=7400, tid=0x00000000000020c8
#
# JRE version: Java(TM) SE Runtime Environment (8.0_241-b07) (build 1.8.0_241-b07)
# Java VM: Java HotSpot(TM) 64-Bit Server VM (25.241-b07 mixed mode windows-amd64 compressed oops)
# Failed to write core dump. Minidumps are not enabled by default on client versions of Windows
#

---------------  T H R E A D  ---------------

Current thread (0x000000001459b000):  JavaThread "C2 CompilerThread1" daemon [_thread_in_native, id=8392, stack(0x0000000015cf0000,0x0000000015df0000)]

Stack: [0x0000000015cf0000,0x0000000015df0000]
[error occurred during error reporting (printing stack bounds), id 0xc0000005]

Native frames: (J=compiled Java code, j=interpreted, Vv=VM code, C=native code)


Current CompileTask:
C2:  36417 4134 %     4       org.gradle.internal.instantiation.generator.AbstractClassGenerator::inspectType @ 107 (560 bytes)


---------------  P R O C E S S  ---------------

Java Threads: ( => current thread )
  0x0000000016965800 JavaThread "Memory manager" [_thread_blocked, id=6784, stack(0x0000000021f10000,0x0000000022010000)]
  0x000000001696b000 JavaThread "Unconstrained build operations Thread 19" [_thread_blocked, id=8264, stack(0x0000000021b10000,0x0000000021c10000)]
  0x000000001696a000 JavaThread "Unconstrained build operations Thread 18" [_thread_blocked, id=1080, stack(0x0000000021a10000,0x0000000021b10000)]
  0x0000000016969800 JavaThread "Unconstrained build operations Thread 17" [_thread_blocked, id=1240, stack(0x0000000021910000,0x0000000021a10000)]
  0x0000000016968800 JavaThread "Unconstrained build operations Thread 16" [_thread_blocked, id=2620, stack(0x0000000021810000,0x0000000021910000)]
  0x0000000016968000 JavaThread "Unconstrained build operations Thread 15" [_thread_blocked, id=6240, stack(0x0000000021710000,0x0000000021810000)]
  0x0000000016967000 JavaThread "Unconstrained build operations Thread 14" [_thread_blocked, id=2032, stack(0x0000000021610000,0x0000000021710000)]
  0x0000000016966800 JavaThread "Unconstrained build operations Thread 13" [_thread_blocked, id=7868, stack(0x0000000021510000,0x0000000021610000)]
  0x0000000019a2c800 JavaThread "Unconstrained build operations Thread 12" [_thread_blocked, id=6736, stack(0x0000000021410000,0x0000000021510000)]
  0x0000000019a2b000 JavaThread "Unconstrained build operations Thread 11" [_thread_blocked, id=11280, stack(0x0000000021310000,0x0000000021410000)]
  0x0000000019a2d800 JavaThread "Unconstrained build operations Thread 10" [_thread_blocked, id=7468, stack(0x0000000021210000,0x0000000021310000)]
  0x0000000019a2a800 JavaThread "Unconstrained build operations Thread 9" [_thread_blocked, id=5628, stack(0x0000000021110000,0x0000000021210000)]
  0x0000000019a2c000 JavaThread "Unconstrained build operations Thread 8" [_thread_blocked, id=8140, stack(0x0000000021010000,0x0000000021110000)]
  0x0000000019a2e000 JavaThread "Unconstrained build operations Thread 7" [_thread_blocked, id=556, stack(0x0000000020f10000,0x0000000021010000)]
  0x0000000019a23000 JavaThread "Unconstrained build operations Thread 6" [_thread_blocked, id=11508, stack(0x0000000020e10000,0x0000000020f10000)]
  0x0000000019a23800 JavaThread "Unconstrained build operations Thread 5" [_thread_blocked, id=6408, stack(0x0000000020d10000,0x0000000020e10000)]
  0x0000000019a24800 JavaThread "Unconstrained build operations Thread 4" [_thread_blocked, id=2252, stack(0x0000000020c10000,0x0000000020d10000)]
  0x0000000019a29800 JavaThread "Unconstrained build operations Thread 3" [_thread_blocked, id=5188, stack(0x0000000020b10000,0x0000000020c10000)]
  0x0000000019a29000 JavaThread "Unconstrained build operations Thread 2" [_thread_blocked, id=12268, stack(0x0000000020a10000,0x0000000020b10000)]
  0x0000000019a21800 JavaThread "Unconstrained build operations" [_thread_blocked, id=9896, stack(0x0000000020910000,0x0000000020a10000)]
  0x0000000019a28000 JavaThread "Cache worker for Build Output Cleanup Cache (D:\codeGYM\C1221G1-tr-n-lu-t\C1221G1_[TranNgocLuat]_Module4\case\furama_resort\.gradle\buildOutputCleanup)" [_thread_blocked, id=7280, stack(0x0000000020810000,0x0000000020910000)]
  0x0000000019a20800 JavaThread "Cache worker for dependencies-accessors (D:\codeGYM\C1221G1-tr-n-lu-t\C1221G1_[TranNgocLuat]_Module4\case\furama_resort\.gradle\7.4.1\dependencies-accessors)" [_thread_blocked, id=7932, stack(0x0000000020110000,0x0000000020210000)]
  0x0000000019a27800 JavaThread "jar transforms Thread 4" [_thread_blocked, id=9000, stack(0x0000000020010000,0x0000000020110000)]
  0x0000000019a22000 JavaThread "jar transforms Thread 3" [_thread_blocked, id=9984, stack(0x000000001ff10000,0x0000000020010000)]
  0x0000000019a26800 JavaThread "Cache worker for file content cache (C:\Users\Administrator\.gradle\caches\7.4.1\fileContent)" [_thread_blocked, id=1984, stack(0x000000001e900000,0x000000001ea00000)]
  0x0000000019a1f000 JavaThread "jar transforms Thread 2" [_thread_blocked, id=1220, stack(0x000000001e600000,0x000000001e700000)]
  0x0000000019a26000 JavaThread "jar transforms" [_thread_blocked, id=5808, stack(0x000000001e500000,0x000000001e600000)]
  0x0000000019a25000 JavaThread "Cache worker for execution history cache (C:\Users\Administrator\.gradle\caches\7.4.1\executionHistory)" [_thread_blocked, id=896, stack(0x000000001ea40000,0x000000001eb40000)]
  0x000000001bc98000 JavaThread "Cache worker for cache directory md-supplier (C:\Users\Administrator\.gradle\caches\7.4.1\md-supplier)" [_thread_blocked, id=2984, stack(0x000000001e200000,0x000000001e300000)]
  0x000000001bc96800 JavaThread "Cache worker for file hash cache (D:\codeGYM\C1221G1-tr-n-lu-t\C1221G1_[TranNgocLuat]_Module4\case\furama_resort\.gradle\7.4.1\fileHashes)" [_thread_blocked, id=11620, stack(0x000000001e100000,0x000000001e200000)]
  0x000000001bc9b800 JavaThread "Cache worker for cache directory md-rule (C:\Users\Administrator\.gradle\caches\7.4.1\md-rule)" [_thread_blocked, id=9080, stack(0x000000001de00000,0x000000001df00000)]
  0x000000001bc9b000 JavaThread "Cache worker for checksums cache (D:\codeGYM\C1221G1-tr-n-lu-t\C1221G1_[TranNgocLuat]_Module4\case\furama_resort\.gradle\7.4.1\checksums)" [_thread_blocked, id=9828, stack(0x000000001dd00000,0x000000001de00000)]
  0x000000001bc99800 JavaThread "File watcher consumer" daemon [_thread_blocked, id=10472, stack(0x000000001da00000,0x000000001db00000)]
  0x000000001bc95000 JavaThread "File watcher server" daemon [_thread_in_native, id=3976, stack(0x000000001c8b0000,0x000000001c9b0000)]
  0x000000001bc98800 JavaThread "Cache worker for file hash cache (C:\Users\Administrator\.gradle\caches\7.4.1\fileHashes)" [_thread_blocked, id=11592, stack(0x000000001c3b0000,0x000000001c4b0000)]
  0x000000001bc97000 JavaThread "File lock release action executor" [_thread_blocked, id=5552, stack(0x000000001c2b0000,0x000000001c3b0000)]
  0x000000001bc95800 JavaThread "File lock request listener" [_thread_in_native, id=8272, stack(0x000000001c1b0000,0x000000001c2b0000)]
  0x000000001bc9a000 JavaThread "Cache worker for journal cache (C:\Users\Administrator\.gradle\caches\journal-1)" [_thread_blocked, id=8552, stack(0x000000001c0b0000,0x000000001c1b0000)]
  0x0000000017a4c800 JavaThread "Daemon client event forwarder" [_thread_blocked, id=4576, stack(0x0000000018e40000,0x0000000018f40000)]
  0x0000000017a4a000 JavaThread "Stdin handler" [_thread_blocked, id=4492, stack(0x0000000018d40000,0x0000000018e40000)]
  0x0000000017a29000 JavaThread "Asynchronous log dispatcher for DefaultDaemonConnection: socket connection from /127.0.0.1:65453 to /127.0.0.1:65460" [_thread_blocked, id=3928, stack(0x0000000018c40000,0x0000000018d40000)]
  0x0000000017a2b000 JavaThread "Daemon worker" [_thread_in_vm, id=8992, stack(0x0000000018b40000,0x0000000018c40000)]
  0x0000000017a2a800 JavaThread "Cancel handler" [_thread_blocked, id=8516, stack(0x0000000018a40000,0x0000000018b40000)]
  0x000000001799e000 JavaThread "Handler for socket connection from /127.0.0.1:65453 to /127.0.0.1:65460" [_thread_in_native, id=10644, stack(0x0000000018940000,0x0000000018a40000)]
  0x000000001799d800 JavaThread "Daemon" [_thread_blocked, id=2824, stack(0x0000000018840000,0x0000000018940000)]
  0x0000000017936000 JavaThread "Daemon periodic checks" [_thread_blocked, id=11748, stack(0x0000000018540000,0x0000000018640000)]
  0x0000000017935000 JavaThread "Incoming local TCP Connector on port 65453" [_thread_in_native, id=5716, stack(0x0000000018300000,0x0000000018400000)]
  0x00000000177cd000 JavaThread "Daemon health stats" [_thread_blocked, id=10324, stack(0x0000000017ec0000,0x0000000017fc0000)]
  0x00000000145ed000 JavaThread "Service Thread" daemon [_thread_blocked, id=6024, stack(0x00000000162f0000,0x00000000163f0000)]
  0x0000000015df8800 JavaThread "C1 CompilerThread2" daemon [_thread_blocked, id=6660, stack(0x00000000161f0000,0x00000000162f0000)]
=>0x000000001459b000 JavaThread "C2 CompilerThread1" daemon [_thread_in_native, id=8392, stack(0x0000000015cf0000,0x0000000015df0000)]
  0x0000000014594800 JavaThread "C2 CompilerThread0" daemon [_thread_blocked, id=5356, stack(0x0000000015bf0000,0x0000000015cf0000)]
  0x0000000014593000 JavaThread "Attach Listener" daemon [_thread_blocked, id=7848, stack(0x0000000015af0000,0x0000000015bf0000)]
  0x0000000014591800 JavaThread "Signal Dispatcher" daemon [_thread_blocked, id=8208, stack(0x00000000159f0000,0x0000000015af0000)]
  0x0000000003165000 JavaThread "Finalizer" daemon [_thread_blocked, id=10792, stack(0x00000000157f0000,0x00000000158f0000)]
  0x000000001457a000 JavaThread "Reference Handler" daemon [_thread_blocked, id=11604, stack(0x00000000156f0000,0x00000000157f0000)]
  0x000000000306d800 JavaThread "main" [_thread_blocked, id=4212, stack(0x0000000002f00000,0x0000000003000000)]

Other Threads:
  0x0000000014558000 VMThread [stack: 0x00000000155f0000,0x00000000156f0000] [id=12020]
  0x0000000015e22000 WatcherThread [stack: 0x00000000163f0000,0x00000000164f0000] [id=4488]

VM state:not at safepoint (normal execution)

VM Mutex/Monitor currently owned by a thread: None

heap address: 0x00000000e0000000, size: 512 MB, Compressed Oops mode: 32-bit
Narrow klass base: 0x0000000000000000, Narrow klass shift: 3
Compressed class space size: 1073741824 Address: 0x0000000100000000

Heap:
 PSYoungGen      total 160768K, used 131109K [0x00000000f5580000, 0x00000000fff80000, 0x0000000100000000)
  eden space 148480K, 83% used [0x00000000f5580000,0x00000000fce639e0,0x00000000fe680000)
  from space 12288K, 59% used [0x00000000ff380000,0x00000000ffaa5be0,0x00000000fff80000)
  to   space 12800K, 0% used [0x00000000fe680000,0x00000000fe680000,0x00000000ff300000)
 ParOldGen       total 175104K, used 15113K [0x00000000e0000000, 0x00000000eab00000, 0x00000000f5580000)
  object space 175104K, 8% used [0x00000000e0000000,0x00000000e0ec25f0,0x00000000eab00000)
 Metaspace       used 45432K, capacity 48258K, committed 48512K, reserved 1091584K
  class space    used 6621K, capacity 7173K, committed 7296K, reserved 1048576K

Card table byte_map: [0x0000000012530000,0x0000000012640000] byte_map_base: 0x0000000011e30000

Marking Bits: (ParMarkBitMap*) 0x00000000556abe30
 Begin Bits: [0x0000000012af0000, 0x00000000132f0000)
 End Bits:   [0x00000000132f0000, 0x0000000013af0000)

Polling page: 0x00000000012b0000

CodeCache: size=245760Kb used=13160Kb max_used=13174Kb free=232599Kb
 bounds [0x0000000003170000, 0x0000000003e60000, 0x0000000012170000]
 total_blobs=4430 nmethods=3685 adapters=656
 compilation: enabled

Compilation events (10 events):
Event: 36.130 Thread 0x0000000015df8800 4136       3       org.objectweb.asm.Frame::execute (2318 bytes)
Event: 36.137 Thread 0x0000000015df8800 nmethod 4136 0x0000000003e4a750 code [0x0000000003e4b3c0, 0x0000000003e50558]
Event: 36.137 Thread 0x0000000015df8800 4137       3       org.objectweb.asm.Type::getArgumentsAndReturnSizes (140 bytes)
Event: 36.139 Thread 0x0000000015df8800 nmethod 4137 0x0000000003e48950 code [0x0000000003e48ba0, 0x0000000003e49c78]
Event: 36.145 Thread 0x0000000015df8800 4138       3       org.gradle.internal.service.DefaultServiceRegistry::get (44 bytes)
Event: 36.147 Thread 0x0000000015df8800 nmethod 4138 0x0000000003e53710 code [0x0000000003e539e0, 0x0000000003e54e28]
Event: 36.156 Thread 0x0000000014594800 4139       4       org.objectweb.asm.Frame::pop (44 bytes)
Event: 36.157 Thread 0x0000000014594800 nmethod 4139 0x0000000003e29650 code [0x0000000003e29780, 0x0000000003e29818]
Event: 36.176 Thread 0x0000000014594800 4140       4       org.objectweb.asm.Type::getDescriptor (93 bytes)
Event: 36.198 Thread 0x0000000014594800 nmethod 4140 0x0000000003e55c50 code [0x0000000003e55e40, 0x0000000003e568c0]

GC Heap History (10 events):
Event: 17.405 GC heap before
{Heap before GC invocations=6 (full 1):
 PSYoungGen      total 76288K, used 65536K [0x00000000f5580000, 0x00000000faa80000, 0x0000000100000000)
  eden space 65536K, 100% used [0x00000000f5580000,0x00000000f9580000,0x00000000f9580000)
  from space 10752K, 0% used [0x00000000fa000000,0x00000000fa000000,0x00000000faa80000)
  to   space 10752K, 0% used [0x00000000f9580000,0x00000000f9580000,0x00000000fa000000)
 ParOldGen       total 175104K, used 10058K [0x00000000e0000000, 0x00000000eab00000, 0x00000000f5580000)
  object space 175104K, 5% used [0x00000000e0000000,0x00000000e09d29b0,0x00000000eab00000)
 Metaspace       used 24356K, capacity 25348K, committed 25472K, reserved 1071104K
  class space    used 3644K, capacity 3870K, committed 3968K, reserved 1048576K
Event: 17.467 GC heap after
Heap after GC invocations=6 (full 1):
 PSYoungGen      total 76288K, used 4802K [0x00000000f5580000, 0x00000000fdf00000, 0x0000000100000000)
  eden space 65536K, 0% used [0x00000000f5580000,0x00000000f5580000,0x00000000f9580000)
  from space 10752K, 44% used [0x00000000f9580000,0x00000000f9a30810,0x00000000fa000000)
  to   space 13312K, 0% used [0x00000000fd200000,0x00000000fd200000,0x00000000fdf00000)
 ParOldGen       total 175104K, used 10066K [0x00000000e0000000, 0x00000000eab00000, 0x00000000f5580000)
  object space 175104K, 5% used [0x00000000e0000000,0x00000000e09d49b0,0x00000000eab00000)
 Metaspace       used 24356K, capacity 25348K, committed 25472K, reserved 1071104K
  class space    used 3644K, capacity 3870K, committed 3968K, reserved 1048576K
}
Event: 22.741 GC heap before
{Heap before GC invocations=7 (full 1):
 PSYoungGen      total 76288K, used 70338K [0x00000000f5580000, 0x00000000fdf00000, 0x0000000100000000)
  eden space 65536K, 100% used [0x00000000f5580000,0x00000000f9580000,0x00000000f9580000)
  from space 10752K, 44% used [0x00000000f9580000,0x00000000f9a30810,0x00000000fa000000)
  to   space 13312K, 0% used [0x00000000fd200000,0x00000000fd200000,0x00000000fdf00000)
 ParOldGen       total 175104K, used 10066K [0x00000000e0000000, 0x00000000eab00000, 0x00000000f5580000)
  object space 175104K, 5% used [0x00000000e0000000,0x00000000e09d49b0,0x00000000eab00000)
 Metaspace       used 32747K, capacity 34020K, committed 34176K, reserved 1079296K
  class space    used 4642K, capacity 4942K, committed 4992K, reserved 1048576K
Event: 22.768 GC heap after
Heap after GC invocations=7 (full 1):
 PSYoungGen      total 122368K, used 9887K [0x00000000f5580000, 0x00000000fdc80000, 0x0000000100000000)
  eden space 111616K, 0% used [0x00000000f5580000,0x00000000f5580000,0x00000000fc280000)
  from space 10752K, 91% used [0x00000000fd200000,0x00000000fdba7ee0,0x00000000fdc80000)
  to   space 13312K, 0% used [0x00000000fc280000,0x00000000fc280000,0x00000000fcf80000)
 ParOldGen       total 175104K, used 10074K [0x00000000e0000000, 0x00000000eab00000, 0x00000000f5580000)
  object space 175104K, 5% used [0x00000000e0000000,0x00000000e09d69b0,0x00000000eab00000)
 Metaspace       used 32747K, capacity 34020K, committed 34176K, reserved 1079296K
  class space    used 4642K, capacity 4942K, committed 4992K, reserved 1048576K
}
Event: 24.065 GC heap before
{Heap before GC invocations=8 (full 1):
 PSYoungGen      total 122368K, used 38013K [0x00000000f5580000, 0x00000000fdc80000, 0x0000000100000000)
  eden space 111616K, 25% used [0x00000000f5580000,0x00000000f70f7728,0x00000000fc280000)
  from space 10752K, 91% used [0x00000000fd200000,0x00000000fdba7ee0,0x00000000fdc80000)
  to   space 13312K, 0% used [0x00000000fc280000,0x00000000fc280000,0x00000000fcf80000)
 ParOldGen       total 175104K, used 10074K [0x00000000e0000000, 0x00000000eab00000, 0x00000000f5580000)
  object space 175104K, 5% used [0x00000000e0000000,0x00000000e09d69b0,0x00000000eab00000)
 Metaspace       used 33946K, capacity 35324K, committed 35456K, reserved 1079296K
  class space    used 4849K, capacity 5150K, committed 5248K, reserved 1048576K
Event: 24.076 GC heap after
Heap after GC invocations=8 (full 1):
 PSYoungGen      total 124928K, used 7709K [0x00000000f5580000, 0x0000000100000000, 0x0000000100000000)
  eden space 111616K, 0% used [0x00000000f5580000,0x00000000f5580000,0x00000000fc280000)
  from space 13312K, 57% used [0x00000000fc280000,0x00000000fca07758,0x00000000fcf80000)
  to   space 12800K, 0% used [0x00000000ff380000,0x00000000ff380000,0x0000000100000000)
 ParOldGen       total 175104K, used 10082K [0x00000000e0000000, 0x00000000eab00000, 0x00000000f5580000)
  object space 175104K, 5% used [0x00000000e0000000,0x00000000e09d89b0,0x00000000eab00000)
 Metaspace       used 33946K, capacity 35324K, committed 35456K, reserved 1079296K
  class space    used 4849K, capacity 5150K, committed 5248K, reserved 1048576K
}
Event: 24.076 GC heap before
{Heap before GC invocations=9 (full 2):
 PSYoungGen      total 124928K, used 7709K [0x00000000f5580000, 0x0000000100000000, 0x0000000100000000)
  eden space 111616K, 0% used [0x00000000f5580000,0x00000000f5580000,0x00000000fc280000)
  from space 13312K, 57% used [0x00000000fc280000,0x00000000fca07758,0x00000000fcf80000)
  to   space 12800K, 0% used [0x00000000ff380000,0x00000000ff380000,0x0000000100000000)
 ParOldGen       total 175104K, used 10082K [0x00000000e0000000, 0x00000000eab00000, 0x00000000f5580000)
  object space 175104K, 5% used [0x00000000e0000000,0x00000000e09d89b0,0x00000000eab00000)
 Metaspace       used 33946K, capacity 35324K, committed 35456K, reserved 1079296K
  class space    used 4849K, capacity 5150K, committed 5248K, reserved 1048576K
Event: 24.307 GC heap after
Heap after GC invocations=9 (full 2):
 PSYoungGen      total 124928K, used 0K [0x00000000f5580000, 0x0000000100000000, 0x0000000100000000)
  eden space 111616K, 0% used [0x00000000f5580000,0x00000000f5580000,0x00000000fc280000)
  from space 13312K, 0% used [0x00000000fc280000,0x00000000fc280000,0x00000000fcf80000)
  to   space 12800K, 0% used [0x00000000ff380000,0x00000000ff380000,0x0000000100000000)
 ParOldGen       total 175104K, used 15113K [0x00000000e0000000, 0x00000000eab00000, 0x00000000f5580000)
  object space 175104K, 8% used [0x00000000e0000000,0x00000000e0ec25f0,0x00000000eab00000)
 Metaspace       used 33946K, capacity 35324K, committed 35456K, reserved 1079296K
  class space    used 4849K, capacity 5150K, committed 5248K, reserved 1048576K
}
Event: 30.562 GC heap before
{Heap before GC invocations=10 (full 2):
 PSYoungGen      total 124928K, used 111616K [0x00000000f5580000, 0x0000000100000000, 0x0000000100000000)
  eden space 111616K, 100% used [0x00000000f5580000,0x00000000fc280000,0x00000000fc280000)
  from space 13312K, 0% used [0x00000000fc280000,0x00000000fc280000,0x00000000fcf80000)
  to   space 12800K, 0% used [0x00000000ff380000,0x00000000ff380000,0x0000000100000000)
 ParOldGen       total 175104K, used 15113K [0x00000000e0000000, 0x00000000eab00000, 0x00000000f5580000)
  object space 175104K, 8% used [0x00000000e0000000,0x00000000e0ec25f0,0x00000000eab00000)
 Metaspace       used 39750K, capacity 41586K, committed 41728K, reserved 1085440K
  class space    used 5667K, capacity 6053K, committed 6144K, reserved 1048576K
Event: 30.572 GC heap after
Heap after GC invocations=10 (full 2):
 PSYoungGen      total 160768K, used 7318K [0x00000000f5580000, 0x00000000fff80000, 0x0000000100000000)
  eden space 148480K, 0% used [0x00000000f5580000,0x00000000f5580000,0x00000000fe680000)
  from space 12288K, 59% used [0x00000000ff380000,0x00000000ffaa5be0,0x00000000fff80000)
  to   space 12800K, 0% used [0x00000000fe680000,0x00000000fe680000,0x00000000ff300000)
 ParOldGen       total 175104K, used 15113K [0x00000000e0000000, 0x00000000eab00000, 0x00000000f5580000)
  object space 175104K, 8% used [0x00000000e0000000,0x00000000e0ec25f0,0x00000000eab00000)
 Metaspace       used 39750K, capacity 41586K, committed 41728K, reserved 1085440K
  class space    used 5667K, capacity 6053K, committed 6144K, reserved 1048576K
}

Deoptimization events (10 events):
Event: 35.181 Thread 0x0000000017a2b000 Uncommon trap: reason=unstable_if action=reinterpret pc=0x00000000032a60dc method=java.util.HashMap.getNode(ILjava/lang/Object;)Ljava/util/HashMap$Node; @ 84
Event: 35.181 Thread 0x0000000017a2b000 Uncommon trap: reason=unstable_if action=reinterpret pc=0x00000000033c1e1c method=java.util.HashMap.getNode(ILjava/lang/Object;)Ljava/util/HashMap$Node; @ 84
Event: 35.282 Thread 0x0000000017a2b000 Uncommon trap: reason=unstable_if action=reinterpret pc=0x0000000003b9c1a4 method=java.util.HashMap.putVal(ILjava/lang/Object;Ljava/lang/Object;ZZ)Ljava/lang/Object; @ 109
Event: 35.282 Thread 0x0000000017a2b000 Uncommon trap: reason=unstable_if action=reinterpret pc=0x00000000038641bc method=java.util.HashMap.putVal(ILjava/lang/Object;Ljava/lang/Object;ZZ)Ljava/lang/Object; @ 109
Event: 35.767 Thread 0x0000000017a2b000 Uncommon trap: reason=bimorphic action=maybe_recompile pc=0x000000000355eb94 method=java.util.stream.ReferencePipeline$2$1.accept(Ljava/lang/Object;)V @ 21
Event: 35.813 Thread 0x0000000017a2b000 Uncommon trap: reason=bimorphic action=maybe_recompile pc=0x000000000355eb94 method=java.util.stream.ReferencePipeline$2$1.accept(Ljava/lang/Object;)V @ 21
Event: 35.813 Thread 0x0000000017a2b000 Uncommon trap: reason=bimorphic action=maybe_recompile pc=0x000000000355eb94 method=java.util.stream.ReferencePipeline$2$1.accept(Ljava/lang/Object;)V @ 21
Event: 35.838 Thread 0x0000000017a2b000 Uncommon trap: reason=bimorphic action=maybe_recompile pc=0x000000000355eb94 method=java.util.stream.ReferencePipeline$2$1.accept(Ljava/lang/Object;)V @ 21
Event: 36.130 Thread 0x0000000017a2b000 Uncommon trap: reason=unstable_if action=reinterpret pc=0x0000000003dc1510 method=org.objectweb.asm.Type.getArgumentsAndReturnSizes(Ljava/lang/String;)I @ 117
Event: 36.130 Thread 0x0000000017a2b000 Uncommon trap: reason=unstable_if action=reinterpret pc=0x0000000003bc1048 method=org.objectweb.asm.Type.getArgumentsAndReturnSizes(Ljava/lang/String;)I @ 117

Classes redefined (0 events):
No events

Internal exceptions (10 events):
Event: 34.962 Thread 0x0000000017a2b000 Exception <a 'java/lang/ClassNotFoundException': org/gradle/api/internal/artifacts/dsl/dependencies/DefaultDependencyHandler_DecoratedBeanInfo> (0x00000000fab26628) thrown at [C:\ade\jenkins\workspace\8-2-build-windows-amd64-cygwin\jdk8u241\331\hotspot\sr
Event: 34.977 Thread 0x0000000017a2b000 Exception <a 'java/lang/ClassNotFoundException': org/gradle/api/internal/artifacts/dsl/dependencies/DefaultDependencyHandlerBeanInfo> (0x00000000fab8f6e8) thrown at [C:\ade\jenkins\workspace\8-2-build-windows-amd64-cygwin\jdk8u241\331\hotspot\src\share\vm
Event: 34.980 Thread 0x0000000017a2b000 Exception <a 'java/lang/ClassNotFoundException': org/gradle/api/internal/artifacts/dsl/dependencies/DefaultDependencyHandlerCustomizer> (0x00000000fabf9a70) thrown at [C:\ade\jenkins\workspace\8-2-build-windows-amd64-cygwin\jdk8u241\331\hotspot\src\share\
Event: 34.989 Thread 0x0000000017a2b000 Exception <a 'java/lang/ClassNotFoundException': org/gradle/api/internal/artifacts/dsl/dependencies/DefaultDependencyHandler_DecoratedCustomizer> (0x00000000faca6af0) thrown at [C:\ade\jenkins\workspace\8-2-build-windows-amd64-cygwin\jdk8u241\331\hotspot\
Event: 35.030 Thread 0x0000000017a2b000 Exception <a 'java/lang/ClassNotFoundException': org/gradle/api/internal/tasks/DefaultTaskContainer_DecoratedBeanInfo> (0x00000000fb0e0f78) thrown at [C:\ade\jenkins\workspace\8-2-build-windows-amd64-cygwin\jdk8u241\331\hotspot\src\share\vm\classfile\syst
Event: 35.031 Thread 0x0000000017a2b000 Exception <a 'java/lang/ClassNotFoundException': org/gradle/api/internal/tasks/DefaultTaskContainerBeanInfo> (0x00000000fb11c100) thrown at [C:\ade\jenkins\workspace\8-2-build-windows-amd64-cygwin\jdk8u241\331\hotspot\src\share\vm\classfile\systemDictiona
Event: 35.032 Thread 0x0000000017a2b000 Exception <a 'java/lang/ClassNotFoundException': org/gradle/api/internal/tasks/DefaultTaskCollectionBeanInfo> (0x00000000fb15a350) thrown at [C:\ade\jenkins\workspace\8-2-build-windows-amd64-cygwin\jdk8u241\331\hotspot\src\share\vm\classfile\systemDiction
Event: 35.033 Thread 0x0000000017a2b000 Exception <a 'java/lang/ClassNotFoundException': org/gradle/api/internal/tasks/DefaultTaskCollectionCustomizer> (0x00000000fb1991f8) thrown at [C:\ade\jenkins\workspace\8-2-build-windows-amd64-cygwin\jdk8u241\331\hotspot\src\share\vm\classfile\systemDicti
Event: 35.036 Thread 0x0000000017a2b000 Exception <a 'java/lang/ClassNotFoundException': org/gradle/api/internal/tasks/DefaultTaskContainerCustomizer> (0x00000000fb20bea8) thrown at [C:\ade\jenkins\workspace\8-2-build-windows-amd64-cygwin\jdk8u241\331\hotspot\src\share\vm\classfile\systemDictio
Event: 35.042 Thread 0x0000000017a2b000 Exception <a 'java/lang/ClassNotFoundException': org/gradle/api/internal/tasks/DefaultTaskContainer_DecoratedCustomizer> (0x00000000fb2afd70) thrown at [C:\ade\jenkins\workspace\8-2-build-windows-amd64-cygwin\jdk8u241\331\hotspot\src\share\vm\classfile\sy

Events (10 events):
Event: 36.166 loading class org/gradle/api/internal/tasks/testing/DefaultTestTaskReports
Event: 36.166 loading class org/gradle/api/internal/tasks/testing/DefaultTestTaskReports done
Event: 36.166 loading class org/gradle/api/reporting/internal/TaskReportContainer
Event: 36.166 loading class org/gradle/api/reporting/internal/TaskReportContainer done
Event: 36.167 loading class org/gradle/api/reporting/internal/DefaultReportContainer
Event: 36.167 loading class org/gradle/api/reporting/internal/DefaultReportContainer done
Event: 36.170 loading class org/gradle/api/reporting/ReportContainer$ImmutableViolationException
Event: 36.170 loading class org/gradle/api/reporting/ReportContainer$ImmutableViolationException done
Event: 36.172 loading class org/gradle/api/tasks/testing/JUnitXmlReport
Event: 36.173 loading class org/gradle/api/tasks/testing/JUnitXmlReport done


Dynamic libraries:
0x00007ff75af90000 - 0x00007ff75afc7000 	C:\Program Files\Java\jdk1.8.0_241\bin\java.exe
0x00007ffef6410000 - 0x00007ffef6605000 	C:\Windows\SYSTEM32\ntdll.dll
0x00007ffef4460000 - 0x00007ffef451d000 	C:\Windows\System32\KERNEL32.DLL
0x00007ffef3b90000 - 0x00007ffef3e5d000 	C:\Windows\System32\KERNELBASE.dll
0x00007ffef5a90000 - 0x00007ffef5b3e000 	C:\Windows\System32\ADVAPI32.dll
0x00007ffef5830000 - 0x00007ffef58ce000 	C:\Windows\System32\msvcrt.dll
0x00007ffef56f0000 - 0x00007ffef578c000 	C:\Windows\System32\sechost.dll
0x00007ffef62a0000 - 0x00007ffef63c5000 	C:\Windows\System32\RPCRT4.dll
0x00007ffef5fe0000 - 0x00007ffef6180000 	C:\Windows\System32\USER32.dll
0x00007ffef3fa0000 - 0x00007ffef3fc2000 	C:\Windows\System32\win32u.dll
0x00007ffef61f0000 - 0x00007ffef621a000 	C:\Windows\System32\GDI32.dll
0x00007ffef4070000 - 0x00007ffef417b000 	C:\Windows\System32\gdi32full.dll
0x00007ffef3fd0000 - 0x00007ffef406d000 	C:\Windows\System32\msvcp_win.dll
0x00007ffef4180000 - 0x00007ffef4280000 	C:\Windows\System32\ucrtbase.dll
0x00007ffee2db0000 - 0x00007ffee304a000 	C:\Windows\WinSxS\amd64_microsoft.windows.common-controls_6595b64144ccf1df_6.0.19041.1110_none_60b5254171f9507e\COMCTL32.dll
0x00007ffef5610000 - 0x00007ffef5640000 	C:\Windows\System32\IMM32.DLL
0x0000000055730000 - 0x0000000055802000 	C:\Program Files\Java\jdk1.8.0_241\jre\bin\msvcr100.dll
0x0000000054e80000 - 0x000000005572c000 	C:\Program Files\Java\jdk1.8.0_241\jre\bin\server\jvm.dll
0x00007ffef61e0000 - 0x00007ffef61e8000 	C:\Windows\System32\PSAPI.DLL
0x00007ffee2320000 - 0x00007ffee2329000 	C:\Windows\SYSTEM32\WSOCK32.dll
0x00007ffef5790000 - 0x00007ffef57fb000 	C:\Windows\System32\WS2_32.dll
0x00007ffee7090000 - 0x00007ffee70b7000 	C:\Windows\SYSTEM32\WINMM.dll
0x00007ffee8480000 - 0x00007ffee848a000 	C:\Windows\SYSTEM32\VERSION.dll
0x00007ffeeed30000 - 0x00007ffeeed3f000 	C:\Program Files\Java\jdk1.8.0_241\jre\bin\verify.dll
0x00007ffeed9d0000 - 0x00007ffeed9f9000 	C:\Program Files\Java\jdk1.8.0_241\jre\bin\java.dll
0x00007ffeed9b0000 - 0x00007ffeed9c6000 	C:\Program Files\Java\jdk1.8.0_241\jre\bin\zip.dll
0x00007ffef46a0000 - 0x00007ffef4de4000 	C:\Windows\System32\SHELL32.dll
0x00007ffef1850000 - 0x00007ffef1fe4000 	C:\Windows\SYSTEM32\windows.storage.dll
0x00007ffef5ba0000 - 0x00007ffef5ef4000 	C:\Windows\System32\combase.dll
0x00007ffef3580000 - 0x00007ffef35ac000 	C:\Windows\SYSTEM32\Wldp.dll
0x00007ffef45f0000 - 0x00007ffef469d000 	C:\Windows\System32\SHCORE.dll
0x00007ffef5b40000 - 0x00007ffef5b95000 	C:\Windows\System32\shlwapi.dll
0x00007ffef3a60000 - 0x00007ffef3a7f000 	C:\Windows\SYSTEM32\profapi.dll
0x00007ffee5d00000 - 0x00007ffee5d1a000 	C:\Program Files\Java\jdk1.8.0_241\jre\bin\net.dll
0x00007ffef32e0000 - 0x00007ffef334a000 	C:\Windows\system32\mswsock.dll
0x00007ffee5ce0000 - 0x00007ffee5cf2000 	C:\Program Files\Java\jdk1.8.0_241\jre\bin\nio.dll
0x00007ffeeda00000 - 0x00007ffeeda27000 	C:\Users\Administrator\.gradle\native\e1d6ef7f7dcc3fd88c89a11ec53ec762bb8ba0a96d01ffa2cd45eb1d1d8dd5c5\windows-amd64\native-platform.dll
0x00007ffeda770000 - 0x00007ffeda8b4000 	C:\Users\Administrator\.gradle\native\0d407fdbe67a94daf76414ababcb853783967236a71b16ec16e742cd7a986fd3\windows-amd64\native-platform-file-events.dll
0x00007ffee50c0000 - 0x00007ffee50cd000 	C:\Program Files\Java\jdk1.8.0_241\jre\bin\management.dll
0x00007ffef34d0000 - 0x00007ffef34e8000 	C:\Windows\SYSTEM32\CRYPTSP.dll
0x00007ffef2bf0000 - 0x00007ffef2c24000 	C:\Windows\system32\rsaenh.dll
0x00007ffef4280000 - 0x00007ffef42a7000 	C:\Windows\System32\bcrypt.dll
0x00007ffef39e0000 - 0x00007ffef3a0e000 	C:\Windows\SYSTEM32\USERENV.dll
0x00007ffef3e60000 - 0x00007ffef3ee2000 	C:\Windows\System32\bcryptprimitives.dll
0x00007ffef34f0000 - 0x00007ffef34fc000 	C:\Windows\SYSTEM32\CRYPTBASE.dll
0x00007ffef2f80000 - 0x00007ffef2fbb000 	C:\Windows\SYSTEM32\IPHLPAPI.DLL
0x00007ffef5820000 - 0x00007ffef5828000 	C:\Windows\System32\NSI.dll
0x00007ffee74f0000 - 0x00007ffee7507000 	C:\Windows\SYSTEM32\dhcpcsvc6.DLL
0x00007ffee8990000 - 0x00007ffee89ad000 	C:\Windows\SYSTEM32\dhcpcsvc.DLL
0x00007ffef2fd0000 - 0x00007ffef309b000 	C:\Windows\SYSTEM32\DNSAPI.dll

VM Arguments:
jvm_args: -XX:MaxMetaspaceSize=256m -XX:+HeapDumpOnOutOfMemoryError -Xms256m -Xmx512m -Dfile.encoding=windows-1252 -Duser.country=US -Duser.language=en -Duser.variant 
java_command: org.gradle.launcher.daemon.bootstrap.GradleDaemon 7.4.1
java_class_path (initial): C:\Users\Administrator\.gradle\wrapper\dists\gradle-7.4.1-all\htb4l60oox3i12rnwfoqoo8d\gradle-7.4.1\lib\gradle-launcher-7.4.1.jar
Launcher Type: SUN_STANDARD

Environment Variables:
PATH=C:\Program Files (x86)\Common Files\Oracle\Java\javapath;C:\ProgramData\Oracle\Java\javapath;C:\Windows\system32;C:\Windows;C:\Windows\System32\Wbem;C:\Windows\System32\WindowsPowerShell\v1.0\;C:\Windows\System32\OpenSSH\;C:\Program Files (x86)\Microsoft SQL Server\100\Tools\Binn\;C:\Program Files (x86)\Microsoft SQL Server\100\DTS\Binn\;C:\Program Files\Git\cmd;C:\Users\Administrator\AppData\Local\Microsoft\WindowsApps;
USERNAME=Administrator
OS=Windows_NT
PROCESSOR_IDENTIFIER=Intel64 Family 6 Model 61 Stepping 4, GenuineIntel



---------------  S Y S T E M  ---------------

OS: Windows 10.0 , 64 bit Build 19041 (10.0.19041.1706)

CPU:total 4 (initial active 4) (2 cores per cpu, 2 threads per core) family 6 model 61 stepping 4, cmov, cx8, fxsr, mmx, sse, sse2, sse3, ssse3, sse4.1, sse4.2, popcnt, avx, avx2, aes, clmul, erms, 3dnowpref, lzcnt, ht, tsc, tscinvbit, bmi1, bmi2, adx

Memory: 4k page, physical 8277140k(422928k free), swap 10794528k(5472k free)

vm_info: Java HotSpot(TM) 64-Bit Server VM (25.241-b07) for windows-amd64 JRE (1.8.0_241-b07), built on Dec 11 2019 10:21:40 by "rejava" with MS VC++ 10.0 (VS2010)

time: Sun May 29 19:57:42 2022
timezone: SE Asia Standard Time
elapsed time: 36 seconds (0d 0h 0m 36s)

