#
# There is insufficient memory for the Java Runtime Environment to continue.
# Native memory allocation (malloc) failed to allocate 262160 bytes for Chunk::new
# Possible reasons:
#   The system is out of physical RAM or swap space
#   The process is running with CompressedOops enabled, and the Java Heap may be blocking the growth of the native heap
# Possible solutions:
#   Reduce memory load on the system
#   Increase physical memory or swap space
#   Check if swap backing store is full
#   Decrease Java heap size (-Xmx/-Xms)
#   Decrease number of Java threads
#   Decrease Java thread stack sizes (-Xss)
#   Set larger code cache with -XX:ReservedCodeCacheSize=
#   JVM is running with Unscaled Compressed Oops mode in which the Java heap is
#     placed in the first 4GB address space. The Java Heap base address is the
#     maximum limit for the native heap growth. Please use -XX:HeapBaseMinAddress
#     to set the Java Heap base and to place the Java Heap above 4GB virtual address.
# This output file may be truncated or incomplete.
#
#  Out of Memory Error (allocation.cpp:389), pid=1272, tid=0x0000000000000c20
#
# JRE version: Java(TM) SE Runtime Environment (8.0_241-b07) (build 1.8.0_241-b07)
# Java VM: Java HotSpot(TM) 64-Bit Server VM (25.241-b07 mixed mode windows-amd64 compressed oops)
# Failed to write core dump. Minidumps are not enabled by default on client versions of Windows
#

---------------  T H R E A D  ---------------

Current thread (0x0000000014325000):  JavaThread "C2 CompilerThread0" daemon [_thread_in_native, id=3104, stack(0x00000000159a0000,0x0000000015aa0000)]

Stack: [0x00000000159a0000,0x0000000015aa0000]
[error occurred during error reporting (printing stack bounds), id 0xc0000005]

Native frames: (J=compiled Java code, j=interpreted, Vv=VM code, C=native code)


Current CompileTask:
C2:  17408 2800       4       groovy.lang.MetaClassImpl$1MOPIter::methodNameAction (325 bytes)


---------------  P R O C E S S  ---------------

Java Threads: ( => current thread )
  0x000000001acd2800 JavaThread "jar transforms Thread 4" [_thread_blocked, id=11476, stack(0x000000001de00000,0x000000001df00000)]
  0x000000001acd9000 JavaThread "jar transforms Thread 3" [_thread_blocked, id=7956, stack(0x000000001dd00000,0x000000001de00000)]
  0x000000001acd4000 JavaThread "Cache worker for file content cache (C:\Users\Administrator\.gradle\caches\7.4.1\fileContent)" [_thread_blocked, id=5900, stack(0x000000001da00000,0x000000001db00000)]
  0x000000001acd3000 JavaThread "jar transforms Thread 2" [_thread_blocked, id=8224, stack(0x000000001d500000,0x000000001d600000)]
  0x000000001acd7800 JavaThread "jar transforms" [_thread_blocked, id=2156, stack(0x000000001d400000,0x000000001d500000)]
  0x000000001acd7000 JavaThread "Cache worker for execution history cache (C:\Users\Administrator\.gradle\caches\7.4.1\executionHistory)" [_thread_blocked, id=8436, stack(0x000000001cf60000,0x000000001d060000)]
  0x0000000017ee9800 JavaThread "Cache worker for cache directory md-supplier (C:\Users\Administrator\.gradle\caches\7.4.1\md-supplier)" [_thread_blocked, id=224, stack(0x000000001d300000,0x000000001d400000)]
  0x0000000017ee8000 JavaThread "Cache worker for file hash cache (D:\codeGYM\C1221G1-tr-n-lu-t\C1221G1_[TranNgocLuat]_Module4\case\furama_resort\.gradle\7.4.1\fileHashes)" [_thread_blocked, id=8140, stack(0x000000001cc60000,0x000000001cd60000)]
  0x0000000017ee7000 JavaThread "Cache worker for cache directory md-rule (C:\Users\Administrator\.gradle\caches\7.4.1\md-rule)" [_thread_blocked, id=10720, stack(0x000000001cb60000,0x000000001cc60000)]
  0x0000000017ee8800 JavaThread "Cache worker for checksums cache (D:\codeGYM\C1221G1-tr-n-lu-t\C1221G1_[TranNgocLuat]_Module4\case\furama_resort\.gradle\7.4.1\checksums)" [_thread_blocked, id=1016, stack(0x000000001ca60000,0x000000001cb60000)]
  0x0000000017ee3800 JavaThread "File watcher consumer" daemon [_thread_blocked, id=7556, stack(0x000000001b790000,0x000000001b890000)]
  0x0000000017ee6800 JavaThread "File watcher server" daemon [_thread_in_native, id=7924, stack(0x000000001b690000,0x000000001b790000)]
  0x0000000017ee5800 JavaThread "File lock release action executor" [_thread_blocked, id=7560, stack(0x000000001b190000,0x000000001b290000)]
  0x0000000017eea000 JavaThread "Cache worker for file hash cache (C:\Users\Administrator\.gradle\caches\7.4.1\fileHashes)" [_thread_blocked, id=3064, stack(0x000000001b090000,0x000000001b190000)]
  0x0000000017ee4000 JavaThread "File lock request listener" [_thread_in_native, id=11696, stack(0x000000001af90000,0x000000001b090000)]
  0x0000000017ee5000 JavaThread "Cache worker for journal cache (C:\Users\Administrator\.gradle\caches\journal-1)" [_thread_blocked, id=10880, stack(0x000000001ae90000,0x000000001af90000)]
  0x00000000172c9000 JavaThread "Daemon client event forwarder" [_thread_blocked, id=9064, stack(0x0000000019bc0000,0x0000000019cc0000)]
  0x00000000172b5000 JavaThread "Stdin handler" [_thread_blocked, id=10960, stack(0x0000000019ac0000,0x0000000019bc0000)]
  0x00000000172b4000 JavaThread "Asynchronous log dispatcher for DefaultDaemonConnection: socket connection from /127.0.0.1:49624 to /127.0.0.1:49625" [_thread_blocked, id=8208, stack(0x00000000199c0000,0x0000000019ac0000)]
  0x00000000172ac000 JavaThread "Daemon worker" [_thread_in_vm, id=928, stack(0x00000000198c0000,0x00000000199c0000)]
  0x0000000015f39800 JavaThread "Cancel handler" [_thread_blocked, id=10832, stack(0x00000000197c0000,0x00000000198c0000)]
  0x0000000015f1b800 JavaThread "Handler for socket connection from /127.0.0.1:49624 to /127.0.0.1:49625" [_thread_in_native, id=10196, stack(0x00000000196c0000,0x00000000197c0000)]
  0x0000000015f10000 JavaThread "Daemon" [_thread_blocked, id=4084, stack(0x00000000195c0000,0x00000000196c0000)]
  0x0000000015f3c800 JavaThread "Daemon periodic checks" [_thread_blocked, id=8040, stack(0x00000000192c0000,0x00000000193c0000)]
  0x0000000014355800 JavaThread "Incoming local TCP Connector on port 49624" [_thread_in_native, id=11564, stack(0x0000000019080000,0x0000000019180000)]
  0x0000000017a65800 JavaThread "Daemon health stats" [_thread_blocked, id=9904, stack(0x0000000018c40000,0x0000000018d40000)]
  0x0000000015ccb000 JavaThread "Service Thread" daemon [_thread_blocked, id=5688, stack(0x00000000160a0000,0x00000000161a0000)]
  0x000000001436f800 JavaThread "C1 CompilerThread2" daemon [_thread_blocked, id=2216, stack(0x0000000015ba0000,0x0000000015ca0000)]
  0x000000001434a800 JavaThread "C2 CompilerThread1" daemon [_thread_blocked, id=10460, stack(0x0000000015aa0000,0x0000000015ba0000)]
=>0x0000000014325000 JavaThread "C2 CompilerThread0" daemon [_thread_in_native, id=3104, stack(0x00000000159a0000,0x0000000015aa0000)]
  0x0000000014323000 JavaThread "Attach Listener" daemon [_thread_blocked, id=32, stack(0x00000000158a0000,0x00000000159a0000)]
  0x0000000014321800 JavaThread "Signal Dispatcher" daemon [_thread_blocked, id=12224, stack(0x00000000157a0000,0x00000000158a0000)]
  0x0000000002faa800 JavaThread "Finalizer" daemon [_thread_blocked, id=8660, stack(0x0000000015570000,0x0000000015670000)]
  0x000000001430a000 JavaThread "Reference Handler" daemon [_thread_blocked, id=9716, stack(0x0000000015470000,0x0000000015570000)]
  0x0000000002ead800 JavaThread "main" [_thread_blocked, id=12028, stack(0x0000000002da0000,0x0000000002ea0000)]

Other Threads:
  0x00000000142e8000 VMThread [stack: 0x0000000015370000,0x0000000015470000] [id=8568]
  0x0000000015ccd000 WatcherThread [stack: 0x00000000161a0000,0x00000000162a0000] [id=9400]

VM state:not at safepoint (normal execution)

VM Mutex/Monitor currently owned by a thread:  ([mutex/lock_event])
[0x0000000002ead160] SystemDictionary_lock - owner thread: 0x0000000000000000

heap address: 0x00000000e0000000, size: 512 MB, Compressed Oops mode: 32-bit
Narrow klass base: 0x0000000000000000, Narrow klass shift: 3
Compressed class space size: 1073741824 Address: 0x0000000100000000

Heap:
 PSYoungGen      total 103424K, used 15680K [0x00000000f5580000, 0x00000000fca00000, 0x0000000100000000)
  eden space 92672K, 6% used [0x00000000f5580000,0x00000000f5b4df78,0x00000000fb000000)
  from space 10752K, 90% used [0x00000000fbf80000,0x00000000fc902450,0x00000000fca00000)
  to   space 13312K, 0% used [0x00000000fb000000,0x00000000fb000000,0x00000000fbd00000)
 ParOldGen       total 175104K, used 10134K [0x00000000e0000000, 0x00000000eab00000, 0x00000000f5580000)
  object space 175104K, 5% used [0x00000000e0000000,0x00000000e09e5a28,0x00000000eab00000)
 Metaspace       used 32752K, capacity 34020K, committed 34176K, reserved 1079296K
  class space    used 4645K, capacity 4942K, committed 4992K, reserved 1048576K

Card table byte_map: [0x0000000012370000,0x0000000012480000] byte_map_base: 0x0000000011c70000

Marking Bits: (ParMarkBitMap*) 0x00000000556abe30
 Begin Bits: [0x0000000012880000, 0x0000000013080000)
 End Bits:   [0x0000000013080000, 0x0000000013880000)

Polling page: 0x0000000002ba0000

CodeCache: size=245760Kb used=9414Kb max_used=9428Kb free=236345Kb
 bounds [0x0000000002fb0000, 0x00000000038f0000, 0x0000000011fb0000]
 total_blobs=3228 nmethods=2532 adapters=608
 compilation: enabled

Compilation events (10 events):
Event: 17.365 Thread 0x000000001436f800 nmethod 2809 0x00000000038e3650 code [0x00000000038e37e0, 0x00000000038e3b68]
Event: 17.369 Thread 0x000000001436f800 2810       3       java.util.ComparableTimSort::binarySort (223 bytes)
Event: 17.369 Thread 0x000000001436f800 nmethod 2810 0x00000000038e3d90 code [0x00000000038e3f80, 0x00000000038e4a58]
Event: 17.371 Thread 0x000000001434a800 nmethod 2797 0x00000000038e8750 code [0x00000000038e8980, 0x00000000038e94d0]
Event: 17.371 Thread 0x000000001434a800 2804       4       java.lang.Class$MethodArray::add (72 bytes)
Event: 17.371 Thread 0x000000001436f800 2811       3       java.util.stream.AbstractPipeline::<init> (91 bytes)
Event: 17.371 Thread 0x000000001436f800 nmethod 2811 0x00000000038e7d50 code [0x00000000038e7f00, 0x00000000038e84f8]
Event: 17.375 Thread 0x000000001434a800 nmethod 2804 0x00000000038e6250 code [0x00000000038e63a0, 0x00000000038e6658]
Event: 17.375 Thread 0x000000001434a800 2812       4       java.lang.AbstractStringBuilder::append (62 bytes)
Event: 17.405 Thread 0x000000001434a800 nmethod 2812 0x00000000038e4ed0 code [0x00000000038e5040, 0x00000000038e5c78]

GC Heap History (10 events):
Event: 8.101 GC heap before
{Heap before GC invocations=3 (full 0):
 PSYoungGen      total 76288K, used 74109K [0x00000000f5580000, 0x00000000faa80000, 0x0000000100000000)
  eden space 65536K, 100% used [0x00000000f5580000,0x00000000f9580000,0x00000000f9580000)
  from space 10752K, 79% used [0x00000000fa000000,0x00000000fa85f488,0x00000000faa80000)
  to   space 10752K, 0% used [0x00000000f9580000,0x00000000f9580000,0x00000000fa000000)
 ParOldGen       total 175104K, used 24K [0x00000000e0000000, 0x00000000eab00000, 0x00000000f5580000)
  object space 175104K, 0% used [0x00000000e0000000,0x00000000e0006000,0x00000000eab00000)
 Metaspace       used 17578K, capacity 18212K, committed 18432K, reserved 1064960K
  class space    used 2558K, capacity 2726K, committed 2816K, reserved 1048576K
Event: 8.116 GC heap after
Heap after GC invocations=3 (full 0):
 PSYoungGen      total 76288K, used 10739K [0x00000000f5580000, 0x00000000faa80000, 0x0000000100000000)
  eden space 65536K, 0% used [0x00000000f5580000,0x00000000f5580000,0x00000000f9580000)
  from space 10752K, 99% used [0x00000000f9580000,0x00000000f9ffcdb0,0x00000000fa000000)
  to   space 10752K, 0% used [0x00000000fa000000,0x00000000fa000000,0x00000000faa80000)
 ParOldGen       total 175104K, used 72K [0x00000000e0000000, 0x00000000eab00000, 0x00000000f5580000)
  object space 175104K, 0% used [0x00000000e0000000,0x00000000e0012000,0x00000000eab00000)
 Metaspace       used 17578K, capacity 18212K, committed 18432K, reserved 1064960K
  class space    used 2558K, capacity 2726K, committed 2816K, reserved 1048576K
}
Event: 9.278 GC heap before
{Heap before GC invocations=4 (full 0):
 PSYoungGen      total 76288K, used 54035K [0x00000000f5580000, 0x00000000faa80000, 0x0000000100000000)
  eden space 65536K, 66% used [0x00000000f5580000,0x00000000f7fc8118,0x00000000f9580000)
  from space 10752K, 99% used [0x00000000f9580000,0x00000000f9ffcdb0,0x00000000fa000000)
  to   space 10752K, 0% used [0x00000000fa000000,0x00000000fa000000,0x00000000faa80000)
 ParOldGen       total 175104K, used 72K [0x00000000e0000000, 0x00000000eab00000, 0x00000000f5580000)
  object space 175104K, 0% used [0x00000000e0000000,0x00000000e0012000,0x00000000eab00000)
 Metaspace       used 20469K, capacity 21136K, committed 21296K, reserved 1067008K
  class space    used 3019K, capacity 3176K, committed 3200K, reserved 1048576K
Event: 9.293 GC heap after
Heap after GC invocations=4 (full 0):
 PSYoungGen      total 76288K, used 10361K [0x00000000f5580000, 0x00000000faa80000, 0x0000000100000000)
  eden space 65536K, 0% used [0x00000000f5580000,0x00000000f5580000,0x00000000f9580000)
  from space 10752K, 96% used [0x00000000fa000000,0x00000000faa1e478,0x00000000faa80000)
  to   space 10752K, 0% used [0x00000000f9580000,0x00000000f9580000,0x00000000fa000000)
 ParOldGen       total 175104K, used 80K [0x00000000e0000000, 0x00000000eab00000, 0x00000000f5580000)
  object space 175104K, 0% used [0x00000000e0000000,0x00000000e0014000,0x00000000eab00000)
 Metaspace       used 20469K, capacity 21136K, committed 21296K, reserved 1067008K
  class space    used 3019K, capacity 3176K, committed 3200K, reserved 1048576K
}
Event: 9.293 GC heap before
{Heap before GC invocations=5 (full 1):
 PSYoungGen      total 76288K, used 10361K [0x00000000f5580000, 0x00000000faa80000, 0x0000000100000000)
  eden space 65536K, 0% used [0x00000000f5580000,0x00000000f5580000,0x00000000f9580000)
  from space 10752K, 96% used [0x00000000fa000000,0x00000000faa1e478,0x00000000faa80000)
  to   space 10752K, 0% used [0x00000000f9580000,0x00000000f9580000,0x00000000fa000000)
 ParOldGen       total 175104K, used 80K [0x00000000e0000000, 0x00000000eab00000, 0x00000000f5580000)
  object space 175104K, 0% used [0x00000000e0000000,0x00000000e0014000,0x00000000eab00000)
 Metaspace       used 20469K, capacity 21136K, committed 21296K, reserved 1067008K
  class space    used 3019K, capacity 3176K, committed 3200K, reserved 1048576K
Event: 9.368 GC heap after
Heap after GC invocations=5 (full 1):
 PSYoungGen      total 76288K, used 0K [0x00000000f5580000, 0x00000000faa80000, 0x0000000100000000)
  eden space 65536K, 0% used [0x00000000f5580000,0x00000000f5580000,0x00000000f9580000)
  from space 10752K, 0% used [0x00000000fa000000,0x00000000fa000000,0x00000000faa80000)
  to   space 10752K, 0% used [0x00000000f9580000,0x00000000f9580000,0x00000000fa000000)
 ParOldGen       total 175104K, used 10118K [0x00000000e0000000, 0x00000000eab00000, 0x00000000f5580000)
  object space 175104K, 5% used [0x00000000e0000000,0x00000000e09e1a28,0x00000000eab00000)
 Metaspace       used 20469K, capacity 21136K, committed 21296K, reserved 1067008K
  class space    used 3019K, capacity 3176K, committed 3200K, reserved 1048576K
}
Event: 11.803 GC heap before
{Heap before GC invocations=6 (full 1):
 PSYoungGen      total 76288K, used 65536K [0x00000000f5580000, 0x00000000faa80000, 0x0000000100000000)
  eden space 65536K, 100% used [0x00000000f5580000,0x00000000f9580000,0x00000000f9580000)
  from space 10752K, 0% used [0x00000000fa000000,0x00000000fa000000,0x00000000faa80000)
  to   space 10752K, 0% used [0x00000000f9580000,0x00000000f9580000,0x00000000fa000000)
 ParOldGen       total 175104K, used 10118K [0x00000000e0000000, 0x00000000eab00000, 0x00000000f5580000)
  object space 175104K, 5% used [0x00000000e0000000,0x00000000e09e1a28,0x00000000eab00000)
 Metaspace       used 24278K, capacity 25220K, committed 25472K, reserved 1071104K
  class space    used 3639K, capacity 3870K, committed 3968K, reserved 1048576K
Event: 11.809 GC heap after
Heap after GC invocations=6 (full 1):
 PSYoungGen      total 76288K, used 4768K [0x00000000f5580000, 0x00000000fcc80000, 0x0000000100000000)
  eden space 65536K, 0% used [0x00000000f5580000,0x00000000f5580000,0x00000000f9580000)
  from space 10752K, 44% used [0x00000000f9580000,0x00000000f9a28310,0x00000000fa000000)
  to   space 13312K, 0% used [0x00000000fbf80000,0x00000000fbf80000,0x00000000fcc80000)
 ParOldGen       total 175104K, used 10126K [0x00000000e0000000, 0x00000000eab00000, 0x00000000f5580000)
  object space 175104K, 5% used [0x00000000e0000000,0x00000000e09e3a28,0x00000000eab00000)
 Metaspace       used 24278K, capacity 25220K, committed 25472K, reserved 1071104K
  class space    used 3639K, capacity 3870K, committed 3968K, reserved 1048576K
}
Event: 15.921 GC heap before
{Heap before GC invocations=7 (full 1):
 PSYoungGen      total 76288K, used 70304K [0x00000000f5580000, 0x00000000fcc80000, 0x0000000100000000)
  eden space 65536K, 100% used [0x00000000f5580000,0x00000000f9580000,0x00000000f9580000)
  from space 10752K, 44% used [0x00000000f9580000,0x00000000f9a28310,0x00000000fa000000)
  to   space 13312K, 0% used [0x00000000fbf80000,0x00000000fbf80000,0x00000000fcc80000)
 ParOldGen       total 175104K, used 10126K [0x00000000e0000000, 0x00000000eab00000, 0x00000000f5580000)
  object space 175104K, 5% used [0x00000000e0000000,0x00000000e09e3a28,0x00000000eab00000)
 Metaspace       used 32719K, capacity 34014K, committed 34176K, reserved 1079296K
  class space    used 4643K, capacity 4940K, committed 4992K, reserved 1048576K
Event: 15.932 GC heap after
Heap after GC invocations=7 (full 1):
 PSYoungGen      total 103424K, used 9737K [0x00000000f5580000, 0x00000000fca00000, 0x0000000100000000)
  eden space 92672K, 0% used [0x00000000f5580000,0x00000000f5580000,0x00000000fb000000)
  from space 10752K, 90% used [0x00000000fbf80000,0x00000000fc902450,0x00000000fca00000)
  to   space 13312K, 0% used [0x00000000fb000000,0x00000000fb000000,0x00000000fbd00000)
 ParOldGen       total 175104K, used 10134K [0x00000000e0000000, 0x00000000eab00000, 0x00000000f5580000)
  object space 175104K, 5% used [0x00000000e0000000,0x00000000e09e5a28,0x00000000eab00000)
 Metaspace       used 32719K, capacity 34014K, committed 34176K, reserved 1079296K
  class space    used 4643K, capacity 4940K, committed 4992K, reserved 1048576K
}

Deoptimization events (10 events):
Event: 13.236 Thread 0x00000000172ac000 Uncommon trap: reason=unstable_if action=reinterpret pc=0x00000000036685d8 method=java.net.URLClassLoader.defineClass(Ljava/lang/String;Lsun/misc/Resource;)Ljava/lang/Class; @ 21
Event: 13.238 Thread 0x00000000172ac000 Uncommon trap: reason=unstable_if action=reinterpret pc=0x00000000034cc598 method=java.lang.ClassLoader.getClassLoadingLock(Ljava/lang/String;)Ljava/lang/Object; @ 6
Event: 13.308 Thread 0x00000000172ac000 Uncommon trap: reason=bimorphic action=maybe_recompile pc=0x000000000353da40 method=java.io.BufferedInputStream.read([BII)I @ 101
Event: 13.308 Thread 0x00000000172ac000 Uncommon trap: reason=bimorphic action=maybe_recompile pc=0x000000000353da40 method=java.io.BufferedInputStream.read([BII)I @ 101
Event: 13.308 Thread 0x00000000172ac000 Uncommon trap: reason=bimorphic action=maybe_recompile pc=0x000000000353da40 method=java.io.BufferedInputStream.read([BII)I @ 101
Event: 13.310 Thread 0x00000000172ac000 Uncommon trap: reason=bimorphic action=maybe_recompile pc=0x000000000353da40 method=java.io.BufferedInputStream.read([BII)I @ 101
Event: 13.358 Thread 0x00000000172ac000 Uncommon trap: reason=unstable_if action=reinterpret pc=0x0000000003309078 method=sun.misc.MetaIndex.mayContain(Ljava/lang/String;)Z @ 38
Event: 14.655 Thread 0x00000000172ac000 Uncommon trap: reason=unstable_if action=reinterpret pc=0x00000000033d5a48 method=sun.misc.URLClassPath$JarLoader.getResource(Ljava/lang/String;ZLjava/util/Set;)Lsun/misc/Resource; @ 17
Event: 15.639 Thread 0x00000000172ac000 Uncommon trap: reason=unstable_if action=reinterpret pc=0x00000000035a7d04 method=java.util.HashMap.putVal(ILjava/lang/Object;Ljava/lang/Object;ZZ)Ljava/lang/Object; @ 162
Event: 15.934 Thread 0x000000001430a000 Uncommon trap: reason=unstable_if action=reinterpret pc=0x000000000359d13c method=java.lang.ref.Reference.tryHandlePending(Z)Z @ 104

Classes redefined (0 events):
No events

Internal exceptions (10 events):
Event: 15.630 Thread 0x00000000172ac000 Exception <a 'java/lang/ClassNotFoundException': groovy/lang/ReferenceCustomizer> (0x00000000f9265ed8) thrown at [C:\ade\jenkins\workspace\8-2-build-windows-amd64-cygwin\jdk8u241\331\hotspot\src\share\vm\classfile\systemDictionary.cpp, line 210]
Event: 17.353 Thread 0x00000000172ac000 Exception <a 'java/lang/ClassNotFoundException': settings_7mz52quvsy6i56pqur4985n5lBeanInfo> (0x00000000f56b16a8) thrown at [C:\ade\jenkins\workspace\8-2-build-windows-amd64-cygwin\jdk8u241\331\hotspot\src\share\vm\classfile\systemDictionary.cpp, line 210
Event: 17.354 Thread 0x00000000172ac000 Exception <a 'java/lang/ClassNotFoundException': org/gradle/initialization/SettingsScriptBeanInfo> (0x00000000f56d2860) thrown at [C:\ade\jenkins\workspace\8-2-build-windows-amd64-cygwin\jdk8u241\331\hotspot\src\share\vm\classfile\systemDictionary.cpp, li
Event: 17.355 Thread 0x00000000172ac000 Exception <a 'java/lang/ClassNotFoundException': org/gradle/plugin/use/internal/PluginsAwareScriptBeanInfo> (0x00000000f56f6f40) thrown at [C:\ade\jenkins\workspace\8-2-build-windows-amd64-cygwin\jdk8u241\331\hotspot\src\share\vm\classfile\systemDictionar
Event: 17.357 Thread 0x00000000172ac000 Exception <a 'java/lang/ClassNotFoundException': org/gradle/plugin/use/internal/PluginsAwareScriptCustomizer> (0x00000000f571d098) thrown at [C:\ade\jenkins\workspace\8-2-build-windows-amd64-cygwin\jdk8u241\331\hotspot\src\share\vm\classfile\systemDiction
Event: 17.359 Thread 0x00000000172ac000 Exception <a 'java/lang/ClassNotFoundException': org/gradle/initialization/SettingsScriptCustomizer> (0x00000000f57468a8) thrown at [C:\ade\jenkins\workspace\8-2-build-windows-amd64-cygwin\jdk8u241\331\hotspot\src\share\vm\classfile\systemDictionary.cpp, 
Event: 17.361 Thread 0x00000000172ac000 Exception <a 'java/lang/ClassNotFoundException': settings_7mz52quvsy6i56pqur4985n5lCustomizer> (0x00000000f5859440) thrown at [C:\ade\jenkins\workspace\8-2-build-windows-amd64-cygwin\jdk8u241\331\hotspot\src\share\vm\classfile\systemDictionary.cpp, line 2
Event: 17.376 Thread 0x00000000172ac000 Exception <a 'java/lang/ClassNotFoundException': org/gradle/initialization/DefaultSettings_DecoratedBeanInfo> (0x00000000f5906e58) thrown at [C:\ade\jenkins\workspace\8-2-build-windows-amd64-cygwin\jdk8u241\331\hotspot\src\share\vm\classfile\systemDiction
Event: 17.378 Thread 0x00000000172ac000 Exception <a 'java/lang/ClassNotFoundException': org/gradle/initialization/DefaultSettingsBeanInfo> (0x00000000f5939e50) thrown at [C:\ade\jenkins\workspace\8-2-build-windows-amd64-cygwin\jdk8u241\331\hotspot\src\share\vm\classfile\systemDictionary.cpp, l
Event: 17.379 Thread 0x00000000172ac000 Exception <a 'java/lang/ClassNotFoundException': org/gradle/initialization/DefaultSettingsCustomizer> (0x00000000f596f2f0) thrown at [C:\ade\jenkins\workspace\8-2-build-windows-amd64-cygwin\jdk8u241\331\hotspot\src\share\vm\classfile\systemDictionary.cpp,

Events (10 events):
Event: 17.379 loading class org/gradle/initialization/DefaultSettingsCustomizer
Event: 17.379 loading class org/gradle/initialization/DefaultSettingsCustomizer done
Event: 17.380 loading class org/gradle/api/initialization/ConfigurableIncludedBuild
Event: 17.380 loading class org/gradle/api/initialization/ConfigurableIncludedBuild done
Event: 17.382 loading class org/gradle/initialization/DefaultSettings_DecoratedCustomizer
Event: 17.382 loading class org/gradle/initialization/DefaultSettings_DecoratedCustomizer done
Event: 17.382 loading class org/gradle/initialization/DefaultSettings_DecoratedCustomizer
Event: 17.382 loading class org/gradle/initialization/DefaultSettings_DecoratedCustomizer done
Event: 17.382 loading class org/gradle/initialization/DefaultSettings_DecoratedCustomizer
Event: 17.382 loading class org/gradle/initialization/DefaultSettings_DecoratedCustomizer done


Dynamic libraries:
0x00007ff75af90000 - 0x00007ff75afc7000 	C:\Program Files\Java\jdk1.8.0_241\bin\java.exe
0x00007ffef6410000 - 0x00007ffef6605000 	C:\Windows\SYSTEM32\ntdll.dll
0x00007ffef4460000 - 0x00007ffef451d000 	C:\Windows\System32\KERNEL32.DLL
0x00007ffef3b90000 - 0x00007ffef3e5d000 	C:\Windows\System32\KERNELBASE.dll
0x00007ffef5a90000 - 0x00007ffef5b3e000 	C:\Windows\System32\ADVAPI32.dll
0x00007ffef5830000 - 0x00007ffef58ce000 	C:\Windows\System32\msvcrt.dll
0x00007ffef56f0000 - 0x00007ffef578c000 	C:\Windows\System32\sechost.dll
0x00007ffef62a0000 - 0x00007ffef63c5000 	C:\Windows\System32\RPCRT4.dll
0x00007ffef5fe0000 - 0x00007ffef6180000 	C:\Windows\System32\USER32.dll
0x00007ffef3fa0000 - 0x00007ffef3fc2000 	C:\Windows\System32\win32u.dll
0x00007ffef61f0000 - 0x00007ffef621a000 	C:\Windows\System32\GDI32.dll
0x00007ffef4070000 - 0x00007ffef417b000 	C:\Windows\System32\gdi32full.dll
0x00007ffef3fd0000 - 0x00007ffef406d000 	C:\Windows\System32\msvcp_win.dll
0x00007ffef4180000 - 0x00007ffef4280000 	C:\Windows\System32\ucrtbase.dll
0x00007ffee2db0000 - 0x00007ffee304a000 	C:\Windows\WinSxS\amd64_microsoft.windows.common-controls_6595b64144ccf1df_6.0.19041.1110_none_60b5254171f9507e\COMCTL32.dll
0x00007ffef5610000 - 0x00007ffef5640000 	C:\Windows\System32\IMM32.DLL
0x0000000055730000 - 0x0000000055802000 	C:\Program Files\Java\jdk1.8.0_241\jre\bin\msvcr100.dll
0x0000000054e80000 - 0x000000005572c000 	C:\Program Files\Java\jdk1.8.0_241\jre\bin\server\jvm.dll
0x00007ffef61e0000 - 0x00007ffef61e8000 	C:\Windows\System32\PSAPI.DLL
0x00007ffee2320000 - 0x00007ffee2329000 	C:\Windows\SYSTEM32\WSOCK32.dll
0x00007ffef5790000 - 0x00007ffef57fb000 	C:\Windows\System32\WS2_32.dll
0x00007ffee7090000 - 0x00007ffee70b7000 	C:\Windows\SYSTEM32\WINMM.dll
0x00007ffee8480000 - 0x00007ffee848a000 	C:\Windows\SYSTEM32\VERSION.dll
0x00007ffeeed30000 - 0x00007ffeeed3f000 	C:\Program Files\Java\jdk1.8.0_241\jre\bin\verify.dll
0x00007ffeed9d0000 - 0x00007ffeed9f9000 	C:\Program Files\Java\jdk1.8.0_241\jre\bin\java.dll
0x00007ffeed9b0000 - 0x00007ffeed9c6000 	C:\Program Files\Java\jdk1.8.0_241\jre\bin\zip.dll
0x00007ffef46a0000 - 0x00007ffef4de4000 	C:\Windows\System32\SHELL32.dll
0x00007ffef1850000 - 0x00007ffef1fe4000 	C:\Windows\SYSTEM32\windows.storage.dll
0x00007ffef5ba0000 - 0x00007ffef5ef4000 	C:\Windows\System32\combase.dll
0x00007ffef3580000 - 0x00007ffef35ac000 	C:\Windows\SYSTEM32\Wldp.dll
0x00007ffef45f0000 - 0x00007ffef469d000 	C:\Windows\System32\SHCORE.dll
0x00007ffef5b40000 - 0x00007ffef5b95000 	C:\Windows\System32\shlwapi.dll
0x00007ffef3a60000 - 0x00007ffef3a7f000 	C:\Windows\SYSTEM32\profapi.dll
0x00007ffee5d00000 - 0x00007ffee5d1a000 	C:\Program Files\Java\jdk1.8.0_241\jre\bin\net.dll
0x00007ffef32e0000 - 0x00007ffef334a000 	C:\Windows\system32\mswsock.dll
0x00007ffee5ce0000 - 0x00007ffee5cf2000 	C:\Program Files\Java\jdk1.8.0_241\jre\bin\nio.dll
0x00007ffeeda00000 - 0x00007ffeeda27000 	C:\Users\Administrator\.gradle\native\e1d6ef7f7dcc3fd88c89a11ec53ec762bb8ba0a96d01ffa2cd45eb1d1d8dd5c5\windows-amd64\native-platform.dll
0x00007ffeda770000 - 0x00007ffeda8b4000 	C:\Users\Administrator\.gradle\native\0d407fdbe67a94daf76414ababcb853783967236a71b16ec16e742cd7a986fd3\windows-amd64\native-platform-file-events.dll
0x00007ffee50c0000 - 0x00007ffee50cd000 	C:\Program Files\Java\jdk1.8.0_241\jre\bin\management.dll
0x00007ffef34d0000 - 0x00007ffef34e8000 	C:\Windows\SYSTEM32\CRYPTSP.dll
0x00007ffef2bf0000 - 0x00007ffef2c24000 	C:\Windows\system32\rsaenh.dll
0x00007ffef4280000 - 0x00007ffef42a7000 	C:\Windows\System32\bcrypt.dll
0x00007ffef39e0000 - 0x00007ffef3a0e000 	C:\Windows\SYSTEM32\USERENV.dll
0x00007ffef3e60000 - 0x00007ffef3ee2000 	C:\Windows\System32\bcryptprimitives.dll
0x00007ffef34f0000 - 0x00007ffef34fc000 	C:\Windows\SYSTEM32\CRYPTBASE.dll
0x00007ffef2f80000 - 0x00007ffef2fbb000 	C:\Windows\SYSTEM32\IPHLPAPI.DLL
0x00007ffef5820000 - 0x00007ffef5828000 	C:\Windows\System32\NSI.dll
0x00007ffee74f0000 - 0x00007ffee7507000 	C:\Windows\SYSTEM32\dhcpcsvc6.DLL
0x00007ffee8990000 - 0x00007ffee89ad000 	C:\Windows\SYSTEM32\dhcpcsvc.DLL
0x00007ffef2fd0000 - 0x00007ffef309b000 	C:\Windows\SYSTEM32\DNSAPI.dll

VM Arguments:
jvm_args: -XX:MaxMetaspaceSize=256m -XX:+HeapDumpOnOutOfMemoryError -Xms256m -Xmx512m -Dfile.encoding=windows-1252 -Duser.country=US -Duser.language=en -Duser.variant 
java_command: org.gradle.launcher.daemon.bootstrap.GradleDaemon 7.4.1
java_class_path (initial): C:\Users\Administrator\.gradle\wrapper\dists\gradle-7.4.1-all\htb4l60oox3i12rnwfoqoo8d\gradle-7.4.1\lib\gradle-launcher-7.4.1.jar
Launcher Type: SUN_STANDARD

Environment Variables:
PATH=C:\Program Files (x86)\Common Files\Oracle\Java\javapath;C:\ProgramData\Oracle\Java\javapath;C:\Windows\system32;C:\Windows;C:\Windows\System32\Wbem;C:\Windows\System32\WindowsPowerShell\v1.0\;C:\Windows\System32\OpenSSH\;C:\Program Files (x86)\Microsoft SQL Server\100\Tools\Binn\;C:\Program Files (x86)\Microsoft SQL Server\100\DTS\Binn\;C:\Program Files\Git\cmd;C:\Users\Administrator\AppData\Local\Microsoft\WindowsApps;
USERNAME=Administrator
OS=Windows_NT
PROCESSOR_IDENTIFIER=Intel64 Family 6 Model 61 Stepping 4, GenuineIntel



---------------  S Y S T E M  ---------------

OS: Windows 10.0 , 64 bit Build 19041 (10.0.19041.1706)

CPU:total 4 (initial active 4) (2 cores per cpu, 2 threads per core) family 6 model 61 stepping 4, cmov, cx8, fxsr, mmx, sse, sse2, sse3, ssse3, sse4.1, sse4.2, popcnt, avx, avx2, aes, clmul, erms, 3dnowpref, lzcnt, ht, tsc, tscinvbit, bmi1, bmi2, adx

Memory: 4k page, physical 8277140k(943096k free), swap 10790516k(5240k free)

vm_info: Java HotSpot(TM) 64-Bit Server VM (25.241-b07) for windows-amd64 JRE (1.8.0_241-b07), built on Dec 11 2019 10:21:40 by "rejava" with MS VC++ 10.0 (VS2010)

time: Sun May 29 20:10:38 2022
timezone: SE Asia Standard Time
elapsed time: 17 seconds (0d 0h 0m 17s)

