#
# There is insufficient memory for the Java Runtime Environment to continue.
# Native memory allocation (malloc) failed to allocate 370960 bytes for Chunk::new
# Possible reasons:
#   The system is out of physical RAM or swap space
#   The process is running with CompressedOops enabled, and the Java Heap may be blocking the growth of the native heap
# Possible solutions:
#   Reduce memory load on the system
#   Increase physical memory or swap space
#   Check if swap backing store is full
#   Decrease Java heap size (-Xmx/-Xms)
#   Decrease number of Java threads
#   Decrease Java thread stack sizes (-Xss)
#   Set larger code cache with -XX:ReservedCodeCacheSize=
#   JVM is running with Unscaled Compressed Oops mode in which the Java heap is
#     placed in the first 4GB address space. The Java Heap base address is the
#     maximum limit for the native heap growth. Please use -XX:HeapBaseMinAddress
#     to set the Java Heap base and to place the Java Heap above 4GB virtual address.
# This output file may be truncated or incomplete.
#
#  Out of Memory Error (allocation.cpp:389), pid=7688, tid=0x0000000000000440
#
# JRE version: Java(TM) SE Runtime Environment (8.0_241-b07) (build 1.8.0_241-b07)
# Java VM: Java HotSpot(TM) 64-Bit Server VM (25.241-b07 mixed mode windows-amd64 compressed oops)
# Failed to write core dump. Minidumps are not enabled by default on client versions of Windows
#

---------------  T H R E A D  ---------------

Current thread (0x000000001443c800):  JavaThread "C2 CompilerThread1" daemon [_thread_in_native, id=1088, stack(0x0000000015b70000,0x0000000015c70000)]

Stack: [0x0000000015b70000,0x0000000015c70000]
[error occurred during error reporting (printing stack bounds), id 0xc0000005]

Native frames: (J=compiled Java code, j=interpreted, Vv=VM code, C=native code)


Current CompileTask:
C2:   7965 1423   !   4       java.lang.ClassLoader::loadClass (122 bytes)


---------------  P R O C E S S  ---------------

Java Threads: ( => current thread )
  0x0000000015e5e800 JavaThread "Daemon client event forwarder" [_thread_blocked, id=2156, stack(0x0000000019c90000,0x0000000019d90000)]
  0x00000000163d0800 JavaThread "Stdin handler" [_thread_blocked, id=11360, stack(0x0000000019b90000,0x0000000019c90000)]
  0x00000000163cb800 JavaThread "Asynchronous log dispatcher for DefaultDaemonConnection: socket connection from /127.0.0.1:58832 to /127.0.0.1:58833" [_thread_blocked, id=7228, stack(0x0000000019a90000,0x0000000019b90000)]
  0x0000000017ba4000 JavaThread "Daemon worker" [_thread_in_Java, id=8788, stack(0x0000000019990000,0x0000000019a90000)]
  0x0000000015ff3000 JavaThread "Cancel handler" [_thread_blocked, id=3244, stack(0x0000000019890000,0x0000000019990000)]
  0x000000001724b000 JavaThread "Handler for socket connection from /127.0.0.1:58832 to /127.0.0.1:58833" [_thread_in_native, id=420, stack(0x0000000019790000,0x0000000019890000)]
  0x0000000017018000 JavaThread "Daemon" [_thread_blocked, id=10816, stack(0x0000000019690000,0x0000000019790000)]
  0x00000000172dd000 JavaThread "Daemon periodic checks" [_thread_blocked, id=12256, stack(0x0000000019590000,0x0000000019690000)]
  0x0000000017336000 JavaThread "Incoming local TCP Connector on port 58832" [_thread_in_native, id=10332, stack(0x0000000019150000,0x0000000019250000)]
  0x0000000016cbe000 JavaThread "Daemon health stats" [_thread_blocked, id=6908, stack(0x0000000018d10000,0x0000000018e10000)]
  0x000000001445e800 JavaThread "Service Thread" daemon [_thread_blocked, id=5912, stack(0x0000000016170000,0x0000000016270000)]
  0x0000000015c80800 JavaThread "C1 CompilerThread2" daemon [_thread_blocked, id=11772, stack(0x0000000016070000,0x0000000016170000)]
=>0x000000001443c800 JavaThread "C2 CompilerThread1" daemon [_thread_in_native, id=1088, stack(0x0000000015b70000,0x0000000015c70000)]
  0x0000000014406800 JavaThread "C2 CompilerThread0" daemon [_thread_in_native, id=7288, stack(0x0000000015a70000,0x0000000015b70000)]
  0x0000000014405000 JavaThread "Attach Listener" daemon [_thread_blocked, id=1524, stack(0x0000000015970000,0x0000000015a70000)]
  0x0000000014403800 JavaThread "Signal Dispatcher" daemon [_thread_blocked, id=11124, stack(0x0000000015870000,0x0000000015970000)]
  0x000000000308d000 JavaThread "Finalizer" daemon [_thread_blocked, id=952, stack(0x0000000015670000,0x0000000015770000)]
  0x00000000143ea800 JavaThread "Reference Handler" daemon [_thread_blocked, id=5892, stack(0x0000000015570000,0x0000000015670000)]
  0x0000000002e8d800 JavaThread "main" [_thread_blocked, id=11812, stack(0x0000000002e90000,0x0000000002f90000)]

Other Threads:
  0x000000000307c000 VMThread [stack: 0x0000000015470000,0x0000000015570000] [id=7108]
  0x0000000015c85800 WatcherThread [stack: 0x0000000016270000,0x0000000016370000] [id=9688]

VM state:not at safepoint (normal execution)

VM Mutex/Monitor currently owned by a thread: None

heap address: 0x00000000e0000000, size: 512 MB, Compressed Oops mode: 32-bit
Narrow klass base: 0x0000000000000000, Narrow klass shift: 3
Compressed class space size: 1073741824 Address: 0x0000000100000000

Heap:
 PSYoungGen      total 76288K, used 13149K [0x00000000f5580000, 0x00000000faa80000, 0x0000000100000000)
  eden space 65536K, 20% used [0x00000000f5580000,0x00000000f62576c8,0x00000000f9580000)
  from space 10752K, 0% used [0x00000000f9580000,0x00000000f9580000,0x00000000fa000000)
  to   space 10752K, 0% used [0x00000000fa000000,0x00000000fa000000,0x00000000faa80000)
 ParOldGen       total 175104K, used 6556K [0x00000000e0000000, 0x00000000eab00000, 0x00000000f5580000)
  object space 175104K, 3% used [0x00000000e0000000,0x00000000e06673e0,0x00000000eab00000)
 Metaspace       used 12921K, capacity 13348K, committed 13568K, reserved 1062912K
  class space    used 1791K, capacity 1928K, committed 2048K, reserved 1048576K

Card table byte_map: [0x0000000012450000,0x0000000012560000] byte_map_base: 0x0000000011d50000

Marking Bits: (ParMarkBitMap*) 0x000000007057be30
 Begin Bits: [0x0000000012960000, 0x0000000013160000)
 End Bits:   [0x0000000013160000, 0x0000000013960000)

Polling page: 0x0000000001080000

CodeCache: size=245760Kb used=5238Kb max_used=5238Kb free=240521Kb
 bounds [0x0000000003090000, 0x00000000035c0000, 0x0000000012090000]
 total_blobs=1839 nmethods=1441 adapters=310
 compilation: enabled

Compilation events (10 events):
Event: 7.948 Thread 0x0000000015c80800 1437       3       org.gradle.internal.reflect.JavaMethod::<init> (20 bytes)
Event: 7.948 Thread 0x0000000015c80800 nmethod 1437 0x000000000319bad0 code [0x000000000319bc60, 0x000000000319c0d8]
Event: 7.948 Thread 0x0000000015c80800 1439       3       org.gradle.internal.service.DefaultServiceRegistry$FactoryMethodService::<init> (22 bytes)
Event: 7.949 Thread 0x0000000015c80800 nmethod 1439 0x00000000035ac610 code [0x00000000035ac7e0, 0x00000000035ad008]
Event: 7.949 Thread 0x0000000015c80800 1438       3       org.gradle.internal.service.ReflectionBasedServiceMethod::<init> (16 bytes)
Event: 7.950 Thread 0x0000000015c80800 nmethod 1438 0x00000000035abad0 code [0x00000000035abc80, 0x00000000035ac288]
Event: 7.962 Thread 0x0000000015c80800 1440       1       org.gradle.initialization.DefaultLegacyTypesSupport::getClassesToMixInGroovyObject (5 bytes)
Event: 7.962 Thread 0x0000000015c80800 nmethod 1440 0x00000000035ab810 code [0x00000000035ab960, 0x00000000035aba70]
Event: 7.963 Thread 0x0000000015c80800 1441       1       org.gradle.initialization.DefaultLegacyTypesSupport::getSyntheticClasses (5 bytes)
Event: 7.963 Thread 0x0000000015c80800 nmethod 1441 0x00000000035ab490 code [0x00000000035ab5e0, 0x00000000035ab6f0]

GC Heap History (10 events):
Event: 4.517 GC heap before
{Heap before GC invocations=1 (full 0):
 PSYoungGen      total 76288K, used 65536K [0x00000000f5580000, 0x00000000faa80000, 0x0000000100000000)
  eden space 65536K, 100% used [0x00000000f5580000,0x00000000f9580000,0x00000000f9580000)
  from space 10752K, 0% used [0x00000000fa000000,0x00000000fa000000,0x00000000faa80000)
  to   space 10752K, 0% used [0x00000000f9580000,0x00000000f9580000,0x00000000fa000000)
 ParOldGen       total 175104K, used 0K [0x00000000e0000000, 0x00000000eab00000, 0x00000000f5580000)
  object space 175104K, 0% used [0x00000000e0000000,0x00000000e0000000,0x00000000eab00000)
 Metaspace       used 7492K, capacity 7776K, committed 7936K, reserved 1056768K
  class space    used 942K, capacity 1022K, committed 1024K, reserved 1048576K
Event: 4.545 GC heap after
Heap after GC invocations=1 (full 0):
 PSYoungGen      total 76288K, used 5896K [0x00000000f5580000, 0x00000000faa80000, 0x0000000100000000)
  eden space 65536K, 0% used [0x00000000f5580000,0x00000000f5580000,0x00000000f9580000)
  from space 10752K, 54% used [0x00000000f9580000,0x00000000f9b420e8,0x00000000fa000000)
  to   space 10752K, 0% used [0x00000000fa000000,0x00000000fa000000,0x00000000faa80000)
 ParOldGen       total 175104K, used 8K [0x00000000e0000000, 0x00000000eab00000, 0x00000000f5580000)
  object space 175104K, 0% used [0x00000000e0000000,0x00000000e0002000,0x00000000eab00000)
 Metaspace       used 7492K, capacity 7776K, committed 7936K, reserved 1056768K
  class space    used 942K, capacity 1022K, committed 1024K, reserved 1048576K
}
Event: 7.662 GC heap before
{Heap before GC invocations=2 (full 0):
 PSYoungGen      total 76288K, used 54150K [0x00000000f5580000, 0x00000000faa80000, 0x0000000100000000)
  eden space 65536K, 73% used [0x00000000f5580000,0x00000000f849f8b8,0x00000000f9580000)
  from space 10752K, 54% used [0x00000000f9580000,0x00000000f9b420e8,0x00000000fa000000)
  to   space 10752K, 0% used [0x00000000fa000000,0x00000000fa000000,0x00000000faa80000)
 ParOldGen       total 175104K, used 8K [0x00000000e0000000, 0x00000000eab00000, 0x00000000f5580000)
  object space 175104K, 0% used [0x00000000e0000000,0x00000000e0002000,0x00000000eab00000)
 Metaspace       used 12088K, capacity 12426K, committed 12544K, reserved 1064960K
  class space    used 1645K, capacity 1753K, committed 1792K, reserved 1048576K
Event: 7.675 GC heap after
Heap after GC invocations=2 (full 0):
 PSYoungGen      total 76288K, used 7185K [0x00000000f5580000, 0x00000000faa80000, 0x0000000100000000)
  eden space 65536K, 0% used [0x00000000f5580000,0x00000000f5580000,0x00000000f9580000)
  from space 10752K, 66% used [0x00000000fa000000,0x00000000fa7046a8,0x00000000faa80000)
  to   space 10752K, 0% used [0x00000000f9580000,0x00000000f9580000,0x00000000fa000000)
 ParOldGen       total 175104K, used 24K [0x00000000e0000000, 0x00000000eab00000, 0x00000000f5580000)
  object space 175104K, 0% used [0x00000000e0000000,0x00000000e0006000,0x00000000eab00000)
 Metaspace       used 12088K, capacity 12426K, committed 12544K, reserved 1064960K
  class space    used 1645K, capacity 1753K, committed 1792K, reserved 1048576K
}
Event: 7.675 GC heap before
{Heap before GC invocations=3 (full 1):
 PSYoungGen      total 76288K, used 7185K [0x00000000f5580000, 0x00000000faa80000, 0x0000000100000000)
  eden space 65536K, 0% used [0x00000000f5580000,0x00000000f5580000,0x00000000f9580000)
  from space 10752K, 66% used [0x00000000fa000000,0x00000000fa7046a8,0x00000000faa80000)
  to   space 10752K, 0% used [0x00000000f9580000,0x00000000f9580000,0x00000000fa000000)
 ParOldGen       total 175104K, used 24K [0x00000000e0000000, 0x00000000eab00000, 0x00000000f5580000)
  object space 175104K, 0% used [0x00000000e0000000,0x00000000e0006000,0x00000000eab00000)
 Metaspace       used 12088K, capacity 12426K, committed 12544K, reserved 1064960K
  class space    used 1645K, capacity 1753K, committed 1792K, reserved 1048576K
Event: 7.716 GC heap after
Heap after GC invocations=3 (full 1):
 PSYoungGen      total 76288K, used 0K [0x00000000f5580000, 0x00000000faa80000, 0x0000000100000000)
  eden space 65536K, 0% used [0x00000000f5580000,0x00000000f5580000,0x00000000f9580000)
  from space 10752K, 0% used [0x00000000fa000000,0x00000000fa000000,0x00000000faa80000)
  to   space 10752K, 0% used [0x00000000f9580000,0x00000000f9580000,0x00000000fa000000)
 ParOldGen       total 175104K, used 6994K [0x00000000e0000000, 0x00000000eab00000, 0x00000000f5580000)
  object space 175104K, 3% used [0x00000000e0000000,0x00000000e06d4b08,0x00000000eab00000)
 Metaspace       used 12088K, capacity 12426K, committed 12544K, reserved 1062912K
  class space    used 1645K, capacity 1753K, committed 1792K, reserved 1048576K
}
Event: 7.720 GC heap before
{Heap before GC invocations=4 (full 1):
 PSYoungGen      total 76288K, used 327K [0x00000000f5580000, 0x00000000faa80000, 0x0000000100000000)
  eden space 65536K, 0% used [0x00000000f5580000,0x00000000f55d1f20,0x00000000f9580000)
  from space 10752K, 0% used [0x00000000fa000000,0x00000000fa000000,0x00000000faa80000)
  to   space 10752K, 0% used [0x00000000f9580000,0x00000000f9580000,0x00000000fa000000)
 ParOldGen       total 175104K, used 6994K [0x00000000e0000000, 0x00000000eab00000, 0x00000000f5580000)
  object space 175104K, 3% used [0x00000000e0000000,0x00000000e06d4b08,0x00000000eab00000)
 Metaspace       used 12088K, capacity 12426K, committed 12544K, reserved 1067008K
  class space    used 1645K, capacity 1753K, committed 1792K, reserved 1048576K
Event: 7.722 GC heap after
Heap after GC invocations=4 (full 1):
 PSYoungGen      total 76288K, used 64K [0x00000000f5580000, 0x00000000faa80000, 0x0000000100000000)
  eden space 65536K, 0% used [0x00000000f5580000,0x00000000f5580000,0x00000000f9580000)
  from space 10752K, 0% used [0x00000000f9580000,0x00000000f9590000,0x00000000fa000000)
  to   space 10752K, 0% used [0x00000000fa000000,0x00000000fa000000,0x00000000faa80000)
 ParOldGen       total 175104K, used 6994K [0x00000000e0000000, 0x00000000eab00000, 0x00000000f5580000)
  object space 175104K, 3% used [0x00000000e0000000,0x00000000e06d4b08,0x00000000eab00000)
 Metaspace       used 12088K, capacity 12426K, committed 12544K, reserved 1067008K
  class space    used 1645K, capacity 1753K, committed 1792K, reserved 1048576K
}
Event: 7.722 GC heap before
{Heap before GC invocations=5 (full 2):
 PSYoungGen      total 76288K, used 64K [0x00000000f5580000, 0x00000000faa80000, 0x0000000100000000)
  eden space 65536K, 0% used [0x00000000f5580000,0x00000000f5580000,0x00000000f9580000)
  from space 10752K, 0% used [0x00000000f9580000,0x00000000f9590000,0x00000000fa000000)
  to   space 10752K, 0% used [0x00000000fa000000,0x00000000fa000000,0x00000000faa80000)
 ParOldGen       total 175104K, used 6994K [0x00000000e0000000, 0x00000000eab00000, 0x00000000f5580000)
  object space 175104K, 3% used [0x00000000e0000000,0x00000000e06d4b08,0x00000000eab00000)
 Metaspace       used 12088K, capacity 12426K, committed 12544K, reserved 1067008K
  class space    used 1645K, capacity 1753K, committed 1792K, reserved 1048576K
Event: 7.754 GC heap after
Heap after GC invocations=5 (full 2):
 PSYoungGen      total 76288K, used 0K [0x00000000f5580000, 0x00000000faa80000, 0x0000000100000000)
  eden space 65536K, 0% used [0x00000000f5580000,0x00000000f5580000,0x00000000f9580000)
  from space 10752K, 0% used [0x00000000f9580000,0x00000000f9580000,0x00000000fa000000)
  to   space 10752K, 0% used [0x00000000fa000000,0x00000000fa000000,0x00000000faa80000)
 ParOldGen       total 175104K, used 6556K [0x00000000e0000000, 0x00000000eab00000, 0x00000000f5580000)
  object space 175104K, 3% used [0x00000000e0000000,0x00000000e06673e0,0x00000000eab00000)
 Metaspace       used 12088K, capacity 12426K, committed 12544K, reserved 1062912K
  class space    used 1645K, capacity 1753K, committed 1792K, reserved 1048576K
}

Deoptimization events (10 events):
Event: 5.738 Thread 0x0000000002e8d800 Uncommon trap: reason=unstable_if action=reinterpret pc=0x0000000003422af0 method=java.util.Properties.loadConvert([CII[C)Ljava/lang/String; @ 57
Event: 5.738 Thread 0x0000000002e8d800 Uncommon trap: reason=class_check action=maybe_recompile pc=0x000000000341e004 method=java.util.regex.Matcher.match(II)Z @ 86
Event: 6.027 Thread 0x0000000002e8d800 Uncommon trap: reason=unstable_if action=reinterpret pc=0x0000000003418070 method=java.util.LinkedHashMap.afterNodeInsertion(Z)V @ 1
Event: 6.029 Thread 0x0000000002e8d800 Uncommon trap: reason=unstable_if action=reinterpret pc=0x00000000032ffe04 method=java.util.HashMap.getNode(ILjava/lang/Object;)Ljava/util/HashMap$Node; @ 129
Event: 6.029 Thread 0x0000000002e8d800 Uncommon trap: reason=bimorphic action=maybe_recompile pc=0x00000000032e966c method=java.util.HashMap.putVal(ILjava/lang/Object;Ljava/lang/Object;ZZ)Ljava/lang/Object; @ 203
Event: 6.089 Thread 0x0000000002e8d800 Uncommon trap: reason=unstable_if action=reinterpret pc=0x00000000032f38d0 method=java.util.HashMap.getNode(ILjava/lang/Object;)Ljava/util/HashMap$Node; @ 129
Event: 6.089 Thread 0x0000000002e8d800 Uncommon trap: reason=bimorphic action=maybe_recompile pc=0x00000000032e966c method=java.util.HashMap.putVal(ILjava/lang/Object;Ljava/lang/Object;ZZ)Ljava/lang/Object; @ 203
Event: 6.954 Thread 0x0000000002e8d800 Uncommon trap: reason=unstable_if action=reinterpret pc=0x00000000033c76e0 method=java.io.WinNTFileSystem.normalize(Ljava/lang/String;)Ljava/lang/String; @ 128
Event: 7.783 Thread 0x0000000017ba4000 Uncommon trap: reason=bimorphic action=maybe_recompile pc=0x000000000350334c method=java.util.HashMap.putVal(ILjava/lang/Object;Ljava/lang/Object;ZZ)Ljava/lang/Object; @ 253
Event: 7.784 Thread 0x0000000017ba4000 Uncommon trap: reason=bimorphic action=maybe_recompile pc=0x000000000350334c method=java.util.HashMap.putVal(ILjava/lang/Object;Ljava/lang/Object;ZZ)Ljava/lang/Object; @ 253

Classes redefined (0 events):
No events

Internal exceptions (10 events):
Event: 2.786 Thread 0x0000000002e8d800 Exception <a 'java/lang/ArrayIndexOutOfBoundsException'> (0x00000000f6dfdbc0) thrown at [C:\ade\jenkins\workspace\8-2-build-windows-amd64-cygwin\jdk8u241\331\hotspot\src\share\vm\runtime\sharedRuntime.cpp, line 605]
Event: 2.856 Thread 0x0000000002e8d800 Exception <a 'java/lang/ArrayIndexOutOfBoundsException'> (0x00000000f717ae08) thrown at [C:\ade\jenkins\workspace\8-2-build-windows-amd64-cygwin\jdk8u241\331\hotspot\src\share\vm\runtime\sharedRuntime.cpp, line 605]
Event: 2.857 Thread 0x0000000002e8d800 Exception <a 'java/lang/ArrayIndexOutOfBoundsException'> (0x00000000f718f5b8) thrown at [C:\ade\jenkins\workspace\8-2-build-windows-amd64-cygwin\jdk8u241\331\hotspot\src\share\vm\runtime\sharedRuntime.cpp, line 605]
Event: 2.857 Thread 0x0000000002e8d800 Exception <a 'java/lang/ArrayIndexOutOfBoundsException'> (0x00000000f7192598) thrown at [C:\ade\jenkins\workspace\8-2-build-windows-amd64-cygwin\jdk8u241\331\hotspot\src\share\vm\runtime\sharedRuntime.cpp, line 605]
Event: 2.858 Thread 0x0000000002e8d800 Exception <a 'java/lang/ArrayIndexOutOfBoundsException'> (0x00000000f71a3b30) thrown at [C:\ade\jenkins\workspace\8-2-build-windows-amd64-cygwin\jdk8u241\331\hotspot\src\share\vm\runtime\sharedRuntime.cpp, line 605]
Event: 2.859 Thread 0x0000000002e8d800 Exception <a 'java/lang/ArrayIndexOutOfBoundsException'> (0x00000000f71b8b78) thrown at [C:\ade\jenkins\workspace\8-2-build-windows-amd64-cygwin\jdk8u241\331\hotspot\src\share\vm\runtime\sharedRuntime.cpp, line 605]
Event: 2.860 Thread 0x0000000002e8d800 Exception <a 'java/lang/ArrayIndexOutOfBoundsException'> (0x00000000f71d4bf0) thrown at [C:\ade\jenkins\workspace\8-2-build-windows-amd64-cygwin\jdk8u241\331\hotspot\src\share\vm\runtime\sharedRuntime.cpp, line 605]
Event: 2.861 Thread 0x0000000002e8d800 Exception <a 'java/lang/ArrayIndexOutOfBoundsException'> (0x00000000f71d95c8) thrown at [C:\ade\jenkins\workspace\8-2-build-windows-amd64-cygwin\jdk8u241\331\hotspot\src\share\vm\runtime\sharedRuntime.cpp, line 605]
Event: 6.304 Thread 0x0000000002e8d800 Exception <a 'java/lang/NoSuchMethodError': java.lang.Object.lambda$get$0(Ljava/util/function/Supplier;Ljava/lang/Object;)Ljava/lang/Object;> (0x00000000f7d34220) thrown at [C:\ade\jenkins\workspace\8-2-build-windows-amd64-cygwin\jdk8u241\331\hotspot\src\
Event: 7.567 Thread 0x0000000002e8d800 Exception <a 'java/io/IOException'> (0x00000000f80a0098) thrown at [C:\ade\jenkins\workspace\8-2-build-windows-amd64-cygwin\jdk8u241\331\hotspot\src\share\vm\prims\jni.cpp, line 710]

Events (10 events):
Event: 7.961 Executing VM operation: RevokeBias
Event: 7.961 Executing VM operation: RevokeBias done
Event: 7.961 Executing VM operation: RevokeBias
Event: 7.962 Executing VM operation: RevokeBias done
Event: 7.962 Executing VM operation: RevokeBias
Event: 7.962 Executing VM operation: RevokeBias done
Event: 7.962 loading class org/gradle/api/internal/tasks/testing/operations/TestListenerBuildOperationAdapter
Event: 7.962 loading class org/gradle/api/internal/tasks/testing/operations/TestListenerBuildOperationAdapter done
Event: 7.963 loading class org/gradle/api/internal/tasks/testing/results/TestListenerInternal
Event: 7.963 loading class org/gradle/api/internal/tasks/testing/results/TestListenerInternal done


Dynamic libraries:
0x00007ff609620000 - 0x00007ff609657000 	C:\Program Files\Java\jdk1.8.0_241\bin\java.exe
0x00007ffeaee70000 - 0x00007ffeaf065000 	C:\Windows\SYSTEM32\ntdll.dll
0x00007ffeae7f0000 - 0x00007ffeae8ad000 	C:\Windows\System32\KERNEL32.DLL
0x00007ffeac950000 - 0x00007ffeacc1d000 	C:\Windows\System32\KERNELBASE.dll
0x00007ffeadff0000 - 0x00007ffeae09e000 	C:\Windows\System32\ADVAPI32.dll
0x00007ffeade30000 - 0x00007ffeadece000 	C:\Windows\System32\msvcrt.dll
0x00007ffead760000 - 0x00007ffead7fc000 	C:\Windows\System32\sechost.dll
0x00007ffead130000 - 0x00007ffead255000 	C:\Windows\System32\RPCRT4.dll
0x00007ffead260000 - 0x00007ffead400000 	C:\Windows\System32\USER32.dll
0x00007ffeac8b0000 - 0x00007ffeac8d2000 	C:\Windows\System32\win32u.dll
0x00007ffeaed50000 - 0x00007ffeaed7a000 	C:\Windows\System32\GDI32.dll
0x00007ffeacd20000 - 0x00007ffeace2b000 	C:\Windows\System32\gdi32full.dll
0x00007ffeac6b0000 - 0x00007ffeac74d000 	C:\Windows\System32\msvcp_win.dll
0x00007ffeacc20000 - 0x00007ffeacd20000 	C:\Windows\System32\ucrtbase.dll
0x00007ffe9c0b0000 - 0x00007ffe9c34a000 	C:\Windows\WinSxS\amd64_microsoft.windows.common-controls_6595b64144ccf1df_6.0.19041.1110_none_60b5254171f9507e\COMCTL32.dll
0x00007ffead020000 - 0x00007ffead050000 	C:\Windows\System32\IMM32.DLL
0x0000000070600000 - 0x00000000706d2000 	C:\Program Files\Java\jdk1.8.0_241\jre\bin\msvcr100.dll
0x000000006fd50000 - 0x00000000705fc000 	C:\Program Files\Java\jdk1.8.0_241\jre\bin\server\jvm.dll
0x00007ffeaecc0000 - 0x00007ffeaecc8000 	C:\Windows\System32\PSAPI.DLL
0x00007ffe9a890000 - 0x00007ffe9a899000 	C:\Windows\SYSTEM32\WSOCK32.dll
0x00007ffead6f0000 - 0x00007ffead75b000 	C:\Windows\System32\WS2_32.dll
0x00007ffea0670000 - 0x00007ffea0697000 	C:\Windows\SYSTEM32\WINMM.dll
0x00007ffea2db0000 - 0x00007ffea2dba000 	C:\Windows\SYSTEM32\VERSION.dll
0x00007ffea7850000 - 0x00007ffea785f000 	C:\Program Files\Java\jdk1.8.0_241\jre\bin\verify.dll
0x00007ffea52f0000 - 0x00007ffea5319000 	C:\Program Files\Java\jdk1.8.0_241\jre\bin\java.dll
0x00007ffe92320000 - 0x00007ffe92336000 	C:\Program Files\Java\jdk1.8.0_241\jre\bin\zip.dll
0x00007ffeae0a0000 - 0x00007ffeae7e4000 	C:\Windows\System32\SHELL32.dll
0x00007ffeaa2b0000 - 0x00007ffeaaa44000 	C:\Windows\SYSTEM32\windows.storage.dll
0x00007ffeae960000 - 0x00007ffeaecb4000 	C:\Windows\System32\combase.dll
0x00007ffeabfe0000 - 0x00007ffeac00c000 	C:\Windows\SYSTEM32\Wldp.dll
0x00007ffeae8b0000 - 0x00007ffeae95d000 	C:\Windows\System32\SHCORE.dll
0x00007ffeacf30000 - 0x00007ffeacf85000 	C:\Windows\System32\shlwapi.dll
0x00007ffeac4c0000 - 0x00007ffeac4df000 	C:\Windows\SYSTEM32\profapi.dll
0x00007ffe90e20000 - 0x00007ffe90e3a000 	C:\Program Files\Java\jdk1.8.0_241\jre\bin\net.dll
0x00007ffeabd40000 - 0x00007ffeabdaa000 	C:\Windows\system32\mswsock.dll
0x00007ffe90e00000 - 0x00007ffe90e12000 	C:\Program Files\Java\jdk1.8.0_241\jre\bin\nio.dll
0x00007ffe922f0000 - 0x00007ffe92317000 	C:\Users\Administrator\.gradle\native\e1d6ef7f7dcc3fd88c89a11ec53ec762bb8ba0a96d01ffa2cd45eb1d1d8dd5c5\windows-amd64\native-platform.dll
0x00007ffe88570000 - 0x00007ffe886b4000 	C:\Users\Administrator\.gradle\native\0d407fdbe67a94daf76414ababcb853783967236a71b16ec16e742cd7a986fd3\windows-amd64\native-platform-file-events.dll
0x00007ffea7840000 - 0x00007ffea784d000 	C:\Program Files\Java\jdk1.8.0_241\jre\bin\management.dll
0x00007ffeabf30000 - 0x00007ffeabf48000 	C:\Windows\SYSTEM32\CRYPTSP.dll
0x00007ffeab650000 - 0x00007ffeab684000 	C:\Windows\system32\rsaenh.dll
0x00007ffeac580000 - 0x00007ffeac5a7000 	C:\Windows\System32\bcrypt.dll
0x00007ffeac440000 - 0x00007ffeac46e000 	C:\Windows\SYSTEM32\USERENV.dll
0x00007ffeace30000 - 0x00007ffeaceb2000 	C:\Windows\System32\bcryptprimitives.dll
0x00007ffeabf50000 - 0x00007ffeabf5c000 	C:\Windows\SYSTEM32\CRYPTBASE.dll
0x00007ffeab9e0000 - 0x00007ffeaba1b000 	C:\Windows\SYSTEM32\IPHLPAPI.DLL
0x00007ffeacf20000 - 0x00007ffeacf28000 	C:\Windows\System32\NSI.dll
0x00007ffea38f0000 - 0x00007ffea3907000 	C:\Windows\SYSTEM32\dhcpcsvc6.DLL
0x00007ffea3a30000 - 0x00007ffea3a4d000 	C:\Windows\SYSTEM32\dhcpcsvc.DLL
0x00007ffeaba20000 - 0x00007ffeabaeb000 	C:\Windows\SYSTEM32\DNSAPI.dll

VM Arguments:
jvm_args: -XX:MaxMetaspaceSize=256m -XX:+HeapDumpOnOutOfMemoryError -Xms256m -Xmx512m -Dfile.encoding=windows-1252 -Duser.country=US -Duser.language=en -Duser.variant 
java_command: org.gradle.launcher.daemon.bootstrap.GradleDaemon 7.4.1
java_class_path (initial): C:\Users\Administrator\.gradle\wrapper\dists\gradle-7.4.1-all\htb4l60oox3i12rnwfoqoo8d\gradle-7.4.1\lib\gradle-launcher-7.4.1.jar
Launcher Type: SUN_STANDARD

Environment Variables:
PATH=C:\Program Files (x86)\Common Files\Oracle\Java\javapath;C:\ProgramData\Oracle\Java\javapath;C:\Windows\system32;C:\Windows;C:\Windows\System32\Wbem;C:\Windows\System32\WindowsPowerShell\v1.0\;C:\Windows\System32\OpenSSH\;C:\Program Files (x86)\Microsoft SQL Server\100\Tools\Binn\;C:\Program Files (x86)\Microsoft SQL Server\100\DTS\Binn\;C:\Program Files\Git\cmd;C:\Users\Administrator\AppData\Local\Microsoft\WindowsApps;
USERNAME=Administrator
OS=Windows_NT
PROCESSOR_IDENTIFIER=Intel64 Family 6 Model 61 Stepping 4, GenuineIntel



---------------  S Y S T E M  ---------------

OS: Windows 10.0 , 64 bit Build 19041 (10.0.19041.1706)

CPU:total 4 (initial active 4) (2 cores per cpu, 2 threads per core) family 6 model 61 stepping 4, cmov, cx8, fxsr, mmx, sse, sse2, sse3, ssse3, sse4.1, sse4.2, popcnt, avx, avx2, aes, clmul, erms, 3dnowpref, lzcnt, ht, tsc, tscinvbit, bmi1, bmi2, adx

Memory: 4k page, physical 8277140k(649188k free), swap 10522992k(5212k free)

vm_info: Java HotSpot(TM) 64-Bit Server VM (25.241-b07) for windows-amd64 JRE (1.8.0_241-b07), built on Dec 11 2019 10:21:40 by "rejava" with MS VC++ 10.0 (VS2010)

time: Sun May 29 17:03:59 2022
timezone: SE Asia Standard Time
elapsed time: 7 seconds (0d 0h 0m 7s)

