#
# There is insufficient memory for the Java Runtime Environment to continue.
# Native memory allocation (malloc) failed to allocate 139696 bytes for Chunk::new
# Possible reasons:
#   The system is out of physical RAM or swap space
#   The process is running with CompressedOops enabled, and the Java Heap may be blocking the growth of the native heap
# Possible solutions:
#   Reduce memory load on the system
#   Increase physical memory or swap space
#   Check if swap backing store is full
#   Decrease Java heap size (-Xmx/-Xms)
#   Decrease number of Java threads
#   Decrease Java thread stack sizes (-Xss)
#   Set larger code cache with -XX:ReservedCodeCacheSize=
#   JVM is running with Unscaled Compressed Oops mode in which the Java heap is
#     placed in the first 4GB address space. The Java Heap base address is the
#     maximum limit for the native heap growth. Please use -XX:HeapBaseMinAddress
#     to set the Java Heap base and to place the Java Heap above 4GB virtual address.
# This output file may be truncated or incomplete.
#
#  Out of Memory Error (allocation.cpp:389), pid=7716, tid=0x0000000000002cfc
#
# JRE version: Java(TM) SE Runtime Environment (8.0_241-b07) (build 1.8.0_241-b07)
# Java VM: Java HotSpot(TM) 64-Bit Server VM (25.241-b07 mixed mode windows-amd64 compressed oops)
# Failed to write core dump. Minidumps are not enabled by default on client versions of Windows
#

---------------  T H R E A D  ---------------

Current thread (0x0000000013de7800):  JavaThread "C2 CompilerThread0" daemon [_thread_in_native, id=11516, stack(0x0000000015430000,0x0000000015530000)]

Stack: [0x0000000015430000,0x0000000015530000]
[error occurred during error reporting (printing stack bounds), id 0xc0000005]

Native frames: (J=compiled Java code, j=interpreted, Vv=VM code, C=native code)


Current CompileTask:
C2:   8257 1473       4       java.util.jar.JarFile::maybeInstantiateVerifier (96 bytes)


---------------  P R O C E S S  ---------------

Java Threads: ( => current thread )
  0x0000000016345800 JavaThread "Daemon client event forwarder" [_thread_blocked, id=11344, stack(0x0000000019710000,0x0000000019810000)]
  0x0000000016342000 JavaThread "Stdin handler" [_thread_blocked, id=232, stack(0x0000000019610000,0x0000000019710000)]
  0x000000001597e000 JavaThread "Asynchronous log dispatcher for DefaultDaemonConnection: socket connection from /127.0.0.1:58826 to /127.0.0.1:58827" [_thread_blocked, id=2036, stack(0x0000000019510000,0x0000000019610000)]
  0x000000001597b800 JavaThread "Daemon worker" [_thread_in_native, id=11864, stack(0x0000000019410000,0x0000000019510000)]
  0x0000000016469800 JavaThread "Cancel handler" [_thread_blocked, id=9536, stack(0x0000000019310000,0x0000000019410000)]
  0x0000000016465000 JavaThread "Handler for socket connection from /127.0.0.1:58826 to /127.0.0.1:58827" [_thread_in_native, id=9368, stack(0x0000000019210000,0x0000000019310000)]
  0x0000000015add800 JavaThread "Daemon" [_thread_blocked, id=11340, stack(0x0000000019110000,0x0000000019210000)]
  0x0000000017091800 JavaThread "Daemon periodic checks" [_thread_blocked, id=1880, stack(0x0000000018e10000,0x0000000018f10000)]
  0x0000000016dd5000 JavaThread "Incoming local TCP Connector on port 58826" [_thread_in_native, id=7944, stack(0x0000000018bd0000,0x0000000018cd0000)]
  0x000000001576a800 JavaThread "Daemon health stats" [_thread_blocked, id=8856, stack(0x0000000018790000,0x0000000018890000)]
  0x000000001575a000 JavaThread "Service Thread" daemon [_thread_blocked, id=6932, stack(0x0000000015b30000,0x0000000015c30000)]
  0x0000000013e30000 JavaThread "C1 CompilerThread2" daemon [_thread_blocked, id=548, stack(0x0000000015630000,0x0000000015730000)]
  0x0000000013ded800 JavaThread "C2 CompilerThread1" daemon [_thread_blocked, id=8260, stack(0x0000000015530000,0x0000000015630000)]
=>0x0000000013de7800 JavaThread "C2 CompilerThread0" daemon [_thread_in_native, id=11516, stack(0x0000000015430000,0x0000000015530000)]
  0x0000000013de5800 JavaThread "Attach Listener" daemon [_thread_blocked, id=12008, stack(0x0000000015330000,0x0000000015430000)]
  0x0000000013de2800 JavaThread "Signal Dispatcher" daemon [_thread_blocked, id=7696, stack(0x0000000015230000,0x0000000015330000)]
  0x00000000029b5000 JavaThread "Finalizer" daemon [_thread_blocked, id=3188, stack(0x0000000015030000,0x0000000015130000)]
  0x0000000013dca000 JavaThread "Reference Handler" daemon [_thread_blocked, id=1100, stack(0x0000000014f30000,0x0000000015030000)]
  0x000000000283d800 JavaThread "main" [_thread_blocked, id=6424, stack(0x0000000002720000,0x0000000002820000)]

Other Threads:
  0x0000000013da8000 VMThread [stack: 0x0000000014e30000,0x0000000014f30000] [id=7512]
  0x000000001577a800 WatcherThread [stack: 0x0000000015c30000,0x0000000015d30000] [id=10096]

VM state:not at safepoint (normal execution)

VM Mutex/Monitor currently owned by a thread: None

heap address: 0x00000000e0000000, size: 512 MB, Compressed Oops mode: 32-bit
Narrow klass base: 0x0000000000000000, Narrow klass shift: 3
Compressed class space size: 1073741824 Address: 0x0000000100000000

Heap:
 PSYoungGen      total 76288K, used 11401K [0x00000000f5580000, 0x00000000faa80000, 0x0000000100000000)
  eden space 65536K, 17% used [0x00000000f5580000,0x00000000f60a26d0,0x00000000f9580000)
  from space 10752K, 0% used [0x00000000fa000000,0x00000000fa000000,0x00000000faa80000)
  to   space 10752K, 0% used [0x00000000f9580000,0x00000000f9580000,0x00000000fa000000)
 ParOldGen       total 175104K, used 8296K [0x00000000e0000000, 0x00000000eab00000, 0x00000000f5580000)
  object space 175104K, 4% used [0x00000000e0000000,0x00000000e081a3e0,0x00000000eab00000)
 Metaspace       used 14101K, capacity 14466K, committed 14720K, reserved 1062912K
  class space    used 1981K, capacity 2127K, committed 2176K, reserved 1048576K

Card table byte_map: [0x0000000011d80000,0x0000000011e90000] byte_map_base: 0x0000000011680000

Marking Bits: (ParMarkBitMap*) 0x000000007057be30
 Begin Bits: [0x0000000012340000, 0x0000000012b40000)
 End Bits:   [0x0000000012b40000, 0x0000000013340000)

Polling page: 0x0000000002820000

CodeCache: size=245760Kb used=5304Kb max_used=5316Kb free=240455Kb
 bounds [0x00000000029c0000, 0x0000000002f00000, 0x00000000119c0000]
 total_blobs=1839 nmethods=1439 adapters=312
 compilation: enabled

Compilation events (10 events):
Event: 8.225 Thread 0x0000000013e30000 nmethod 1468 0x0000000002b67e10 code [0x0000000002b67f80, 0x0000000002b68188]
Event: 8.225 Thread 0x0000000013e30000 1469   !   3       org.gradle.internal.service.DefaultServiceRegistry$ManagedObjectServiceProvider::getInstance (47 bytes)
Event: 8.225 Thread 0x0000000013e30000 nmethod 1469 0x0000000002b46c50 code [0x0000000002b46de0, 0x0000000002b47398]
Event: 8.236 Thread 0x0000000013e30000 1470       3       com.google.common.collect.Hashing::smear (19 bytes)
Event: 8.237 Thread 0x0000000013e30000 nmethod 1470 0x0000000002b67a50 code [0x0000000002b67ba0, 0x0000000002b67d70]
Event: 8.237 Thread 0x0000000013e30000 1471       3       java.lang.Integer::rotateLeft (9 bytes)
Event: 8.237 Thread 0x0000000013e30000 nmethod 1471 0x0000000002b67690 code [0x0000000002b677e0, 0x0000000002b67930]
Event: 8.237 Thread 0x0000000013ded800 1472   !   4       java.net.URLClassLoader::findClass (47 bytes)
Event: 8.241 Thread 0x0000000013ded800 nmethod 1472 0x0000000002b451d0 code [0x0000000002b45360, 0x0000000002b45558]
Event: 8.250 Thread 0x0000000013de7800 1473       4       java.util.jar.JarFile::maybeInstantiateVerifier (96 bytes)

GC Heap History (6 events):
Event: 4.359 GC heap before
{Heap before GC invocations=1 (full 0):
 PSYoungGen      total 76288K, used 65536K [0x00000000f5580000, 0x00000000faa80000, 0x0000000100000000)
  eden space 65536K, 100% used [0x00000000f5580000,0x00000000f9580000,0x00000000f9580000)
  from space 10752K, 0% used [0x00000000fa000000,0x00000000fa000000,0x00000000faa80000)
  to   space 10752K, 0% used [0x00000000f9580000,0x00000000f9580000,0x00000000fa000000)
 ParOldGen       total 175104K, used 0K [0x00000000e0000000, 0x00000000eab00000, 0x00000000f5580000)
  object space 175104K, 0% used [0x00000000e0000000,0x00000000e0000000,0x00000000eab00000)
 Metaspace       used 7468K, capacity 7712K, committed 7936K, reserved 1056768K
  class space    used 942K, capacity 1022K, committed 1024K, reserved 1048576K
Event: 4.377 GC heap after
Heap after GC invocations=1 (full 0):
 PSYoungGen      total 76288K, used 5879K [0x00000000f5580000, 0x00000000faa80000, 0x0000000100000000)
  eden space 65536K, 0% used [0x00000000f5580000,0x00000000f5580000,0x00000000f9580000)
  from space 10752K, 54% used [0x00000000f9580000,0x00000000f9b3dd08,0x00000000fa000000)
  to   space 10752K, 0% used [0x00000000fa000000,0x00000000fa000000,0x00000000faa80000)
 ParOldGen       total 175104K, used 8K [0x00000000e0000000, 0x00000000eab00000, 0x00000000f5580000)
  object space 175104K, 0% used [0x00000000e0000000,0x00000000e0002000,0x00000000eab00000)
 Metaspace       used 7468K, capacity 7712K, committed 7936K, reserved 1056768K
  class space    used 942K, capacity 1022K, committed 1024K, reserved 1048576K
}
Event: 7.966 GC heap before
{Heap before GC invocations=2 (full 0):
 PSYoungGen      total 76288K, used 70631K [0x00000000f5580000, 0x00000000faa80000, 0x0000000100000000)
  eden space 65536K, 98% used [0x00000000f5580000,0x00000000f94bbfc0,0x00000000f9580000)
  from space 10752K, 54% used [0x00000000f9580000,0x00000000f9b3dd08,0x00000000fa000000)
  to   space 10752K, 0% used [0x00000000fa000000,0x00000000fa000000,0x00000000faa80000)
 ParOldGen       total 175104K, used 8K [0x00000000e0000000, 0x00000000eab00000, 0x00000000f5580000)
  object space 175104K, 0% used [0x00000000e0000000,0x00000000e0002000,0x00000000eab00000)
 Metaspace       used 13006K, capacity 13444K, committed 13568K, reserved 1064960K
  class space    used 1808K, capacity 1960K, committed 2048K, reserved 1048576K
Event: 7.981 GC heap after
Heap after GC invocations=2 (full 0):
 PSYoungGen      total 76288K, used 8551K [0x00000000f5580000, 0x00000000faa80000, 0x0000000100000000)
  eden space 65536K, 0% used [0x00000000f5580000,0x00000000f5580000,0x00000000f9580000)
  from space 10752K, 79% used [0x00000000fa000000,0x00000000fa859e98,0x00000000faa80000)
  to   space 10752K, 0% used [0x00000000f9580000,0x00000000f9580000,0x00000000fa000000)
 ParOldGen       total 175104K, used 24K [0x00000000e0000000, 0x00000000eab00000, 0x00000000f5580000)
  object space 175104K, 0% used [0x00000000e0000000,0x00000000e0006000,0x00000000eab00000)
 Metaspace       used 13006K, capacity 13444K, committed 13568K, reserved 1064960K
  class space    used 1808K, capacity 1960K, committed 2048K, reserved 1048576K
}
Event: 7.981 GC heap before
{Heap before GC invocations=3 (full 1):
 PSYoungGen      total 76288K, used 8551K [0x00000000f5580000, 0x00000000faa80000, 0x0000000100000000)
  eden space 65536K, 0% used [0x00000000f5580000,0x00000000f5580000,0x00000000f9580000)
  from space 10752K, 79% used [0x00000000fa000000,0x00000000fa859e98,0x00000000faa80000)
  to   space 10752K, 0% used [0x00000000f9580000,0x00000000f9580000,0x00000000fa000000)
 ParOldGen       total 175104K, used 24K [0x00000000e0000000, 0x00000000eab00000, 0x00000000f5580000)
  object space 175104K, 0% used [0x00000000e0000000,0x00000000e0006000,0x00000000eab00000)
 Metaspace       used 13006K, capacity 13444K, committed 13568K, reserved 1064960K
  class space    used 1808K, capacity 1960K, committed 2048K, reserved 1048576K
Event: 8.037 GC heap after
Heap after GC invocations=3 (full 1):
 PSYoungGen      total 76288K, used 0K [0x00000000f5580000, 0x00000000faa80000, 0x0000000100000000)
  eden space 65536K, 0% used [0x00000000f5580000,0x00000000f5580000,0x00000000f9580000)
  from space 10752K, 0% used [0x00000000fa000000,0x00000000fa000000,0x00000000faa80000)
  to   space 10752K, 0% used [0x00000000f9580000,0x00000000f9580000,0x00000000fa000000)
 ParOldGen       total 175104K, used 8296K [0x00000000e0000000, 0x00000000eab00000, 0x00000000f5580000)
  object space 175104K, 4% used [0x00000000e0000000,0x00000000e081a3e0,0x00000000eab00000)
 Metaspace       used 13006K, capacity 13444K, committed 13568K, reserved 1062912K
  class space    used 1808K, capacity 1960K, committed 2048K, reserved 1048576K
}

Deoptimization events (10 events):
Event: 5.259 Thread 0x000000000283d800 Uncommon trap: reason=unstable_if action=reinterpret pc=0x0000000002d81c98 method=java.util.Properties$LineReader.readLine()I @ 323
Event: 5.259 Thread 0x000000000283d800 Uncommon trap: reason=unstable_if action=reinterpret pc=0x0000000002d654c8 method=java.util.Properties$LineReader.readLine()I @ 323
Event: 5.259 Thread 0x000000000283d800 Uncommon trap: reason=unstable_if action=reinterpret pc=0x0000000002d67ab4 method=java.util.Properties.loadConvert([CII[C)Ljava/lang/String; @ 57
Event: 5.259 Thread 0x000000000283d800 Uncommon trap: reason=class_check action=maybe_recompile pc=0x0000000002d61f44 method=java.util.regex.Matcher.match(II)Z @ 86
Event: 5.635 Thread 0x000000000283d800 Uncommon trap: reason=unstable_if action=reinterpret pc=0x0000000002dcb970 method=java.util.LinkedHashMap.afterNodeInsertion(Z)V @ 1
Event: 5.638 Thread 0x000000000283d800 Uncommon trap: reason=unstable_if action=reinterpret pc=0x0000000002c5c374 method=java.util.HashMap.getNode(ILjava/lang/Object;)Ljava/util/HashMap$Node; @ 129
Event: 5.638 Thread 0x000000000283d800 Uncommon trap: reason=bimorphic action=maybe_recompile pc=0x0000000002d3b9ec method=java.util.HashMap.putVal(ILjava/lang/Object;Ljava/lang/Object;ZZ)Ljava/lang/Object; @ 203
Event: 5.692 Thread 0x000000000283d800 Uncommon trap: reason=unstable_if action=reinterpret pc=0x0000000002c23cc4 method=java.util.HashMap.getNode(ILjava/lang/Object;)Ljava/util/HashMap$Node; @ 129
Event: 5.692 Thread 0x000000000283d800 Uncommon trap: reason=bimorphic action=maybe_recompile pc=0x0000000002d3b9ec method=java.util.HashMap.putVal(ILjava/lang/Object;Ljava/lang/Object;ZZ)Ljava/lang/Object; @ 203
Event: 6.807 Thread 0x000000000283d800 Uncommon trap: reason=unstable_if action=reinterpret pc=0x0000000002d19c10 method=java.io.WinNTFileSystem.normalize(Ljava/lang/String;)Ljava/lang/String; @ 128

Classes redefined (0 events):
No events

Internal exceptions (10 events):
Event: 2.514 Thread 0x000000000283d800 Exception <a 'java/lang/ArrayIndexOutOfBoundsException'> (0x00000000f6df51e0) thrown at [C:\ade\jenkins\workspace\8-2-build-windows-amd64-cygwin\jdk8u241\331\hotspot\src\share\vm\runtime\sharedRuntime.cpp, line 605]
Event: 2.515 Thread 0x000000000283d800 Exception <a 'java/lang/ArrayIndexOutOfBoundsException'> (0x00000000f6dfac70) thrown at [C:\ade\jenkins\workspace\8-2-build-windows-amd64-cygwin\jdk8u241\331\hotspot\src\share\vm\runtime\sharedRuntime.cpp, line 605]
Event: 2.515 Thread 0x000000000283d800 Exception <a 'java/lang/ArrayIndexOutOfBoundsException'> (0x00000000f6dfcf58) thrown at [C:\ade\jenkins\workspace\8-2-build-windows-amd64-cygwin\jdk8u241\331\hotspot\src\share\vm\runtime\sharedRuntime.cpp, line 605]
Event: 2.596 Thread 0x000000000283d800 Exception <a 'java/lang/ArrayIndexOutOfBoundsException'> (0x00000000f717b1a0) thrown at [C:\ade\jenkins\workspace\8-2-build-windows-amd64-cygwin\jdk8u241\331\hotspot\src\share\vm\runtime\sharedRuntime.cpp, line 605]
Event: 2.597 Thread 0x000000000283d800 Exception <a 'java/lang/ArrayIndexOutOfBoundsException'> (0x00000000f718b098) thrown at [C:\ade\jenkins\workspace\8-2-build-windows-amd64-cygwin\jdk8u241\331\hotspot\src\share\vm\runtime\sharedRuntime.cpp, line 605]
Event: 2.598 Thread 0x000000000283d800 Exception <a 'java/lang/ArrayIndexOutOfBoundsException'> (0x00000000f718fce8) thrown at [C:\ade\jenkins\workspace\8-2-build-windows-amd64-cygwin\jdk8u241\331\hotspot\src\share\vm\runtime\sharedRuntime.cpp, line 605]
Event: 2.604 Thread 0x000000000283d800 Exception <a 'java/lang/ArrayIndexOutOfBoundsException'> (0x00000000f71a4d88) thrown at [C:\ade\jenkins\workspace\8-2-build-windows-amd64-cygwin\jdk8u241\331\hotspot\src\share\vm\runtime\sharedRuntime.cpp, line 605]
Event: 6.087 Thread 0x000000000283d800 Exception <a 'java/lang/NoSuchMethodError': java.lang.Object.lambda$get$0(Ljava/util/function/Supplier;Ljava/lang/Object;)Ljava/lang/Object;> (0x00000000f7d39508) thrown at [C:\ade\jenkins\workspace\8-2-build-windows-amd64-cygwin\jdk8u241\331\hotspot\src\
Event: 7.616 Thread 0x000000000283d800 Exception <a 'java/io/IOException'> (0x00000000f80a5168) thrown at [C:\ade\jenkins\workspace\8-2-build-windows-amd64-cygwin\jdk8u241\331\hotspot\src\share\vm\prims\jni.cpp, line 710]
Event: 8.167 Thread 0x000000001597b800 Exception <a 'java/lang/NoSuchMethodError': java.lang.Object.lambda$static$0(Lorg/gradle/internal/state/ModelObject;)Ljava/lang/String;> (0x00000000f5c007c8) thrown at [C:\ade\jenkins\workspace\8-2-build-windows-amd64-cygwin\jdk8u241\331\hotspot\src\share

Events (10 events):
Event: 8.248 loading class org/gradle/execution/plan/Node
Event: 8.248 loading class org/gradle/execution/plan/Node done
Event: 8.249 loading class org/gradle/api/internal/artifacts/transform/TransformationNode
Event: 8.249 loading class org/gradle/api/internal/artifacts/transform/TransformationNode done
Event: 8.250 loading class org/gradle/execution/plan/SelfExecutingNode
Event: 8.250 loading class org/gradle/execution/plan/SelfExecutingNode done
Event: 8.250 loading class org/gradle/internal/build/event/types/DefaultOperationDescriptor
Event: 8.250 loading class org/gradle/internal/build/event/types/DefaultOperationDescriptor done
Event: 8.253 loading class org/gradle/internal/build/event/types/DefaultTransformDescriptor
Event: 8.253 loading class org/gradle/internal/build/event/types/DefaultTransformDescriptor done


Dynamic libraries:
0x00007ff609620000 - 0x00007ff609657000 	C:\Program Files\Java\jdk1.8.0_241\bin\java.exe
0x00007ffeaee70000 - 0x00007ffeaf065000 	C:\Windows\SYSTEM32\ntdll.dll
0x00007ffeae7f0000 - 0x00007ffeae8ad000 	C:\Windows\System32\KERNEL32.DLL
0x00007ffeac950000 - 0x00007ffeacc1d000 	C:\Windows\System32\KERNELBASE.dll
0x00007ffeadff0000 - 0x00007ffeae09e000 	C:\Windows\System32\ADVAPI32.dll
0x00007ffeade30000 - 0x00007ffeadece000 	C:\Windows\System32\msvcrt.dll
0x00007ffead760000 - 0x00007ffead7fc000 	C:\Windows\System32\sechost.dll
0x00007ffead130000 - 0x00007ffead255000 	C:\Windows\System32\RPCRT4.dll
0x00007ffead260000 - 0x00007ffead400000 	C:\Windows\System32\USER32.dll
0x00007ffeac8b0000 - 0x00007ffeac8d2000 	C:\Windows\System32\win32u.dll
0x00007ffeaed50000 - 0x00007ffeaed7a000 	C:\Windows\System32\GDI32.dll
0x00007ffeacd20000 - 0x00007ffeace2b000 	C:\Windows\System32\gdi32full.dll
0x00007ffeac6b0000 - 0x00007ffeac74d000 	C:\Windows\System32\msvcp_win.dll
0x00007ffeacc20000 - 0x00007ffeacd20000 	C:\Windows\System32\ucrtbase.dll
0x00007ffe9c0b0000 - 0x00007ffe9c34a000 	C:\Windows\WinSxS\amd64_microsoft.windows.common-controls_6595b64144ccf1df_6.0.19041.1110_none_60b5254171f9507e\COMCTL32.dll
0x00007ffead020000 - 0x00007ffead050000 	C:\Windows\System32\IMM32.DLL
0x0000000070600000 - 0x00000000706d2000 	C:\Program Files\Java\jdk1.8.0_241\jre\bin\msvcr100.dll
0x000000006fd50000 - 0x00000000705fc000 	C:\Program Files\Java\jdk1.8.0_241\jre\bin\server\jvm.dll
0x00007ffeaecc0000 - 0x00007ffeaecc8000 	C:\Windows\System32\PSAPI.DLL
0x00007ffe9a890000 - 0x00007ffe9a899000 	C:\Windows\SYSTEM32\WSOCK32.dll
0x00007ffead6f0000 - 0x00007ffead75b000 	C:\Windows\System32\WS2_32.dll
0x00007ffea0670000 - 0x00007ffea0697000 	C:\Windows\SYSTEM32\WINMM.dll
0x00007ffea2db0000 - 0x00007ffea2dba000 	C:\Windows\SYSTEM32\VERSION.dll
0x00007ffea7850000 - 0x00007ffea785f000 	C:\Program Files\Java\jdk1.8.0_241\jre\bin\verify.dll
0x00007ffea52f0000 - 0x00007ffea5319000 	C:\Program Files\Java\jdk1.8.0_241\jre\bin\java.dll
0x00007ffe92320000 - 0x00007ffe92336000 	C:\Program Files\Java\jdk1.8.0_241\jre\bin\zip.dll
0x00007ffeae0a0000 - 0x00007ffeae7e4000 	C:\Windows\System32\SHELL32.dll
0x00007ffeaa2b0000 - 0x00007ffeaaa44000 	C:\Windows\SYSTEM32\windows.storage.dll
0x00007ffeae960000 - 0x00007ffeaecb4000 	C:\Windows\System32\combase.dll
0x00007ffeabfe0000 - 0x00007ffeac00c000 	C:\Windows\SYSTEM32\Wldp.dll
0x00007ffeae8b0000 - 0x00007ffeae95d000 	C:\Windows\System32\SHCORE.dll
0x00007ffeacf30000 - 0x00007ffeacf85000 	C:\Windows\System32\shlwapi.dll
0x00007ffeac4c0000 - 0x00007ffeac4df000 	C:\Windows\SYSTEM32\profapi.dll
0x00007ffe90e20000 - 0x00007ffe90e3a000 	C:\Program Files\Java\jdk1.8.0_241\jre\bin\net.dll
0x00007ffeabd40000 - 0x00007ffeabdaa000 	C:\Windows\system32\mswsock.dll
0x00007ffe90e00000 - 0x00007ffe90e12000 	C:\Program Files\Java\jdk1.8.0_241\jre\bin\nio.dll
0x00007ffe922f0000 - 0x00007ffe92317000 	C:\Users\Administrator\.gradle\native\e1d6ef7f7dcc3fd88c89a11ec53ec762bb8ba0a96d01ffa2cd45eb1d1d8dd5c5\windows-amd64\native-platform.dll
0x00007ffe88570000 - 0x00007ffe886b4000 	C:\Users\Administrator\.gradle\native\0d407fdbe67a94daf76414ababcb853783967236a71b16ec16e742cd7a986fd3\windows-amd64\native-platform-file-events.dll
0x00007ffea7840000 - 0x00007ffea784d000 	C:\Program Files\Java\jdk1.8.0_241\jre\bin\management.dll
0x00007ffeabf30000 - 0x00007ffeabf48000 	C:\Windows\SYSTEM32\CRYPTSP.dll
0x00007ffeab650000 - 0x00007ffeab684000 	C:\Windows\system32\rsaenh.dll
0x00007ffeac580000 - 0x00007ffeac5a7000 	C:\Windows\System32\bcrypt.dll
0x00007ffeac440000 - 0x00007ffeac46e000 	C:\Windows\SYSTEM32\USERENV.dll
0x00007ffeace30000 - 0x00007ffeaceb2000 	C:\Windows\System32\bcryptprimitives.dll
0x00007ffeabf50000 - 0x00007ffeabf5c000 	C:\Windows\SYSTEM32\CRYPTBASE.dll
0x00007ffeab9e0000 - 0x00007ffeaba1b000 	C:\Windows\SYSTEM32\IPHLPAPI.DLL
0x00007ffeacf20000 - 0x00007ffeacf28000 	C:\Windows\System32\NSI.dll
0x00007ffea38f0000 - 0x00007ffea3907000 	C:\Windows\SYSTEM32\dhcpcsvc6.DLL
0x00007ffea3a30000 - 0x00007ffea3a4d000 	C:\Windows\SYSTEM32\dhcpcsvc.DLL
0x00007ffeaba20000 - 0x00007ffeabaeb000 	C:\Windows\SYSTEM32\DNSAPI.dll

VM Arguments:
jvm_args: -XX:MaxMetaspaceSize=256m -XX:+HeapDumpOnOutOfMemoryError -Xms256m -Xmx512m -Dfile.encoding=windows-1252 -Duser.country=US -Duser.language=en -Duser.variant 
java_command: org.gradle.launcher.daemon.bootstrap.GradleDaemon 7.4.1
java_class_path (initial): C:\Users\Administrator\.gradle\wrapper\dists\gradle-7.4.1-all\htb4l60oox3i12rnwfoqoo8d\gradle-7.4.1\lib\gradle-launcher-7.4.1.jar
Launcher Type: SUN_STANDARD

Environment Variables:
PATH=C:\Program Files (x86)\Common Files\Oracle\Java\javapath;C:\ProgramData\Oracle\Java\javapath;C:\Windows\system32;C:\Windows;C:\Windows\System32\Wbem;C:\Windows\System32\WindowsPowerShell\v1.0\;C:\Windows\System32\OpenSSH\;C:\Program Files (x86)\Microsoft SQL Server\100\Tools\Binn\;C:\Program Files (x86)\Microsoft SQL Server\100\DTS\Binn\;C:\Program Files\Git\cmd;C:\Users\Administrator\AppData\Local\Microsoft\WindowsApps;
USERNAME=Administrator
OS=Windows_NT
PROCESSOR_IDENTIFIER=Intel64 Family 6 Model 61 Stepping 4, GenuineIntel



---------------  S Y S T E M  ---------------

OS: Windows 10.0 , 64 bit Build 19041 (10.0.19041.1706)

CPU:total 4 (initial active 4) (2 cores per cpu, 2 threads per core) family 6 model 61 stepping 4, cmov, cx8, fxsr, mmx, sse, sse2, sse3, ssse3, sse4.1, sse4.2, popcnt, avx, avx2, aes, clmul, erms, 3dnowpref, lzcnt, ht, tsc, tscinvbit, bmi1, bmi2, adx

Memory: 4k page, physical 8277140k(649236k free), swap 10522992k(4124k free)

vm_info: Java HotSpot(TM) 64-Bit Server VM (25.241-b07) for windows-amd64 JRE (1.8.0_241-b07), built on Dec 11 2019 10:21:40 by "rejava" with MS VC++ 10.0 (VS2010)

time: Sun May 29 17:03:59 2022
timezone: SE Asia Standard Time
elapsed time: 8 seconds (0d 0h 0m 8s)

