#
# There is insufficient memory for the Java Runtime Environment to continue.
# Native memory allocation (malloc) failed to allocate 32744 bytes for ChunkPool::allocate
# Possible reasons:
#   The system is out of physical RAM or swap space
#   The process is running with CompressedOops enabled, and the Java Heap may be blocking the growth of the native heap
# Possible solutions:
#   Reduce memory load on the system
#   Increase physical memory or swap space
#   Check if swap backing store is full
#   Decrease Java heap size (-Xmx/-Xms)
#   Decrease number of Java threads
#   Decrease Java thread stack sizes (-Xss)
#   Set larger code cache with -XX:ReservedCodeCacheSize=
#   JVM is running with Unscaled Compressed Oops mode in which the Java heap is
#     placed in the first 4GB address space. The Java Heap base address is the
#     maximum limit for the native heap growth. Please use -XX:HeapBaseMinAddress
#     to set the Java Heap base and to place the Java Heap above 4GB virtual address.
# This output file may be truncated or incomplete.
#
#  Out of Memory Error (allocation.cpp:272), pid=4820, tid=0x0000000000000568
#
# JRE version: Java(TM) SE Runtime Environment (8.0_241-b07) (build 1.8.0_241-b07)
# Java VM: Java HotSpot(TM) 64-Bit Server VM (25.241-b07 mixed mode windows-amd64 compressed oops)
# Failed to write core dump. Minidumps are not enabled by default on client versions of Windows
#

---------------  T H R E A D  ---------------

Current thread (0x0000000015030800):  JavaThread "C1 CompilerThread2" daemon [_thread_in_native, id=1384, stack(0x0000000015420000,0x0000000015520000)]

Stack: [0x0000000015420000,0x0000000015520000]
[error occurred during error reporting (printing stack bounds), id 0xc0000005]

Native frames: (J=compiled Java code, j=interpreted, Vv=VM code, C=native code)


Current CompileTask:
C1:  38544 3671       3       sun.misc.ProxyGenerator$ProxyMethod::generateMethod (733 bytes)


---------------  P R O C E S S  ---------------

Java Threads: ( => current thread )
  0x0000000019631000 JavaThread "Unconstrained build operations Thread 19" [_thread_blocked, id=6160, stack(0x000000001ff90000,0x0000000020090000)]
  0x0000000019634800 JavaThread "Unconstrained build operations Thread 18" [_thread_blocked, id=3148, stack(0x000000001fe90000,0x000000001ff90000)]
  0x000000001962e800 JavaThread "Unconstrained build operations Thread 17" [_thread_blocked, id=6580, stack(0x000000001fd90000,0x000000001fe90000)]
  0x000000001962e000 JavaThread "Unconstrained build operations Thread 16" [_thread_blocked, id=9064, stack(0x000000001fc90000,0x000000001fd90000)]
  0x000000001962d000 JavaThread "Unconstrained build operations Thread 15" [_thread_blocked, id=6232, stack(0x000000001fb90000,0x000000001fc90000)]
  0x0000000019634000 JavaThread "Unconstrained build operations Thread 14" [_thread_blocked, id=2116, stack(0x000000001fa90000,0x000000001fb90000)]
  0x0000000019633000 JavaThread "Unconstrained build operations Thread 13" [_thread_blocked, id=10832, stack(0x000000001f990000,0x000000001fa90000)]
  0x0000000019630000 JavaThread "Unconstrained build operations Thread 12" [_thread_blocked, id=6680, stack(0x000000001f890000,0x000000001f990000)]
  0x000000001b2bd800 JavaThread "Unconstrained build operations Thread 11" [_thread_blocked, id=9832, stack(0x000000001f790000,0x000000001f890000)]
  0x000000001b2bd000 JavaThread "Unconstrained build operations Thread 10" [_thread_blocked, id=9436, stack(0x000000001f690000,0x000000001f790000)]
  0x000000001b2bb800 JavaThread "Unconstrained build operations Thread 9" [_thread_blocked, id=10656, stack(0x000000001f590000,0x000000001f690000)]
  0x000000001b2ba800 JavaThread "Unconstrained build operations Thread 8" [_thread_blocked, id=368, stack(0x000000001f490000,0x000000001f590000)]
  0x000000001b2bc000 JavaThread "Unconstrained build operations Thread 7" [_thread_blocked, id=6164, stack(0x000000001f390000,0x000000001f490000)]
  0x000000001b2b3000 JavaThread "Unconstrained build operations Thread 6" [_thread_blocked, id=1300, stack(0x000000001f290000,0x000000001f390000)]
  0x000000001b2ba000 JavaThread "Unconstrained build operations Thread 5" [_thread_blocked, id=2212, stack(0x000000001f190000,0x000000001f290000)]
  0x000000001b2b2800 JavaThread "Unconstrained build operations Thread 4" [_thread_blocked, id=10220, stack(0x000000001f090000,0x000000001f190000)]
  0x000000001b2b9000 JavaThread "Unconstrained build operations Thread 3" [_thread_blocked, id=6112, stack(0x000000001ef90000,0x000000001f090000)]
  0x000000001b2b8800 JavaThread "Unconstrained build operations Thread 2" [_thread_blocked, id=10016, stack(0x000000001ee90000,0x000000001ef90000)]
  0x000000001b2b4000 JavaThread "Unconstrained build operations" [_thread_blocked, id=7704, stack(0x000000001ed90000,0x000000001ee90000)]
  0x000000001b2b7800 JavaThread "Cache worker for Build Output Cleanup Cache (D:\codeGYM\C1221G1-tr-n-lu-t\C1221G1_[TranNgocLuat]_Module4\case\furama_resort\.gradle\buildOutputCleanup)" [_thread_blocked, id=7208, stack(0x000000001ec90000,0x000000001ed90000)]
  0x000000001b2b0000 JavaThread "Cache worker for dependencies-accessors (D:\codeGYM\C1221G1-tr-n-lu-t\C1221G1_[TranNgocLuat]_Module4\case\furama_resort\.gradle\7.4.1\dependencies-accessors)" [_thread_blocked, id=2324, stack(0x000000001e590000,0x000000001e690000)]
  0x000000001b2b7000 JavaThread "File lock release action executor Thread 2" [_thread_blocked, id=4284, stack(0x000000001e490000,0x000000001e590000)]
  0x000000001b2af800 JavaThread "jar transforms Thread 4" [_thread_blocked, id=6520, stack(0x000000001e390000,0x000000001e490000)]
  0x000000001b2b1000 JavaThread "jar transforms Thread 3" [_thread_blocked, id=8768, stack(0x000000001e290000,0x000000001e390000)]
  0x000000001b2b1800 JavaThread "Cache worker for file content cache (C:\Users\Administrator\.gradle\caches\7.4.1\fileContent)" [_thread_blocked, id=8068, stack(0x000000001df90000,0x000000001e090000)]
  0x000000001b2ae800 JavaThread "jar transforms Thread 2" [_thread_blocked, id=5304, stack(0x000000001da90000,0x000000001db90000)]
  0x000000001b2b4800 JavaThread "jar transforms" [_thread_blocked, id=9872, stack(0x000000001d7e0000,0x000000001d8e0000)]
  0x000000001b2b5800 JavaThread "Cache worker for execution history cache (C:\Users\Administrator\.gradle\caches\7.4.1\executionHistory)" [_thread_blocked, id=8872, stack(0x000000001d990000,0x000000001da90000)]
  0x0000000018d1d800 JavaThread "Cache worker for cache directory md-supplier (C:\Users\Administrator\.gradle\caches\7.4.1\md-supplier)" [_thread_blocked, id=5508, stack(0x000000001d4e0000,0x000000001d5e0000)]
  0x0000000018d18800 JavaThread "Cache worker for file hash cache (D:\codeGYM\C1221G1-tr-n-lu-t\C1221G1_[TranNgocLuat]_Module4\case\furama_resort\.gradle\7.4.1\fileHashes)" [_thread_blocked, id=6216, stack(0x000000001d3e0000,0x000000001d4e0000)]
  0x0000000018d1d000 JavaThread "Cache worker for cache directory md-rule (C:\Users\Administrator\.gradle\caches\7.4.1\md-rule)" [_thread_blocked, id=11576, stack(0x000000001d0e0000,0x000000001d1e0000)]
  0x0000000018d1c000 JavaThread "Cache worker for checksums cache (D:\codeGYM\C1221G1-tr-n-lu-t\C1221G1_[TranNgocLuat]_Module4\case\furama_resort\.gradle\7.4.1\checksums)" [_thread_blocked, id=7736, stack(0x000000001cfe0000,0x000000001d0e0000)]
  0x0000000018d1f000 JavaThread "File watcher consumer" daemon [_thread_blocked, id=7532, stack(0x000000001cce0000,0x000000001cde0000)]
  0x0000000018d1b800 JavaThread "File watcher server" daemon [_thread_in_native, id=10548, stack(0x000000001bbb0000,0x000000001bcb0000)]
  0x0000000018d1a800 JavaThread "Cache worker for file hash cache (C:\Users\Administrator\.gradle\caches\7.4.1\fileHashes)" [_thread_blocked, id=7976, stack(0x000000001b6b0000,0x000000001b7b0000)]
  0x0000000018d1a000 JavaThread "File lock release action executor" [_thread_blocked, id=5196, stack(0x000000001b5b0000,0x000000001b6b0000)]
  0x0000000018d1e800 JavaThread "File lock request listener" [_thread_in_native, id=5284, stack(0x000000001b4b0000,0x000000001b5b0000)]
  0x0000000018d19000 JavaThread "Cache worker for journal cache (C:\Users\Administrator\.gradle\caches\journal-1)" [_thread_blocked, id=1232, stack(0x000000001b3b0000,0x000000001b4b0000)]
  0x00000000169aa800 JavaThread "Daemon client event forwarder" [_thread_blocked, id=8164, stack(0x0000000018140000,0x0000000018240000)]
  0x00000000169a8000 JavaThread "Stdin handler" [_thread_blocked, id=11988, stack(0x0000000018040000,0x0000000018140000)]
  0x000000001528e000 JavaThread "Asynchronous log dispatcher for DefaultDaemonConnection: socket connection from /127.0.0.1:65451 to /127.0.0.1:65457" [_thread_blocked, id=12140, stack(0x0000000017f40000,0x0000000018040000)]
  0x0000000016ad4800 JavaThread "Daemon worker" [_thread_in_vm, id=6048, stack(0x0000000017e40000,0x0000000017f40000)]
  0x0000000016ad3800 JavaThread "Cancel handler" [_thread_blocked, id=7364, stack(0x0000000017d40000,0x0000000017e40000)]
  0x0000000016d6a000 JavaThread "Handler for socket connection from /127.0.0.1:65451 to /127.0.0.1:65457" [_thread_in_native, id=7136, stack(0x0000000017c40000,0x0000000017d40000)]
  0x00000000151e5800 JavaThread "Daemon" [_thread_blocked, id=2308, stack(0x0000000017b40000,0x0000000017c40000)]
  0x0000000016db4800 JavaThread "Daemon periodic checks" [_thread_blocked, id=1208, stack(0x0000000017840000,0x0000000017940000)]
  0x0000000016db4000 JavaThread "Incoming local TCP Connector on port 65451" [_thread_in_native, id=11408, stack(0x0000000017600000,0x0000000017700000)]
  0x0000000016680000 JavaThread "Daemon health stats" [_thread_blocked, id=7088, stack(0x00000000171c0000,0x00000000172c0000)]
  0x000000001380d000 JavaThread "Service Thread" daemon [_thread_blocked, id=6560, stack(0x0000000015520000,0x0000000015620000)]
=>0x0000000015030800 JavaThread "C1 CompilerThread2" daemon [_thread_in_native, id=1384, stack(0x0000000015420000,0x0000000015520000)]
  0x000000000238d000 JavaThread "C2 CompilerThread1" daemon [_thread_in_native, id=8356, stack(0x0000000014f20000,0x0000000015020000)]
  0x00000000137ba800 JavaThread "C2 CompilerThread0" daemon [_thread_blocked, id=10452, stack(0x0000000014e20000,0x0000000014f20000)]
  0x00000000137b8800 JavaThread "Attach Listener" daemon [_thread_blocked, id=8036, stack(0x0000000014d20000,0x0000000014e20000)]
  0x00000000137b7000 JavaThread "Signal Dispatcher" daemon [_thread_blocked, id=12256, stack(0x0000000014c20000,0x0000000014d20000)]
  0x0000000002385800 JavaThread "Finalizer" daemon [_thread_blocked, id=9660, stack(0x0000000014a20000,0x0000000014b20000)]
  0x000000001379a000 JavaThread "Reference Handler" daemon [_thread_blocked, id=8480, stack(0x0000000014920000,0x0000000014a20000)]
  0x000000000218d800 JavaThread "main" [_thread_blocked, id=6992, stack(0x0000000002000000,0x0000000002100000)]

Other Threads:
  0x0000000013777000 VMThread [stack: 0x0000000014820000,0x0000000014920000] [id=1748]
  0x000000001380e000 WatcherThread [stack: 0x0000000015620000,0x0000000015720000] [id=716]

VM state:not at safepoint (normal execution)

VM Mutex/Monitor currently owned by a thread: None

heap address: 0x00000000e0000000, size: 512 MB, Compressed Oops mode: 32-bit
Narrow klass base: 0x0000000000000000, Narrow klass shift: 3
Compressed class space size: 1073741824 Address: 0x0000000100000000

Heap:
 PSYoungGen      total 158208K, used 29001K [0x00000000f5580000, 0x0000000100000000, 0x0000000100000000)
  eden space 141312K, 14% used [0x00000000f5580000,0x00000000f699e228,0x00000000fdf80000)
  from space 16896K, 49% used [0x00000000fef80000,0x00000000ff7b4350,0x0000000100000000)
  to   space 16384K, 0% used [0x00000000fdf80000,0x00000000fdf80000,0x00000000fef80000)
 ParOldGen       total 195584K, used 14965K [0x00000000e0000000, 0x00000000ebf00000, 0x00000000f5580000)
  object space 195584K, 7% used [0x00000000e0000000,0x00000000e0e9d448,0x00000000ebf00000)
 Metaspace       used 41652K, capacity 43670K, committed 43904K, reserved 1087488K
  class space    used 5993K, capacity 6405K, committed 6528K, reserved 1048576K

Card table byte_map: [0x0000000011750000,0x0000000011860000] byte_map_base: 0x0000000011050000

Marking Bits: (ParMarkBitMap*) 0x00000000556abe30
 Begin Bits: [0x0000000011d10000, 0x0000000012510000)
 End Bits:   [0x0000000012510000, 0x0000000012d10000)

Polling page: 0x0000000000790000

CodeCache: size=245760Kb used=11759Kb max_used=11759Kb free=234000Kb
 bounds [0x0000000002390000, 0x0000000002f20000, 0x0000000011390000]
 total_blobs=3995 nmethods=3263 adapters=643
 compilation: enabled

Compilation events (10 events):
Event: 38.518 Thread 0x0000000015030800 nmethod 3665 0x0000000002f06d90 code [0x0000000002f06f80, 0x0000000002f07448]
Event: 38.518 Thread 0x0000000015030800 3666       3       com.google.common.collect.ImmutableSet$RegularSetBuilderImpl::build (101 bytes)
Event: 38.519 Thread 0x0000000015030800 nmethod 3666 0x0000000002f0ef10 code [0x0000000002f0f120, 0x0000000002f0fb58]
Event: 38.536 Thread 0x0000000015030800 3667       3       sun.misc.ProxyGenerator::access$408 (12 bytes)
Event: 38.536 Thread 0x0000000015030800 nmethod 3667 0x0000000002f10210 code [0x0000000002f10360, 0x0000000002f104b0]
Event: 38.536 Thread 0x0000000015030800 3668       3       sun.misc.ProxyGenerator::checkReturnTypes (295 bytes)
Event: 38.539 Thread 0x0000000015030800 nmethod 3668 0x0000000002f10550 code [0x0000000002f10a20, 0x0000000002f13908]
Event: 38.539 Thread 0x0000000015030800 3669       3       sun.misc.ProxyGenerator$FieldInfo::<init> (44 bytes)
Event: 38.539 Thread 0x0000000015030800 nmethod 3669 0x0000000002f14fd0 code [0x0000000002f151a0, 0x0000000002f15718]
Event: 38.540 Thread 0x0000000015030800 3671       3       sun.misc.ProxyGenerator$ProxyMethod::generateMethod (733 bytes)

GC Heap History (10 events):
Event: 18.924 GC heap before
{Heap before GC invocations=4 (full 1):
 PSYoungGen      total 141824K, used 10749K [0x00000000f5580000, 0x00000000fea80000, 0x0000000100000000)
  eden space 131072K, 0% used [0x00000000f5580000,0x00000000f5580000,0x00000000fd580000)
  from space 10752K, 99% used [0x00000000fd580000,0x00000000fdfff6f8,0x00000000fe000000)
  to   space 10752K, 0% used [0x00000000fe000000,0x00000000fe000000,0x00000000fea80000)
 ParOldGen       total 175104K, used 4001K [0x00000000e0000000, 0x00000000eab00000, 0x00000000f5580000)
  object space 175104K, 2% used [0x00000000e0000000,0x00000000e03e86a8,0x00000000eab00000)
 Metaspace       used 20486K, capacity 21136K, committed 21296K, reserved 1067008K
  class space    used 3023K, capacity 3176K, committed 3200K, reserved 1048576K
Event: 19.142 GC heap after
Heap after GC invocations=4 (full 1):
 PSYoungGen      total 141824K, used 0K [0x00000000f5580000, 0x00000000fea80000, 0x0000000100000000)
  eden space 131072K, 0% used [0x00000000f5580000,0x00000000f5580000,0x00000000fd580000)
  from space 10752K, 0% used [0x00000000fd580000,0x00000000fd580000,0x00000000fe000000)
  to   space 10752K, 0% used [0x00000000fe000000,0x00000000fe000000,0x00000000fea80000)
 ParOldGen       total 175104K, used 14245K [0x00000000e0000000, 0x00000000eab00000, 0x00000000f5580000)
  object space 175104K, 8% used [0x00000000e0000000,0x00000000e0de9510,0x00000000eab00000)
 Metaspace       used 20486K, capacity 21136K, committed 21296K, reserved 1067008K
  class space    used 3023K, capacity 3176K, committed 3200K, reserved 1048576K
}
Event: 26.888 GC heap before
{Heap before GC invocations=5 (full 1):
 PSYoungGen      total 141824K, used 131072K [0x00000000f5580000, 0x00000000fea80000, 0x0000000100000000)
  eden space 131072K, 100% used [0x00000000f5580000,0x00000000fd580000,0x00000000fd580000)
  from space 10752K, 0% used [0x00000000fd580000,0x00000000fd580000,0x00000000fe000000)
  to   space 10752K, 0% used [0x00000000fe000000,0x00000000fe000000,0x00000000fea80000)
 ParOldGen       total 175104K, used 14245K [0x00000000e0000000, 0x00000000eab00000, 0x00000000f5580000)
  object space 175104K, 8% used [0x00000000e0000000,0x00000000e0de9510,0x00000000eab00000)
 Metaspace       used 32635K, capacity 33938K, committed 34176K, reserved 1079296K
  class space    used 4630K, capacity 4938K, committed 4992K, reserved 1048576K
Event: 26.912 GC heap after
Heap after GC invocations=5 (full 1):
 PSYoungGen      total 141824K, used 10725K [0x00000000f5580000, 0x0000000100000000, 0x0000000100000000)
  eden space 131072K, 0% used [0x00000000f5580000,0x00000000f5580000,0x00000000fd580000)
  from space 10752K, 99% used [0x00000000fe000000,0x00000000fea794b8,0x00000000fea80000)
  to   space 10752K, 0% used [0x00000000fd580000,0x00000000fd580000,0x00000000fe000000)
 ParOldGen       total 175104K, used 16470K [0x00000000e0000000, 0x00000000eab00000, 0x00000000f5580000)
  object space 175104K, 9% used [0x00000000e0000000,0x00000000e1015898,0x00000000eab00000)
 Metaspace       used 32635K, capacity 33938K, committed 34176K, reserved 1079296K
  class space    used 4630K, capacity 4938K, committed 4992K, reserved 1048576K
}
Event: 30.833 GC heap before
{Heap before GC invocations=6 (full 1):
 PSYoungGen      total 141824K, used 44677K [0x00000000f5580000, 0x0000000100000000, 0x0000000100000000)
  eden space 131072K, 25% used [0x00000000f5580000,0x00000000f76a8060,0x00000000fd580000)
  from space 10752K, 99% used [0x00000000fe000000,0x00000000fea794b8,0x00000000fea80000)
  to   space 10752K, 0% used [0x00000000fd580000,0x00000000fd580000,0x00000000fe000000)
 ParOldGen       total 175104K, used 16470K [0x00000000e0000000, 0x00000000eab00000, 0x00000000f5580000)
  object space 175104K, 9% used [0x00000000e0000000,0x00000000e1015898,0x00000000eab00000)
 Metaspace       used 33955K, capacity 35324K, committed 35456K, reserved 1079296K
  class space    used 4849K, capacity 5150K, committed 5248K, reserved 1048576K
Event: 30.845 GC heap after
Heap after GC invocations=6 (full 1):
 PSYoungGen      total 141824K, used 7653K [0x00000000f5580000, 0x0000000100000000, 0x0000000100000000)
  eden space 131072K, 0% used [0x00000000f5580000,0x00000000f5580000,0x00000000fd580000)
  from space 10752K, 71% used [0x00000000fd580000,0x00000000fdcf9578,0x00000000fe000000)
  to   space 16896K, 0% used [0x00000000fef80000,0x00000000fef80000,0x0000000100000000)
 ParOldGen       total 175104K, used 16478K [0x00000000e0000000, 0x00000000eab00000, 0x00000000f5580000)
  object space 175104K, 9% used [0x00000000e0000000,0x00000000e1017898,0x00000000eab00000)
 Metaspace       used 33955K, capacity 35324K, committed 35456K, reserved 1079296K
  class space    used 4849K, capacity 5150K, committed 5248K, reserved 1048576K
}
Event: 30.845 GC heap before
{Heap before GC invocations=7 (full 2):
 PSYoungGen      total 141824K, used 7653K [0x00000000f5580000, 0x0000000100000000, 0x0000000100000000)
  eden space 131072K, 0% used [0x00000000f5580000,0x00000000f5580000,0x00000000fd580000)
  from space 10752K, 71% used [0x00000000fd580000,0x00000000fdcf9578,0x00000000fe000000)
  to   space 16896K, 0% used [0x00000000fef80000,0x00000000fef80000,0x0000000100000000)
 ParOldGen       total 175104K, used 16478K [0x00000000e0000000, 0x00000000eab00000, 0x00000000f5580000)
  object space 175104K, 9% used [0x00000000e0000000,0x00000000e1017898,0x00000000eab00000)
 Metaspace       used 33955K, capacity 35324K, committed 35456K, reserved 1079296K
  class space    used 4849K, capacity 5150K, committed 5248K, reserved 1048576K
Event: 31.172 GC heap after
Heap after GC invocations=7 (full 2):
 PSYoungGen      total 141824K, used 0K [0x00000000f5580000, 0x0000000100000000, 0x0000000100000000)
  eden space 131072K, 0% used [0x00000000f5580000,0x00000000f5580000,0x00000000fd580000)
  from space 10752K, 0% used [0x00000000fd580000,0x00000000fd580000,0x00000000fe000000)
  to   space 16896K, 0% used [0x00000000fef80000,0x00000000fef80000,0x0000000100000000)
 ParOldGen       total 195584K, used 14965K [0x00000000e0000000, 0x00000000ebf00000, 0x00000000f5580000)
  object space 195584K, 7% used [0x00000000e0000000,0x00000000e0e9d448,0x00000000ebf00000)
 Metaspace       used 33955K, capacity 35324K, committed 35456K, reserved 1079296K
  class space    used 4849K, capacity 5150K, committed 5248K, reserved 1048576K
}
Event: 37.478 GC heap before
{Heap before GC invocations=8 (full 2):
 PSYoungGen      total 141824K, used 131072K [0x00000000f5580000, 0x0000000100000000, 0x0000000100000000)
  eden space 131072K, 100% used [0x00000000f5580000,0x00000000fd580000,0x00000000fd580000)
  from space 10752K, 0% used [0x00000000fd580000,0x00000000fd580000,0x00000000fe000000)
  to   space 16896K, 0% used [0x00000000fef80000,0x00000000fef80000,0x0000000100000000)
 ParOldGen       total 195584K, used 14965K [0x00000000e0000000, 0x00000000ebf00000, 0x00000000f5580000)
  object space 195584K, 7% used [0x00000000e0000000,0x00000000e0e9d448,0x00000000ebf00000)
 Metaspace       used 40372K, capacity 42306K, committed 42624K, reserved 1085440K
  class space    used 5765K, capacity 6179K, committed 6272K, reserved 1048576K
Event: 37.492 GC heap after
Heap after GC invocations=8 (full 2):
 PSYoungGen      total 158208K, used 8400K [0x00000000f5580000, 0x0000000100000000, 0x0000000100000000)
  eden space 141312K, 0% used [0x00000000f5580000,0x00000000f5580000,0x00000000fdf80000)
  from space 16896K, 49% used [0x00000000fef80000,0x00000000ff7b4350,0x0000000100000000)
  to   space 16384K, 0% used [0x00000000fdf80000,0x00000000fdf80000,0x00000000fef80000)
 ParOldGen       total 195584K, used 14965K [0x00000000e0000000, 0x00000000ebf00000, 0x00000000f5580000)
  object space 195584K, 7% used [0x00000000e0000000,0x00000000e0e9d448,0x00000000ebf00000)
 Metaspace       used 40372K, capacity 42306K, committed 42624K, reserved 1085440K
  class space    used 5765K, capacity 6179K, committed 6272K, reserved 1048576K
}

Deoptimization events (10 events):
Event: 33.105 Thread 0x0000000016ad4800 Uncommon trap: reason=bimorphic action=maybe_recompile pc=0x00000000029551c8 method=com.google.common.base.CharMatcher.indexIn(Ljava/lang/CharSequence;I)I @ 31
Event: 33.400 Thread 0x0000000016ad4800 Uncommon trap: reason=unstable_if action=reinterpret pc=0x00000000027ac234 method=java.lang.String.lastIndexOf([CII[CIII)I @ 118
Event: 35.055 Thread 0x0000000016ad4800 Uncommon trap: reason=bimorphic action=maybe_recompile pc=0x0000000002ba99d8 method=java.util.AbstractCollection.addAll(Ljava/util/Collection;)Z @ 29
Event: 36.011 Thread 0x0000000016ad4800 Uncommon trap: reason=unstable_if action=reinterpret pc=0x0000000002b50828 method=java.lang.String.lastIndexOf([CII[CIII)I @ 118
Event: 37.127 Thread 0x0000000016ad4800 Uncommon trap: reason=bimorphic action=maybe_recompile pc=0x000000000294cedc method=java.lang.ClassLoader.getPackage(Ljava/lang/String;)Ljava/lang/Package; @ 47
Event: 37.127 Thread 0x0000000016ad4800 Uncommon trap: reason=bimorphic action=maybe_recompile pc=0x000000000294cedc method=java.lang.ClassLoader.getPackage(Ljava/lang/String;)Ljava/lang/Package; @ 47
Event: 37.127 Thread 0x0000000016ad4800 Uncommon trap: reason=bimorphic action=maybe_recompile pc=0x000000000294cedc method=java.lang.ClassLoader.getPackage(Ljava/lang/String;)Ljava/lang/Package; @ 47
Event: 37.127 Thread 0x0000000016ad4800 Uncommon trap: reason=bimorphic action=maybe_recompile pc=0x000000000294cedc method=java.lang.ClassLoader.getPackage(Ljava/lang/String;)Ljava/lang/Package; @ 47
Event: 38.176 Thread 0x0000000016ad4800 Uncommon trap: reason=unstable_if action=reinterpret pc=0x0000000002eefb54 method=com.google.common.reflect.TypeResolver$TypeVariableKey.equalsTypeVariable(Ljava/lang/reflect/TypeVariable;)Z @ 39
Event: 38.219 Thread 0x0000000016ad4800 Uncommon trap: reason=unstable_if action=reinterpret pc=0x0000000002652948 method=java.lang.AbstractStringBuilder.append(Ljava/lang/String;)Ljava/lang/AbstractStringBuilder; @ 1

Classes redefined (0 events):
No events

Internal exceptions (10 events):
Event: 33.508 Thread 0x0000000016ad4800 Exception <a 'java/lang/NoSuchMethodError': java.lang.Object.lambda$thenComparing$36697e65$1(Ljava/util/Comparator;Ljava/lang/Object;Ljava/lang/Object;)I> (0x00000000f9db3568) thrown at [C:\ade\jenkins\workspace\8-2-build-windows-amd64-cygwin\jdk8u241\331
Event: 34.061 Thread 0x0000000016ad4800 Exception <a 'java/lang/NoSuchMethodError': java.lang.Object.lambda$static$0()Z> (0x00000000faa55408) thrown at [C:\ade\jenkins\workspace\8-2-build-windows-amd64-cygwin\jdk8u241\331\hotspot\src\share\vm\interpreter\linkResolver.cpp, line 620]
Event: 35.056 Thread 0x0000000016ad4800 Exception <a 'java/lang/NoSuchMethodError': java.lang.Object.lambda$static$0(Lorg/gradle/api/internal/tasks/TaskDependencyResolveContext;)V> (0x00000000fb6ea098) thrown at [C:\ade\jenkins\workspace\8-2-build-windows-amd64-cygwin\jdk8u241\331\hotspot\src\s
Event: 36.035 Thread 0x0000000016ad4800 Exception <a 'java/lang/NoSuchMethodError': java.lang.Object.lambda$static$0(Lorg/gradle/api/specs/Spec;Lorg/gradle/api/internal/artifacts/transform/VariantSelector;)Lorg/gradle/api/internal/artifacts/ivyservice/resolveengine/artifact/ResolvedArtifactSet;
Event: 37.308 Thread 0x0000000016ad4800 Exception <a 'java/lang/NoClassDefFoundError': org/jetbrains/kotlin/gradle/plugin/KotlinPluginWrapper> (0x00000000fd30a4c0) thrown at [C:\ade\jenkins\workspace\8-2-build-windows-amd64-cygwin\jdk8u241\331\hotspot\src\share\vm\classfile\systemDictionary.cpp
Event: 37.403 Thread 0x0000000016ad4800 Exception <a 'java/lang/ClassNotFoundException': io/spring/gradle/dependencymanagement/internal/dsl/StandardDependencyManagementExtensionBeanInfo> (0x00000000fd518e78) thrown at [C:\ade\jenkins\workspace\8-2-build-windows-amd64-cygwin\jdk8u241\331\hotspot
Event: 37.404 Thread 0x0000000016ad4800 Exception <a 'java/lang/ClassNotFoundException': io/spring/gradle/dependencymanagement/internal/dsl/StandardDependencyManagementExtensionCustomizer> (0x00000000fd526ae8) thrown at [C:\ade\jenkins\workspace\8-2-build-windows-amd64-cygwin\jdk8u241\331\hotsp
Event: 37.627 Thread 0x0000000016ad4800 Exception <a 'java/lang/ClassNotFoundException': io/spring/gradle/dependencymanagement/internal/dsl/StandardImportsHandlerBeanInfo> (0x00000000f59e1e50) thrown at [C:\ade\jenkins\workspace\8-2-build-windows-amd64-cygwin\jdk8u241\331\hotspot\src\share\vm\c
Event: 37.628 Thread 0x0000000016ad4800 Exception <a 'java/lang/ClassNotFoundException': io/spring/gradle/dependencymanagement/internal/dsl/StandardImportsHandlerCustomizer> (0x00000000f59ef8d8) thrown at [C:\ade\jenkins\workspace\8-2-build-windows-amd64-cygwin\jdk8u241\331\hotspot\src\share\vm
Event: 38.219 Thread 0x0000000016ad4800 Implicit null exception at 0x0000000002652596 to 0x0000000002652931

Events (10 events):
Event: 38.531 loading class org/gradle/process/internal/health/memory/JvmMemoryStatus
Event: 38.531 loading class org/gradle/process/internal/health/memory/JvmMemoryStatus done
Event: 38.533 loading class org/gradle/process/internal/health/memory/DefaultMemoryManager
Event: 38.533 loading class org/gradle/process/internal/health/memory/DefaultMemoryManager done
Event: 38.534 loading class org/gradle/process/internal/health/memory/JvmMemoryStatusListener
Event: 38.534 loading class org/gradle/process/internal/health/memory/JvmMemoryStatusListener done
Event: 38.541 loading class org/gradle/process/internal/health/memory/MBeanAttributeProvider
Event: 38.541 loading class org/gradle/process/internal/health/memory/MBeanAttributeProvider done
Event: 38.543 loading class javax/management/InstanceNotFoundException
Event: 38.543 loading class javax/management/OperationsException


Dynamic libraries:
0x00007ff75af90000 - 0x00007ff75afc7000 	C:\Program Files\Java\jdk1.8.0_241\bin\java.exe
0x00007ffef6410000 - 0x00007ffef6605000 	C:\Windows\SYSTEM32\ntdll.dll
0x00007ffef4460000 - 0x00007ffef451d000 	C:\Windows\System32\KERNEL32.DLL
0x00007ffef3b90000 - 0x00007ffef3e5d000 	C:\Windows\System32\KERNELBASE.dll
0x00007ffef5a90000 - 0x00007ffef5b3e000 	C:\Windows\System32\ADVAPI32.dll
0x00007ffef5830000 - 0x00007ffef58ce000 	C:\Windows\System32\msvcrt.dll
0x00007ffef56f0000 - 0x00007ffef578c000 	C:\Windows\System32\sechost.dll
0x00007ffef62a0000 - 0x00007ffef63c5000 	C:\Windows\System32\RPCRT4.dll
0x00007ffef5fe0000 - 0x00007ffef6180000 	C:\Windows\System32\USER32.dll
0x00007ffef3fa0000 - 0x00007ffef3fc2000 	C:\Windows\System32\win32u.dll
0x00007ffef61f0000 - 0x00007ffef621a000 	C:\Windows\System32\GDI32.dll
0x00007ffef4070000 - 0x00007ffef417b000 	C:\Windows\System32\gdi32full.dll
0x00007ffef3fd0000 - 0x00007ffef406d000 	C:\Windows\System32\msvcp_win.dll
0x00007ffef4180000 - 0x00007ffef4280000 	C:\Windows\System32\ucrtbase.dll
0x00007ffee2db0000 - 0x00007ffee304a000 	C:\Windows\WinSxS\amd64_microsoft.windows.common-controls_6595b64144ccf1df_6.0.19041.1110_none_60b5254171f9507e\COMCTL32.dll
0x00007ffef5610000 - 0x00007ffef5640000 	C:\Windows\System32\IMM32.DLL
0x0000000055730000 - 0x0000000055802000 	C:\Program Files\Java\jdk1.8.0_241\jre\bin\msvcr100.dll
0x0000000054e80000 - 0x000000005572c000 	C:\Program Files\Java\jdk1.8.0_241\jre\bin\server\jvm.dll
0x00007ffef61e0000 - 0x00007ffef61e8000 	C:\Windows\System32\PSAPI.DLL
0x00007ffee2320000 - 0x00007ffee2329000 	C:\Windows\SYSTEM32\WSOCK32.dll
0x00007ffef5790000 - 0x00007ffef57fb000 	C:\Windows\System32\WS2_32.dll
0x00007ffee7090000 - 0x00007ffee70b7000 	C:\Windows\SYSTEM32\WINMM.dll
0x00007ffee8480000 - 0x00007ffee848a000 	C:\Windows\SYSTEM32\VERSION.dll
0x00007ffeeed30000 - 0x00007ffeeed3f000 	C:\Program Files\Java\jdk1.8.0_241\jre\bin\verify.dll
0x00007ffeed9d0000 - 0x00007ffeed9f9000 	C:\Program Files\Java\jdk1.8.0_241\jre\bin\java.dll
0x00007ffeed9b0000 - 0x00007ffeed9c6000 	C:\Program Files\Java\jdk1.8.0_241\jre\bin\zip.dll
0x00007ffef46a0000 - 0x00007ffef4de4000 	C:\Windows\System32\SHELL32.dll
0x00007ffef1850000 - 0x00007ffef1fe4000 	C:\Windows\SYSTEM32\windows.storage.dll
0x00007ffef5ba0000 - 0x00007ffef5ef4000 	C:\Windows\System32\combase.dll
0x00007ffef3580000 - 0x00007ffef35ac000 	C:\Windows\SYSTEM32\Wldp.dll
0x00007ffef45f0000 - 0x00007ffef469d000 	C:\Windows\System32\SHCORE.dll
0x00007ffef5b40000 - 0x00007ffef5b95000 	C:\Windows\System32\shlwapi.dll
0x00007ffef3a60000 - 0x00007ffef3a7f000 	C:\Windows\SYSTEM32\profapi.dll
0x00007ffee5d00000 - 0x00007ffee5d1a000 	C:\Program Files\Java\jdk1.8.0_241\jre\bin\net.dll
0x00007ffef32e0000 - 0x00007ffef334a000 	C:\Windows\system32\mswsock.dll
0x00007ffee5ce0000 - 0x00007ffee5cf2000 	C:\Program Files\Java\jdk1.8.0_241\jre\bin\nio.dll
0x00007ffeeda00000 - 0x00007ffeeda27000 	C:\Users\Administrator\.gradle\native\e1d6ef7f7dcc3fd88c89a11ec53ec762bb8ba0a96d01ffa2cd45eb1d1d8dd5c5\windows-amd64\native-platform.dll
0x00007ffeda770000 - 0x00007ffeda8b4000 	C:\Users\Administrator\.gradle\native\0d407fdbe67a94daf76414ababcb853783967236a71b16ec16e742cd7a986fd3\windows-amd64\native-platform-file-events.dll
0x00007ffee50c0000 - 0x00007ffee50cd000 	C:\Program Files\Java\jdk1.8.0_241\jre\bin\management.dll
0x00007ffef34d0000 - 0x00007ffef34e8000 	C:\Windows\SYSTEM32\CRYPTSP.dll
0x00007ffef2bf0000 - 0x00007ffef2c24000 	C:\Windows\system32\rsaenh.dll
0x00007ffef4280000 - 0x00007ffef42a7000 	C:\Windows\System32\bcrypt.dll
0x00007ffef39e0000 - 0x00007ffef3a0e000 	C:\Windows\SYSTEM32\USERENV.dll
0x00007ffef3e60000 - 0x00007ffef3ee2000 	C:\Windows\System32\bcryptprimitives.dll
0x00007ffef34f0000 - 0x00007ffef34fc000 	C:\Windows\SYSTEM32\CRYPTBASE.dll
0x00007ffef2f80000 - 0x00007ffef2fbb000 	C:\Windows\SYSTEM32\IPHLPAPI.DLL
0x00007ffef5820000 - 0x00007ffef5828000 	C:\Windows\System32\NSI.dll
0x00007ffee74f0000 - 0x00007ffee7507000 	C:\Windows\SYSTEM32\dhcpcsvc6.DLL
0x00007ffee8990000 - 0x00007ffee89ad000 	C:\Windows\SYSTEM32\dhcpcsvc.DLL
0x00007ffef2fd0000 - 0x00007ffef309b000 	C:\Windows\SYSTEM32\DNSAPI.dll

VM Arguments:
jvm_args: -XX:MaxMetaspaceSize=256m -XX:+HeapDumpOnOutOfMemoryError -Xms256m -Xmx512m -Dfile.encoding=windows-1252 -Duser.country=US -Duser.language=en -Duser.variant 
java_command: org.gradle.launcher.daemon.bootstrap.GradleDaemon 7.4.1
java_class_path (initial): C:\Users\Administrator\.gradle\wrapper\dists\gradle-7.4.1-all\htb4l60oox3i12rnwfoqoo8d\gradle-7.4.1\lib\gradle-launcher-7.4.1.jar
Launcher Type: SUN_STANDARD

Environment Variables:
PATH=C:\Program Files (x86)\Common Files\Oracle\Java\javapath;C:\ProgramData\Oracle\Java\javapath;C:\Windows\system32;C:\Windows;C:\Windows\System32\Wbem;C:\Windows\System32\WindowsPowerShell\v1.0\;C:\Windows\System32\OpenSSH\;C:\Program Files (x86)\Microsoft SQL Server\100\Tools\Binn\;C:\Program Files (x86)\Microsoft SQL Server\100\DTS\Binn\;C:\Program Files\Git\cmd;C:\Users\Administrator\AppData\Local\Microsoft\WindowsApps;
USERNAME=Administrator
OS=Windows_NT
PROCESSOR_IDENTIFIER=Intel64 Family 6 Model 61 Stepping 4, GenuineIntel



---------------  S Y S T E M  ---------------

OS: Windows 10.0 , 64 bit Build 19041 (10.0.19041.1706)

CPU:total 4 (initial active 4) (2 cores per cpu, 2 threads per core) family 6 model 61 stepping 4, cmov, cx8, fxsr, mmx, sse, sse2, sse3, ssse3, sse4.1, sse4.2, popcnt, avx, avx2, aes, clmul, erms, 3dnowpref, lzcnt, ht, tsc, tscinvbit, bmi1, bmi2, adx

Memory: 4k page, physical 8277140k(422736k free), swap 10794528k(5316k free)

vm_info: Java HotSpot(TM) 64-Bit Server VM (25.241-b07) for windows-amd64 JRE (1.8.0_241-b07), built on Dec 11 2019 10:21:40 by "rejava" with MS VC++ 10.0 (VS2010)

time: Sun May 29 19:57:42 2022
timezone: SE Asia Standard Time
elapsed time: 38 seconds (0d 0h 0m 38s)

