#
# There is insufficient memory for the Java Runtime Environment to continue.
# Native memory allocation (malloc) failed to allocate 1296496 bytes for Chunk::new
# Possible reasons:
#   The system is out of physical RAM or swap space
#   The process is running with CompressedOops enabled, and the Java Heap may be blocking the growth of the native heap
# Possible solutions:
#   Reduce memory load on the system
#   Increase physical memory or swap space
#   Check if swap backing store is full
#   Decrease Java heap size (-Xmx/-Xms)
#   Decrease number of Java threads
#   Decrease Java thread stack sizes (-Xss)
#   Set larger code cache with -XX:ReservedCodeCacheSize=
#   JVM is running with Unscaled Compressed Oops mode in which the Java heap is
#     placed in the first 4GB address space. The Java Heap base address is the
#     maximum limit for the native heap growth. Please use -XX:HeapBaseMinAddress
#     to set the Java Heap base and to place the Java Heap above 4GB virtual address.
# This output file may be truncated or incomplete.
#
#  Out of Memory Error (allocation.cpp:389), pid=11660, tid=0x0000000000000d64
#
# JRE version: Java(TM) SE Runtime Environment (8.0_241-b07) (build 1.8.0_241-b07)
# Java VM: Java HotSpot(TM) 64-Bit Server VM (25.241-b07 mixed mode windows-amd64 compressed oops)
# Failed to write core dump. Minidumps are not enabled by default on client versions of Windows
#

---------------  T H R E A D  ---------------

Current thread (0x00000000146cb800):  JavaThread "C2 CompilerThread1" daemon [_thread_in_native, id=3428, stack(0x0000000015e20000,0x0000000015f20000)]

Stack: [0x0000000015e20000,0x0000000015f20000]
[error occurred during error reporting (printing stack bounds), id 0xc0000005]

Native frames: (J=compiled Java code, j=interpreted, Vv=VM code, C=native code)


Current CompileTask:
C2:1391412 15783       4       javax.tools.ForwardingJavaFileManager::inferBinaryName (12 bytes)


---------------  P R O C E S S  ---------------

Java Threads: ( => current thread )
  0x000000001d0f4000 JavaThread "Unconstrained build operations Thread 40" [_thread_blocked, id=1284, stack(0x0000000026370000,0x0000000026470000)]
  0x000000001d0fa000 JavaThread "Unconstrained build operations Thread 39" [_thread_blocked, id=3004, stack(0x0000000026270000,0x0000000026370000)]
  0x000000001d0f3000 JavaThread "Unconstrained build operations Thread 38" [_thread_blocked, id=7288, stack(0x0000000026170000,0x0000000026270000)]
  0x000000001d0f7000 JavaThread "Unconstrained build operations Thread 37" [_thread_blocked, id=2552, stack(0x0000000026070000,0x0000000026170000)]
  0x000000001d0f9000 JavaThread "Unconstrained build operations Thread 36" [_thread_blocked, id=10444, stack(0x0000000025f70000,0x0000000026070000)]
  0x000000001d0f1800 JavaThread "Unconstrained build operations Thread 35" [_thread_blocked, id=12236, stack(0x0000000025e70000,0x0000000025f70000)]
  0x000000001d0f8800 JavaThread "Unconstrained build operations Thread 34" [_thread_blocked, id=2724, stack(0x0000000025d70000,0x0000000025e70000)]
  0x0000000017457800 JavaThread "Unconstrained build operations Thread 33" [_thread_blocked, id=9660, stack(0x0000000025c70000,0x0000000025d70000)]
  0x0000000017456800 JavaThread "Unconstrained build operations Thread 32" [_thread_blocked, id=11348, stack(0x0000000025b70000,0x0000000025c70000)]
  0x0000000017456000 JavaThread "Unconstrained build operations Thread 31" [_thread_blocked, id=9640, stack(0x0000000025a70000,0x0000000025b70000)]
  0x0000000017455000 JavaThread "Unconstrained build operations Thread 30" [_thread_blocked, id=7424, stack(0x0000000025970000,0x0000000025a70000)]
  0x0000000017454800 JavaThread "Unconstrained build operations Thread 29" [_thread_blocked, id=3816, stack(0x0000000025870000,0x0000000025970000)]
  0x000000001744c800 JavaThread "Unconstrained build operations Thread 28" [_thread_blocked, id=12912, stack(0x0000000025770000,0x0000000025870000)]
  0x0000000017453800 JavaThread "Unconstrained build operations Thread 27" [_thread_blocked, id=7860, stack(0x0000000025670000,0x0000000025770000)]
  0x0000000017453000 JavaThread "Unconstrained build operations Thread 26" [_thread_blocked, id=6496, stack(0x0000000025570000,0x0000000025670000)]
  0x000000001744b000 JavaThread "Unconstrained build operations Thread 25" [_thread_blocked, id=12956, stack(0x0000000025470000,0x0000000025570000)]
  0x0000000017451800 JavaThread "Unconstrained build operations Thread 24" [_thread_blocked, id=11808, stack(0x00000000241a0000,0x00000000242a0000)]
  0x0000000017450800 JavaThread "Unconstrained build operations Thread 23" [_thread_blocked, id=6040, stack(0x0000000023a30000,0x0000000023b30000)]
  0x0000000017449000 JavaThread "Unconstrained build operations Thread 22" [_thread_blocked, id=12324, stack(0x00000000237a0000,0x00000000238a0000)]
  0x0000000017450000 JavaThread "Unconstrained build operations Thread 21" [_thread_blocked, id=6332, stack(0x0000000023480000,0x0000000023580000)]
  0x0000000017448000 JavaThread "Unconstrained build operations Thread 20" [_thread_blocked, id=9524, stack(0x0000000023380000,0x0000000023480000)]
  0x000000001744a800 JavaThread "Cache worker for execution history cache (D:\codeGYM\C1221G1-tr-n-lu-t\C1221G1_[TranNgocLuat]_Module4\case\furama_resort\.gradle\7.4.1\executionHistory)" [_thread_blocked, id=13088, stack(0x0000000023280000,0x0000000023380000)]
  0x0000000017449800 JavaThread "Execution worker for ':' Thread 3" [_thread_blocked, id=10680, stack(0x0000000023050000,0x0000000023150000)]
  0x000000001744c000 JavaThread "Execution worker for ':' Thread 2" [_thread_blocked, id=8356, stack(0x0000000022f50000,0x0000000023050000)]
  0x000000001744f000 JavaThread "Execution worker for ':'" [_thread_blocked, id=6696, stack(0x0000000021a80000,0x0000000021b80000)]
  0x000000001744e800 JavaThread "included builds" [_thread_in_Java, id=11160, stack(0x0000000020ed0000,0x0000000020fd0000)]
  0x000000001bb9d800 JavaThread "Unconstrained build operations Thread 19" [_thread_blocked, id=2836, stack(0x0000000020dd0000,0x0000000020ed0000)]
  0x000000001bba2000 JavaThread "Unconstrained build operations Thread 18" [_thread_blocked, id=11444, stack(0x0000000020cd0000,0x0000000020dd0000)]
  0x000000001bb9a800 JavaThread "Unconstrained build operations Thread 17" [_thread_blocked, id=11084, stack(0x0000000020bd0000,0x0000000020cd0000)]
  0x000000001bba1800 JavaThread "Unconstrained build operations Thread 16" [_thread_blocked, id=10568, stack(0x0000000020ad0000,0x0000000020bd0000)]
  0x000000001bba0000 JavaThread "Unconstrained build operations Thread 15" [_thread_blocked, id=12708, stack(0x00000000209d0000,0x0000000020ad0000)]
  0x000000001bb9c000 JavaThread "Unconstrained build operations Thread 14" [_thread_blocked, id=11700, stack(0x00000000208d0000,0x00000000209d0000)]
  0x000000001bb9f000 JavaThread "Unconstrained build operations Thread 13" [_thread_blocked, id=8616, stack(0x00000000207d0000,0x00000000208d0000)]
  0x000000001bba0800 JavaThread "Unconstrained build operations Thread 12" [_thread_blocked, id=10400, stack(0x00000000206d0000,0x00000000207d0000)]
  0x000000001bb9e800 JavaThread "Unconstrained build operations Thread 11" [_thread_blocked, id=8496, stack(0x00000000205d0000,0x00000000206d0000)]
  0x000000001bb9d000 JavaThread "Unconstrained build operations Thread 10" [_thread_blocked, id=11520, stack(0x0000000020370000,0x0000000020470000)]
  0x000000001bb9b800 JavaThread "Unconstrained build operations Thread 9" [_thread_blocked, id=3396, stack(0x0000000020270000,0x0000000020370000)]
  0x000000001bb93000 JavaThread "Unconstrained build operations Thread 8" [_thread_blocked, id=13168, stack(0x0000000020170000,0x0000000020270000)]
  0x000000001bb9a000 JavaThread "Unconstrained build operations Thread 7" [_thread_blocked, id=10676, stack(0x0000000020070000,0x0000000020170000)]
  0x000000001bb95800 JavaThread "Unconstrained build operations Thread 6" [_thread_blocked, id=11776, stack(0x000000001ff70000,0x0000000020070000)]
  0x000000001bb98800 JavaThread "Unconstrained build operations Thread 5" [_thread_blocked, id=752, stack(0x000000001fe70000,0x000000001ff70000)]
  0x000000001bb94000 JavaThread "Unconstrained build operations Thread 4" [_thread_blocked, id=12748, stack(0x000000001fd70000,0x000000001fe70000)]
  0x000000001bb96000 JavaThread "Unconstrained build operations Thread 3" [_thread_blocked, id=7156, stack(0x000000001f970000,0x000000001fa70000)]
  0x000000001bb99000 JavaThread "Unconstrained build operations Thread 2" [_thread_blocked, id=7880, stack(0x000000001f1a0000,0x000000001f2a0000)]
  0x000000001bb97800 JavaThread "Unconstrained build operations" [_thread_blocked, id=2828, stack(0x000000001e2a0000,0x000000001e3a0000)]
  0x000000001bb97000 JavaThread "Cache worker for Build Output Cleanup Cache (D:\codeGYM\C1221G1-tr-n-lu-t\C1221G1_[TranNgocLuat]_Module4\case\furama_resort\.gradle\buildOutputCleanup)" [_thread_blocked, id=8348, stack(0x000000001dfa0000,0x000000001e0a0000)]
  0x000000001a620800 JavaThread "Cache worker for dependencies-accessors (D:\codeGYM\C1221G1-tr-n-lu-t\C1221G1_[TranNgocLuat]_Module4\case\furama_resort\.gradle\7.4.1\dependencies-accessors)" [_thread_blocked, id=10692, stack(0x000000001dea0000,0x000000001dfa0000)]
  0x000000001a61f000 JavaThread "Cache worker for cache directory md-supplier (C:\Users\Administrator\.gradle\caches\7.4.1\md-supplier)" [_thread_blocked, id=11996, stack(0x000000001dda0000,0x000000001dea0000)]
  0x000000001a61e000 JavaThread "Cache worker for file hash cache (D:\codeGYM\C1221G1-tr-n-lu-t\C1221G1_[TranNgocLuat]_Module4\case\furama_resort\.gradle\7.4.1\fileHashes)" [_thread_blocked, id=1948, stack(0x0000000019f40000,0x000000001a040000)]
  0x000000001a61c800 JavaThread "Cache worker for cache directory md-rule (C:\Users\Administrator\.gradle\caches\7.4.1\md-rule)" [_thread_blocked, id=8456, stack(0x0000000019e40000,0x0000000019f40000)]
  0x000000001a61d800 JavaThread "Cache worker for checksums cache (D:\codeGYM\C1221G1-tr-n-lu-t\C1221G1_[TranNgocLuat]_Module4\case\furama_resort\.gradle\7.4.1\checksums)" [_thread_blocked, id=10792, stack(0x0000000019d40000,0x0000000019e40000)]
  0x000000001a61f800 JavaThread "Daemon client event forwarder" [_thread_blocked, id=10768, stack(0x0000000019c40000,0x0000000019d40000)]
  0x000000001a615000 JavaThread "Stdin handler" [_thread_blocked, id=8268, stack(0x0000000019b40000,0x0000000019c40000)]
  0x000000001a61c000 JavaThread "Asynchronous log dispatcher for DefaultDaemonConnection: socket connection from /127.0.0.1:64837 to /127.0.0.1:65340" [_thread_blocked, id=5016, stack(0x0000000019a40000,0x0000000019b40000)]
  0x000000001a613800 JavaThread "Daemon worker Thread 10" [_thread_blocked, id=2844, stack(0x0000000019940000,0x0000000019a40000)]
  0x000000001a619800 JavaThread "Cancel handler" [_thread_blocked, id=13284, stack(0x0000000001780000,0x0000000001880000)]
  0x000000001a613000 JavaThread "Handler for socket connection from /127.0.0.1:64837 to /127.0.0.1:65340" [_thread_in_native, id=12144, stack(0x0000000001680000,0x0000000001780000)]
  0x000000001a619000 JavaThread "Daemon Thread 10" [_thread_blocked, id=7548, stack(0x0000000001580000,0x0000000001680000)]
  0x000000001d100800 JavaThread "Cache worker for Java compile cache (C:\Users\Administrator\.gradle\caches\7.4.1\javaCompile)" [_thread_blocked, id=3036, stack(0x0000000023930000,0x0000000023a30000)]
  0x000000001744d800 JavaThread "Memory manager" [_thread_blocked, id=5344, stack(0x000000001fa70000,0x000000001fb70000)]
  0x000000001a618000 JavaThread "jar transforms Thread 4" [_thread_blocked, id=11044, stack(0x000000001f0a0000,0x000000001f1a0000)]
  0x000000001a616800 JavaThread "jar transforms Thread 3" [_thread_blocked, id=8652, stack(0x000000001efa0000,0x000000001f0a0000)]
  0x000000001a616000 JavaThread "Cache worker for file content cache (C:\Users\Administrator\.gradle\caches\7.4.1\fileContent)" [_thread_blocked, id=9004, stack(0x000000001eca0000,0x000000001eda0000)]
  0x000000001a614800 JavaThread "jar transforms Thread 2" [_thread_blocked, id=12364, stack(0x000000001e7a0000,0x000000001e8a0000)]
  0x000000001a617800 JavaThread "jar transforms" [_thread_blocked, id=9992, stack(0x000000001e6a0000,0x000000001e7a0000)]
  0x00000000167a6800 JavaThread "Cache worker for execution history cache (C:\Users\Administrator\.gradle\caches\7.4.1\executionHistory)" [_thread_blocked, id=1428, stack(0x000000001e3a0000,0x000000001e4a0000)]
  0x00000000167a5000 JavaThread "File watcher consumer" daemon [_thread_blocked, id=3180, stack(0x000000001c820000,0x000000001c920000)]
  0x00000000167aa800 JavaThread "File watcher server" daemon [_thread_in_native, id=2384, stack(0x000000001c720000,0x000000001c820000)]
  0x00000000167a8000 JavaThread "Cache worker for file hash cache (C:\Users\Administrator\.gradle\caches\7.4.1\fileHashes)" [_thread_blocked, id=5056, stack(0x000000001a340000,0x000000001a440000)]
  0x00000000167ac000 JavaThread "File lock request listener" [_thread_in_native, id=4240, stack(0x000000001a480000,0x000000001a580000)]
  0x00000000167a7800 JavaThread "Cache worker for journal cache (C:\Users\Administrator\.gradle\caches\journal-1)" [_thread_blocked, id=12820, stack(0x000000001a240000,0x000000001a340000)]
  0x00000000180a6800 JavaThread "Daemon periodic checks" [_thread_blocked, id=7568, stack(0x0000000019640000,0x0000000019740000)]
  0x00000000180a4800 JavaThread "Incoming local TCP Connector on port 64837" [_thread_in_native, id=4588, stack(0x0000000019400000,0x0000000019500000)]
  0x0000000017ded800 JavaThread "Daemon health stats" [_thread_blocked, id=7020, stack(0x0000000018fc0000,0x00000000190c0000)]
  0x000000001471d800 JavaThread "Service Thread" daemon [_thread_blocked, id=5404, stack(0x0000000016420000,0x0000000016520000)]
  0x00000000146d3000 JavaThread "C1 CompilerThread2" daemon [_thread_blocked, id=13068, stack(0x0000000015f20000,0x0000000016020000)]
=>0x00000000146cb800 JavaThread "C2 CompilerThread1" daemon [_thread_in_native, id=3428, stack(0x0000000015e20000,0x0000000015f20000)]
  0x00000000146c5800 JavaThread "C2 CompilerThread0" daemon [_thread_in_native, id=8872, stack(0x0000000015d20000,0x0000000015e20000)]
  0x00000000146c3800 JavaThread "Attach Listener" daemon [_thread_blocked, id=11908, stack(0x0000000015c20000,0x0000000015d20000)]
  0x00000000146c2800 JavaThread "Signal Dispatcher" daemon [_thread_blocked, id=4904, stack(0x0000000015b20000,0x0000000015c20000)]
  0x000000000329c000 JavaThread "Finalizer" daemon [_thread_blocked, id=9508, stack(0x0000000015920000,0x0000000015a20000)]
  0x0000000003293000 JavaThread "Reference Handler" daemon [_thread_blocked, id=8888, stack(0x0000000015820000,0x0000000015920000)]
  0x000000000142d800 JavaThread "main" [_thread_blocked, id=12120, stack(0x0000000001880000,0x0000000001980000)]

Other Threads:
  0x0000000014688000 VMThread [stack: 0x0000000015720000,0x0000000015820000] [id=8816]
  0x000000001471e800 WatcherThread [stack: 0x0000000016520000,0x0000000016620000] [id=6692]

VM state:not at safepoint (normal execution)

VM Mutex/Monitor currently owned by a thread: None

heap address: 0x00000000e0000000, size: 512 MB, Compressed Oops mode: 32-bit
Narrow klass base: 0x0000000000000000, Narrow klass shift: 3
Compressed class space size: 1073741824 Address: 0x0000000100000000

Heap:
 PSYoungGen      total 129536K, used 50329K [0x00000000f5580000, 0x0000000100000000, 0x0000000100000000)
  eden space 97792K, 19% used [0x00000000f5580000,0x00000000f6803108,0x00000000fb500000)
  from space 31744K, 98% used [0x00000000fb500000,0x00000000fd3a33b8,0x00000000fd400000)
  to   space 40448K, 0% used [0x00000000fd880000,0x00000000fd880000,0x0000000100000000)
 ParOldGen       total 257536K, used 97871K [0x00000000e0000000, 0x00000000efb80000, 0x00000000f5580000)
  object space 257536K, 38% used [0x00000000e0000000,0x00000000e5f93ec8,0x00000000efb80000)
 Metaspace       used 69464K, capacity 76142K, committed 76288K, reserved 1116160K
  class space    used 9369K, capacity 10483K, committed 10496K, reserved 1048576K

Card table byte_map: [0x0000000012660000,0x0000000012770000] byte_map_base: 0x0000000011f60000

Marking Bits: (ParMarkBitMap*) 0x0000000059acbe30
 Begin Bits: [0x0000000012c20000, 0x0000000013420000)
 End Bits:   [0x0000000013420000, 0x0000000013c20000)

Polling page: 0x00000000013f0000

CodeCache: size=245760Kb used=47232Kb max_used=47232Kb free=198528Kb
 bounds [0x00000000032a0000, 0x0000000006110000, 0x00000000122a0000]
 total_blobs=13928 nmethods=13135 adapters=703
 compilation: enabled

Compilation events (10 events):
Event: 1391.345 Thread 0x00000000146d3000 16129   !   2       com.sun.tools.javac.comp.Check::checkNonCyclicInternal (302 bytes)
Event: 1391.346 Thread 0x00000000146d3000 nmethod 16129 0x0000000006103150 code [0x0000000006103320, 0x0000000006103948]
Event: 1391.353 Thread 0x00000000146d3000 16130  s    1       java.io.ByteArrayInputStream::available (10 bytes)
Event: 1391.353 Thread 0x00000000146d3000 nmethod 16130 0x0000000006103ed0 code [0x0000000006104020, 0x0000000006104290]
Event: 1391.353 Thread 0x00000000146d3000 16131       1       java.io.ByteArrayInputStream::close (1 bytes)
Event: 1391.353 Thread 0x00000000146d3000 nmethod 16131 0x0000000006104310 code [0x0000000006104460, 0x0000000006104570]
Event: 1391.359 Thread 0x00000000146d3000 16132       2       com.sun.tools.javac.jvm.ClassReader$5::read (13 bytes)
Event: 1391.359 Thread 0x00000000146d3000 nmethod 16132 0x00000000061045d0 code [0x0000000006104720, 0x0000000006104890]
Event: 1391.365 Thread 0x00000000146d3000 16133       2       com.sun.tools.javac.jvm.ClassReader$7::read (14 bytes)
Event: 1391.366 Thread 0x00000000146d3000 nmethod 16133 0x0000000006104950 code [0x0000000006104ac0, 0x0000000006104c68]

GC Heap History (10 events):
Event: 1280.667 GC heap before
{Heap before GC invocations=44 (full 3):
 PSYoungGen      total 135168K, used 112347K [0x00000000f5580000, 0x00000000fff80000, 0x0000000100000000)
  eden space 97280K, 100% used [0x00000000f5580000,0x00000000fb480000,0x00000000fb480000)
  from space 37888K, 39% used [0x00000000fd980000,0x00000000fe836c98,0x00000000ffe80000)
  to   space 37888K, 0% used [0x00000000fb480000,0x00000000fb480000,0x00000000fd980000)
 ParOldGen       total 257536K, used 88604K [0x00000000e0000000, 0x00000000efb80000, 0x00000000f5580000)
  object space 257536K, 34% used [0x00000000e0000000,0x00000000e5687330,0x00000000efb80000)
 Metaspace       used 67797K, capacity 74240K, committed 74368K, reserved 1114112K
  class space    used 9197K, capacity 10259K, committed 10368K, reserved 1048576K
Event: 1280.709 GC heap after
Heap after GC invocations=44 (full 3):
 PSYoungGen      total 135168K, used 18989K [0x00000000f5580000, 0x00000000fff00000, 0x0000000100000000)
  eden space 97280K, 0% used [0x00000000f5580000,0x00000000f5580000,0x00000000fb480000)
  from space 37888K, 50% used [0x00000000fb480000,0x00000000fc70b6e8,0x00000000fd980000)
  to   space 37376K, 0% used [0x00000000fda80000,0x00000000fda80000,0x00000000fff00000)
 ParOldGen       total 257536K, used 88628K [0x00000000e0000000, 0x00000000efb80000, 0x00000000f5580000)
  object space 257536K, 34% used [0x00000000e0000000,0x00000000e568d330,0x00000000efb80000)
 Metaspace       used 67797K, capacity 74240K, committed 74368K, reserved 1114112K
  class space    used 9197K, capacity 10259K, committed 10368K, reserved 1048576K
}
Event: 1386.671 GC heap before
{Heap before GC invocations=45 (full 3):
 PSYoungGen      total 135168K, used 116269K [0x00000000f5580000, 0x00000000fff00000, 0x0000000100000000)
  eden space 97280K, 100% used [0x00000000f5580000,0x00000000fb480000,0x00000000fb480000)
  from space 37888K, 50% used [0x00000000fb480000,0x00000000fc70b6e8,0x00000000fd980000)
  to   space 37376K, 0% used [0x00000000fda80000,0x00000000fda80000,0x00000000fff00000)
 ParOldGen       total 257536K, used 88628K [0x00000000e0000000, 0x00000000efb80000, 0x00000000f5580000)
  object space 257536K, 34% used [0x00000000e0000000,0x00000000e568d330,0x00000000efb80000)
 Metaspace       used 68031K, capacity 74594K, committed 74880K, reserved 1114112K
  class space    used 9215K, capacity 10308K, committed 10368K, reserved 1048576K
Event: 1386.697 GC heap after
Heap after GC invocations=45 (full 3):
 PSYoungGen      total 136192K, used 11548K [0x00000000f5580000, 0x00000000fff80000, 0x0000000100000000)
  eden space 98816K, 0% used [0x00000000f5580000,0x00000000f5580000,0x00000000fb600000)
  from space 37376K, 30% used [0x00000000fda80000,0x00000000fe5c71d0,0x00000000fff00000)
  to   space 37376K, 0% used [0x00000000fb600000,0x00000000fb600000,0x00000000fda80000)
 ParOldGen       total 257536K, used 92955K [0x00000000e0000000, 0x00000000efb80000, 0x00000000f5580000)
  object space 257536K, 36% used [0x00000000e0000000,0x00000000e5ac6ea8,0x00000000efb80000)
 Metaspace       used 68031K, capacity 74594K, committed 74880K, reserved 1114112K
  class space    used 9215K, capacity 10308K, committed 10368K, reserved 1048576K
}
Event: 1387.528 GC heap before
{Heap before GC invocations=46 (full 3):
 PSYoungGen      total 136192K, used 110364K [0x00000000f5580000, 0x00000000fff80000, 0x0000000100000000)
  eden space 98816K, 100% used [0x00000000f5580000,0x00000000fb600000,0x00000000fb600000)
  from space 37376K, 30% used [0x00000000fda80000,0x00000000fe5c71d0,0x00000000fff00000)
  to   space 37376K, 0% used [0x00000000fb600000,0x00000000fb600000,0x00000000fda80000)
 ParOldGen       total 257536K, used 92955K [0x00000000e0000000, 0x00000000efb80000, 0x00000000f5580000)
  object space 257536K, 36% used [0x00000000e0000000,0x00000000e5ac6ea8,0x00000000efb80000)
 Metaspace       used 68035K, capacity 74594K, committed 74880K, reserved 1114112K
  class space    used 9216K, capacity 10308K, committed 10368K, reserved 1048576K
Event: 1387.560 GC heap after
Heap after GC invocations=46 (full 3):
 PSYoungGen      total 136192K, used 10326K [0x00000000f5580000, 0x0000000100000000, 0x0000000100000000)
  eden space 98816K, 0% used [0x00000000f5580000,0x00000000f5580000,0x00000000fb600000)
  from space 37376K, 27% used [0x00000000fb600000,0x00000000fc015b28,0x00000000fda80000)
  to   space 37888K, 0% used [0x00000000fdb00000,0x00000000fdb00000,0x0000000100000000)
 ParOldGen       total 257536K, used 97515K [0x00000000e0000000, 0x00000000efb80000, 0x00000000f5580000)
  object space 257536K, 37% used [0x00000000e0000000,0x00000000e5f3aeb8,0x00000000efb80000)
 Metaspace       used 68035K, capacity 74594K, committed 74880K, reserved 1114112K
  class space    used 9216K, capacity 10308K, committed 10368K, reserved 1048576K
}
Event: 1389.933 GC heap before
{Heap before GC invocations=47 (full 3):
 PSYoungGen      total 136192K, used 109142K [0x00000000f5580000, 0x0000000100000000, 0x0000000100000000)
  eden space 98816K, 100% used [0x00000000f5580000,0x00000000fb600000,0x00000000fb600000)
  from space 37376K, 27% used [0x00000000fb600000,0x00000000fc015b28,0x00000000fda80000)
  to   space 37888K, 0% used [0x00000000fdb00000,0x00000000fdb00000,0x0000000100000000)
 ParOldGen       total 257536K, used 97515K [0x00000000e0000000, 0x00000000efb80000, 0x00000000f5580000)
  object space 257536K, 37% used [0x00000000e0000000,0x00000000e5f3aeb8,0x00000000efb80000)
 Metaspace       used 68263K, capacity 74888K, committed 75136K, reserved 1114112K
  class space    used 9232K, capacity 10322K, committed 10368K, reserved 1048576K
Event: 1389.972 GC heap after
Heap after GC invocations=47 (full 3):
 PSYoungGen      total 135680K, used 26488K [0x00000000f5580000, 0x0000000100000000, 0x0000000100000000)
  eden space 97792K, 0% used [0x00000000f5580000,0x00000000f5580000,0x00000000fb500000)
  from space 37888K, 69% used [0x00000000fdb00000,0x00000000ff4de228,0x0000000100000000)
  to   space 38400K, 0% used [0x00000000fb500000,0x00000000fb500000,0x00000000fda80000)
 ParOldGen       total 257536K, used 97531K [0x00000000e0000000, 0x00000000efb80000, 0x00000000f5580000)
  object space 257536K, 37% used [0x00000000e0000000,0x00000000e5f3eeb8,0x00000000efb80000)
 Metaspace       used 68263K, capacity 74888K, committed 75136K, reserved 1114112K
  class space    used 9232K, capacity 10322K, committed 10368K, reserved 1048576K
}
Event: 1391.225 GC heap before
{Heap before GC invocations=48 (full 3):
 PSYoungGen      total 135680K, used 124280K [0x00000000f5580000, 0x0000000100000000, 0x0000000100000000)
  eden space 97792K, 100% used [0x00000000f5580000,0x00000000fb500000,0x00000000fb500000)
  from space 37888K, 69% used [0x00000000fdb00000,0x00000000ff4de228,0x0000000100000000)
  to   space 38400K, 0% used [0x00000000fb500000,0x00000000fb500000,0x00000000fda80000)
 ParOldGen       total 257536K, used 97531K [0x00000000e0000000, 0x00000000efb80000, 0x00000000f5580000)
  object space 257536K, 37% used [0x00000000e0000000,0x00000000e5f3eeb8,0x00000000efb80000)
 Metaspace       used 69458K, capacity 76142K, committed 76288K, reserved 1116160K
  class space    used 9369K, capacity 10483K, committed 10496K, reserved 1048576K
Event: 1391.289 GC heap after
Heap after GC invocations=48 (full 3):
 PSYoungGen      total 129536K, used 31372K [0x00000000f5580000, 0x0000000100000000, 0x0000000100000000)
  eden space 97792K, 0% used [0x00000000f5580000,0x00000000f5580000,0x00000000fb500000)
  from space 31744K, 98% used [0x00000000fb500000,0x00000000fd3a33b8,0x00000000fd400000)
  to   space 40448K, 0% used [0x00000000fd880000,0x00000000fd880000,0x0000000100000000)
 ParOldGen       total 257536K, used 97871K [0x00000000e0000000, 0x00000000efb80000, 0x00000000f5580000)
  object space 257536K, 38% used [0x00000000e0000000,0x00000000e5f93ec8,0x00000000efb80000)
 Metaspace       used 69458K, capacity 76142K, committed 76288K, reserved 1116160K
  class space    used 9369K, capacity 10483K, committed 10496K, reserved 1048576K
}

Deoptimization events (10 events):
Event: 1389.583 Thread 0x000000001744e800 Uncommon trap: reason=class_check action=maybe_recompile pc=0x0000000004a54b64 method=java.lang.AbstractStringBuilder.append(Ljava/lang/CharSequence;)Ljava/lang/AbstractStringBuilder; @ 26
Event: 1389.583 Thread 0x000000001744e800 Uncommon trap: reason=class_check action=maybe_recompile pc=0x000000000462562c method=java.lang.AbstractStringBuilder.append(Ljava/lang/CharSequence;II)Ljava/lang/AbstractStringBuilder; @ 18
Event: 1389.583 Thread 0x000000001744e800 Uncommon trap: reason=class_check action=maybe_recompile pc=0x0000000004a54b64 method=java.lang.AbstractStringBuilder.append(Ljava/lang/CharSequence;)Ljava/lang/AbstractStringBuilder; @ 26
Event: 1389.583 Thread 0x000000001744e800 Uncommon trap: reason=class_check action=maybe_recompile pc=0x000000000462562c method=java.lang.AbstractStringBuilder.append(Ljava/lang/CharSequence;II)Ljava/lang/AbstractStringBuilder; @ 18
Event: 1389.583 Thread 0x000000001744e800 Uncommon trap: reason=class_check action=maybe_recompile pc=0x000000000347edd8 method=java.lang.AbstractStringBuilder.append(Ljava/lang/CharSequence;)Ljava/lang/AbstractStringBuilder; @ 26
Event: 1389.583 Thread 0x000000001744e800 Uncommon trap: reason=class_check action=maybe_recompile pc=0x00000000039ddab0 method=java.lang.AbstractStringBuilder.append(Ljava/lang/CharSequence;II)Ljava/lang/AbstractStringBuilder; @ 18
Event: 1391.189 Thread 0x000000001744e800 Uncommon trap: reason=bimorphic action=maybe_recompile pc=0x00000000060acf04 method=lombok.javac.JavacNode.traverse(Llombok/javac/JavacASTVisitor;)V @ 73
Event: 1391.189 Thread 0x000000001744e800 Uncommon trap: reason=bimorphic action=maybe_recompile pc=0x00000000060acef8 method=lombok.javac.JavacNode.traverse(Llombok/javac/JavacASTVisitor;)V @ 113
Event: 1391.189 Thread 0x000000001744e800 Uncommon trap: reason=bimorphic action=maybe_recompile pc=0x00000000060abfec method=lombok.javac.JavacNode.traverse(Llombok/javac/JavacASTVisitor;)V @ 490
Event: 1391.189 Thread 0x000000001744e800 Uncommon trap: reason=bimorphic action=maybe_recompile pc=0x00000000060abfec method=lombok.javac.JavacNode.traverse(Llombok/javac/JavacASTVisitor;)V @ 490

Classes redefined (0 events):
No events

Internal exceptions (10 events):
Event: 1259.527 Thread 0x000000001d0f6000 Exception <a 'java/lang/NoSuchMethodError': <clinit>> (0x00000000fa5aab20) thrown at [C:\ade\jenkins\workspace\8-2-build-windows-amd64-cygwin\jdk8u241\331\hotspot\src\share\vm\prims\jni.cpp, line 1614]
Event: 1259.528 Thread 0x000000001d0f6000 Exception <a 'java/lang/NoSuchMethodError': <clinit>> (0x00000000fa5ad048) thrown at [C:\ade\jenkins\workspace\8-2-build-windows-amd64-cygwin\jdk8u241\331\hotspot\src\share\vm\prims\jni.cpp, line 1614]
Event: 1259.529 Thread 0x000000001d0f6000 Exception <a 'java/lang/NoSuchMethodError': <clinit>> (0x00000000fa5bd460) thrown at [C:\ade\jenkins\workspace\8-2-build-windows-amd64-cygwin\jdk8u241\331\hotspot\src\share\vm\prims\jni.cpp, line 1614]
Event: 1259.530 Thread 0x000000001d0f6000 Exception <a 'java/lang/NoSuchMethodError': <clinit>> (0x00000000fa5c8b10) thrown at [C:\ade\jenkins\workspace\8-2-build-windows-amd64-cygwin\jdk8u241\331\hotspot\src\share\vm\prims\jni.cpp, line 1614]
Event: 1259.538 Thread 0x000000001d0f6000 Exception <a 'java/lang/NoSuchMethodError': <clinit>> (0x00000000fa5e7358) thrown at [C:\ade\jenkins\workspace\8-2-build-windows-amd64-cygwin\jdk8u241\331\hotspot\src\share\vm\prims\jni.cpp, line 1614]
Event: 1279.405 Thread 0x000000001d0f4800 Exception <a 'java/lang/NoClassDefFoundError': org/jetbrains/kotlin/gradle/plugin/KotlinPluginWrapper> (0x00000000fab39d58) thrown at [C:\ade\jenkins\workspace\8-2-build-windows-amd64-cygwin\jdk8u241\331\hotspot\src\share\vm\oops\constantPool.cpp, line 24
Event: 1282.661 Thread 0x000000001bb9b800 Exception <a 'java/lang/reflect/InvocationTargetException'> (0x00000000f97dbc28) thrown at [C:\ade\jenkins\workspace\8-2-build-windows-amd64-cygwin\jdk8u241\331\hotspot\src\share\vm\runtime\reflection.cpp, line 1092]
Event: 1386.375 Thread 0x000000001a613800 Exception <a 'java/lang/NoClassDefFoundError': org/jetbrains/kotlin/gradle/plugin/KotlinPluginWrapper> (0x00000000fa14c388) thrown at [C:\ade\jenkins\workspace\8-2-build-windows-amd64-cygwin\jdk8u241\331\hotspot\src\share\vm\oops\constantPool.cpp, line 24
Event: 1389.124 Thread 0x000000001744e800 Exception <a 'java/io/FileNotFoundException'> (0x00000000f8fbb340) thrown at [C:\ade\jenkins\workspace\8-2-build-windows-amd64-cygwin\jdk8u241\331\hotspot\src\share\vm\prims\jni.cpp, line 710]
Event: 1389.127 Thread 0x000000001744e800 Exception <a 'java/io/FileNotFoundException'> (0x00000000f8fed680) thrown at [C:\ade\jenkins\workspace\8-2-build-windows-amd64-cygwin\jdk8u241\331\hotspot\src\share\vm\prims\jni.cpp, line 710]

Events (10 events):
Event: 1391.189 Thread 0x000000001744e800 DEOPT PACKING pc=0x00000000060abfec sp=0x0000000020fc87b0
Event: 1391.189 Thread 0x000000001744e800 DEOPT UNPACKING pc=0x00000000032e583b sp=0x0000000020fc8738 mode 2
Event: 1391.216 Thread 0x000000001744e800 DEOPT PACKING pc=0x0000000005d72384 sp=0x0000000020fc8890
Event: 1391.216 Thread 0x000000001744e800 DEOPT UNPACKING pc=0x00000000032e7890 sp=0x0000000020fc8618 mode 0
Event: 1391.224 Thread 0x000000001744e800 DEOPT PACKING pc=0x0000000005d72384 sp=0x0000000020fc8890
Event: 1391.224 Thread 0x000000001744e800 DEOPT UNPACKING pc=0x00000000032e7890 sp=0x0000000020fc8618 mode 0
Event: 1391.225 Executing VM operation: ParallelGCFailedAllocation
Event: 1391.290 Executing VM operation: ParallelGCFailedAllocation done
Event: 1391.309 Thread 0x000000001744e800 DEOPT PACKING pc=0x0000000005d72384 sp=0x0000000020fc8890
Event: 1391.309 Thread 0x000000001744e800 DEOPT UNPACKING pc=0x00000000032e7890 sp=0x0000000020fc8618 mode 0


Dynamic libraries:
0x00007ff63e540000 - 0x00007ff63e577000 	C:\Program Files\Java\jdk1.8.0_241\bin\java.exe
0x00007ffc10e90000 - 0x00007ffc11085000 	C:\Windows\SYSTEM32\ntdll.dll
0x00007ffc0f6a0000 - 0x00007ffc0f75d000 	C:\Windows\System32\KERNEL32.DLL
0x00007ffc0e5a0000 - 0x00007ffc0e86d000 	C:\Windows\System32\KERNELBASE.dll
0x00007ffc106c0000 - 0x00007ffc1076e000 	C:\Windows\System32\ADVAPI32.dll
0x00007ffc0f330000 - 0x00007ffc0f3ce000 	C:\Windows\System32\msvcrt.dll
0x00007ffc10620000 - 0x00007ffc106bc000 	C:\Windows\System32\sechost.dll
0x00007ffc0f480000 - 0x00007ffc0f5a5000 	C:\Windows\System32\RPCRT4.dll
0x00007ffc0f760000 - 0x00007ffc0f900000 	C:\Windows\System32\USER32.dll
0x00007ffc0eb10000 - 0x00007ffc0eb32000 	C:\Windows\System32\win32u.dll
0x00007ffc0fa10000 - 0x00007ffc0fa3a000 	C:\Windows\System32\GDI32.dll
0x00007ffc0eb70000 - 0x00007ffc0ec7b000 	C:\Windows\System32\gdi32full.dll
0x00007ffc0e9e0000 - 0x00007ffc0ea7d000 	C:\Windows\System32\msvcp_win.dll
0x00007ffc0e8e0000 - 0x00007ffc0e9e0000 	C:\Windows\System32\ucrtbase.dll
0x00007ffbfe010000 - 0x00007ffbfe2aa000 	C:\Windows\WinSxS\amd64_microsoft.windows.common-controls_6595b64144ccf1df_6.0.19041.1110_none_60b5254171f9507e\COMCTL32.dll
0x00007ffc0f3d0000 - 0x00007ffc0f400000 	C:\Windows\System32\IMM32.DLL
0x0000000059b50000 - 0x0000000059c22000 	C:\Program Files\Java\jdk1.8.0_241\jre\bin\msvcr100.dll
0x00000000592a0000 - 0x0000000059b4c000 	C:\Program Files\Java\jdk1.8.0_241\jre\bin\server\jvm.dll
0x00007ffc0fa40000 - 0x00007ffc0fa48000 	C:\Windows\System32\PSAPI.DLL
0x00007ffc04c70000 - 0x00007ffc04c7a000 	C:\Windows\SYSTEM32\VERSION.dll
0x00007ffbfbfa0000 - 0x00007ffbfbfa9000 	C:\Windows\SYSTEM32\WSOCK32.dll
0x00007ffc00650000 - 0x00007ffc00677000 	C:\Windows\SYSTEM32\WINMM.dll
0x00007ffc10de0000 - 0x00007ffc10e4b000 	C:\Windows\System32\WS2_32.dll
0x00007ffc06ff0000 - 0x00007ffc06fff000 	C:\Program Files\Java\jdk1.8.0_241\jre\bin\verify.dll
0x00007ffc03f20000 - 0x00007ffc03f49000 	C:\Program Files\Java\jdk1.8.0_241\jre\bin\java.dll
0x00007ffc02520000 - 0x00007ffc02536000 	C:\Program Files\Java\jdk1.8.0_241\jre\bin\zip.dll
0x00007ffc0fa50000 - 0x00007ffc10194000 	C:\Windows\System32\SHELL32.dll
0x00007ffc0c2d0000 - 0x00007ffc0ca64000 	C:\Windows\SYSTEM32\windows.storage.dll
0x00007ffc10770000 - 0x00007ffc10ac4000 	C:\Windows\System32\combase.dll
0x00007ffc0e000000 - 0x00007ffc0e02c000 	C:\Windows\SYSTEM32\Wldp.dll
0x00007ffc0f210000 - 0x00007ffc0f2bd000 	C:\Windows\System32\SHCORE.dll
0x00007ffc0f5b0000 - 0x00007ffc0f605000 	C:\Windows\System32\shlwapi.dll
0x00007ffc0e4e0000 - 0x00007ffc0e4ff000 	C:\Windows\SYSTEM32\profapi.dll
0x00007ffc00690000 - 0x00007ffc006aa000 	C:\Program Files\Java\jdk1.8.0_241\jre\bin\net.dll
0x00007ffc0dd60000 - 0x00007ffc0ddca000 	C:\Windows\system32\mswsock.dll
0x00007ffbff980000 - 0x00007ffbff992000 	C:\Program Files\Java\jdk1.8.0_241\jre\bin\nio.dll
0x00007ffc03f50000 - 0x00007ffc03f77000 	C:\Users\Administrator\.gradle\native\e1d6ef7f7dcc3fd88c89a11ec53ec762bb8ba0a96d01ffa2cd45eb1d1d8dd5c5\windows-amd64\native-platform.dll
0x00007ffbf2170000 - 0x00007ffbf22b4000 	C:\Users\Administrator\.gradle\native\0d407fdbe67a94daf76414ababcb853783967236a71b16ec16e742cd7a986fd3\windows-amd64\native-platform-file-events.dll
0x00007ffc04ec0000 - 0x00007ffc04ecd000 	C:\Program Files\Java\jdk1.8.0_241\jre\bin\management.dll
0x00007ffc0df60000 - 0x00007ffc0df78000 	C:\Windows\SYSTEM32\CRYPTSP.dll
0x00007ffc0d670000 - 0x00007ffc0d6a4000 	C:\Windows\system32\rsaenh.dll
0x00007ffc0eb40000 - 0x00007ffc0eb67000 	C:\Windows\System32\bcrypt.dll
0x00007ffc0e4a0000 - 0x00007ffc0e4ce000 	C:\Windows\SYSTEM32\USERENV.dll
0x00007ffc0ea80000 - 0x00007ffc0eb02000 	C:\Windows\System32\bcryptprimitives.dll
0x00007ffc0df50000 - 0x00007ffc0df5c000 	C:\Windows\SYSTEM32\CRYPTBASE.dll
0x00007ffc0da00000 - 0x00007ffc0da3b000 	C:\Windows\SYSTEM32\IPHLPAPI.DLL
0x00007ffc0f320000 - 0x00007ffc0f328000 	C:\Windows\System32\NSI.dll
0x00007ffc04da0000 - 0x00007ffc04db7000 	C:\Windows\SYSTEM32\dhcpcsvc6.DLL
0x00007ffc06210000 - 0x00007ffc0622d000 	C:\Windows\SYSTEM32\dhcpcsvc.DLL
0x00007ffc0da40000 - 0x00007ffc0db0b000 	C:\Windows\SYSTEM32\DNSAPI.dll

VM Arguments:
jvm_args: -XX:MaxMetaspaceSize=256m -XX:+HeapDumpOnOutOfMemoryError -Xms256m -Xmx512m -Dfile.encoding=windows-1252 -Duser.country=US -Duser.language=en -Duser.variant 
java_command: org.gradle.launcher.daemon.bootstrap.GradleDaemon 7.4.1
java_class_path (initial): C:\Users\Administrator\.gradle\wrapper\dists\gradle-7.4.1-all\htb4l60oox3i12rnwfoqoo8d\gradle-7.4.1\lib\gradle-launcher-7.4.1.jar
Launcher Type: SUN_STANDARD

Environment Variables:
PATH=C:\Program Files (x86)\Common Files\Oracle\Java\javapath;C:\ProgramData\Oracle\Java\javapath;C:\Windows\system32;C:\Windows;C:\Windows\System32\Wbem;C:\Windows\System32\WindowsPowerShell\v1.0\;C:\Windows\System32\OpenSSH\;C:\Program Files (x86)\Microsoft SQL Server\100\Tools\Binn\;C:\Program Files (x86)\Microsoft SQL Server\100\DTS\Binn\;C:\Program Files\Git\cmd;C:\Users\Administrator\AppData\Local\Microsoft\WindowsApps;
USERNAME=Administrator
OS=Windows_NT
PROCESSOR_IDENTIFIER=Intel64 Family 6 Model 61 Stepping 4, GenuineIntel



---------------  S Y S T E M  ---------------

OS: Windows 10.0 , 64 bit Build 19041 (10.0.19041.1706)

CPU:total 4 (initial active 4) (2 cores per cpu, 2 threads per core) family 6 model 61 stepping 4, cmov, cx8, fxsr, mmx, sse, sse2, sse3, ssse3, sse4.1, sse4.2, popcnt, avx, avx2, aes, clmul, erms, 3dnowpref, lzcnt, ht, tsc, tscinvbit, bmi1, bmi2, adx

Memory: 4k page, physical 8277140k(1158256k free), swap 10292724k(5240k free)

vm_info: Java HotSpot(TM) 64-Bit Server VM (25.241-b07) for windows-amd64 JRE (1.8.0_241-b07), built on Dec 11 2019 10:21:40 by "rejava" with MS VC++ 10.0 (VS2010)

time: Sun May 29 09:15:32 2022
timezone: SE Asia Standard Time
elapsed time: 1391 seconds (0d 0h 23m 11s)

