JvmtiExport can_access_local_variables 0
JvmtiExport can_hotswap_or_post_breakpoint 0
JvmtiExport can_post_on_exceptions 0
# 209 ciObject found
ciMethod java/lang/Object <init> ()V 4097 1 457966 0 -1
ciMethod java/lang/String replace (CC)Ljava/lang/String; 1025 49145 845 0 -1
ciMethod java/lang/Class getName ()Ljava/lang/String; 2049 1 42578 0 -1
ciMethod java/lang/Class getName0 ()Ljava/lang/String; 2081 1 260 0 -1
ciMethod java/lang/NullPointerException <init> ()V 0 0 1 0 -1
ciMethod java/util/List size ()I 0 0 1 0 -1
ciMethod java/util/List iterator ()Ljava/util/Iterator; 0 0 1 0 -1
ciMethod java/util/List add (Ljava/lang/Object;)Z 0 0 1 0 -1
ciMethod java/util/Iterator hasNext ()Z 0 0 1 0 -1
ciMethod java/util/Iterator next ()Ljava/lang/Object; 0 0 1 0 -1
ciMethod java/io/OutputStream <init> ()V 2049 1 2146 0 -1
ciMethod java/io/OutputStream write (I)V 0 0 1 0 -1
ciMethod java/io/FilterOutputStream <init> (Ljava/io/OutputStream;)V 2049 1 940 0 -1
ciMethodData java/lang/Object <init> ()V 2 457966 orig 264 24 228 70 85 0 0 0 0 128 4 225 18 0 0 0 0 32 1 0 0 0 0 0 0 0 0 0 0 0 0 0 0 0 0 0 0 0 0 0 0 0 0 0 0 0 0 0 0 0 0 0 0 0 0 0 0 0 0 0 0 0 0 0 0 0 0 0 0 0 0 0 0 0 0 0 0 0 0 0 0 77 68 79 32 101 120 116 114 97 32 100 97 116 97 32 108 111 99 107 0 0 0 0 0 0 0 0 0 0 0 0 0 0 0 0 0 0 0 0 0 0 0 0 0 0 0 0 0 0 0 0 0 0 0 0 0 0 0 0 0 0 0 0 0 0 0 0 0 0 0 0 0 0 0 0 0 0 0 0 0 0 0 0 0 0 0 0 0 0 0 0 0 0 0 0 0 0 0 0 0 0 0 0 0 1 0 0 0 0 0 0 0 1 0 0 0 0 0 0 0 1 0 0 0 0 0 0 0 0 0 0 0 0 0 0 0 0 2 0 0 113 215 55 0 1 0 0 0 0 0 0 0 0 0 0 0 2 0 0 0 0 0 3 0 1 0 0 0 0 0 0 0 255 255 255 255 0 0 0 0 0 0 0 0 data 0 oops 0
ciMethod java/io/ByteArrayOutputStream size ()I 1161 1 145 0 -1
ciMethodData java/lang/String replace (CC)Ljava/lang/String; 2 35600 orig 264 24 228 70 85 0 0 0 0 240 94 225 18 0 0 0 0 136 2 0 0 184 0 0 0 0 0 0 0 0 0 0 0 0 0 0 0 0 0 0 0 0 0 0 0 0 0 0 0 0 0 0 0 0 0 0 0 0 0 0 0 0 0 0 0 0 0 0 0 0 0 0 0 0 0 0 0 0 0 0 0 77 68 79 32 101 120 116 114 97 32 100 97 116 97 32 108 111 99 107 0 0 0 0 0 0 0 0 0 0 0 0 0 0 0 0 0 0 0 0 0 0 0 0 0 0 0 0 0 0 0 0 0 0 0 0 0 0 0 0 0 0 0 0 0 0 0 0 0 0 0 0 0 0 0 0 0 0 0 0 0 0 0 0 0 0 0 0 0 0 0 0 0 0 0 0 0 0 0 0 0 0 0 0 0 25 0 0 0 0 0 0 0 0 0 0 0 0 0 0 0 1 0 0 0 0 0 0 0 1 0 0 0 0 0 0 0 255 23 0 0 105 22 0 0 137 152 3 0 0 0 0 0 0 0 0 0 2 0 0 0 3 0 23 0 2 0 0 0 80 1 0 0 255 255 255 255 7 0 2 0 0 0 0 0 data 42 0x20007 0x0 0x150 0x2cd 0x1a0007 0x1e 0x58 0x1c34 0x230007 0x1985 0xffffffffffffffe0 0x2af 0x260003 0x2af 0x18 0x2c0007 0x1e 0xd8 0x2af 0x3b0007 0x2af 0x38 0x9e2 0x4b0003 0x9e2 0xffffffffffffffe0 0x510007 0x2af 0x70 0x4cfb 0x620007 0x44a7 0x38 0x854 0x660003 0x854 0x18 0x6f0003 0x4cfb 0xffffffffffffffa8 0x790002 0x2af